INFO 2024-02-29 09:34:33,429 autoreload 668 Watching for file changes with StatReloader
INFO 2024-02-29 09:45:30,606 autoreload 266 D:\senior_homework\graduation project\my_mall\my_mall\settings.py changed, reloading.
INFO 2024-02-29 09:45:31,784 autoreload 668 Watching for file changes with StatReloader
INFO 2024-02-29 09:47:17,371 autoreload 266 D:\senior_homework\graduation project\my_mall\my_mall\settings.py changed, reloading.
INFO 2024-02-29 09:47:18,294 autoreload 668 Watching for file changes with StatReloader
INFO 2024-02-29 09:57:03,654 autoreload 266 D:\senior_homework\graduation project\my_mall\my_mall\urls.py changed, reloading.
INFO 2024-02-29 09:57:06,118 autoreload 668 Watching for file changes with StatReloader
INFO 2024-02-29 09:58:05,377 autoreload 266 D:\senior_homework\graduation project\my_mall\my_mall\urls.py changed, reloading.
INFO 2024-02-29 09:58:06,272 autoreload 668 Watching for file changes with StatReloader
INFO 2024-02-29 10:00:00,720 autoreload 266 D:\senior_homework\graduation project\my_mall\apps\verifications\views.py changed, reloading.
INFO 2024-02-29 10:00:01,469 autoreload 668 Watching for file changes with StatReloader
INFO 2024-02-29 10:00:33,128 autoreload 266 D:\senior_homework\graduation project\my_mall\my_mall\settings.py changed, reloading.
INFO 2024-02-29 10:00:34,172 autoreload 668 Watching for file changes with StatReloader
INFO 2024-02-29 10:01:02,727 autoreload 266 D:\senior_homework\graduation project\my_mall\my_mall\settings.py changed, reloading.
INFO 2024-02-29 10:01:03,661 autoreload 668 Watching for file changes with StatReloader
INFO 2024-02-29 10:02:37,096 autoreload 266 D:\senior_homework\graduation project\my_mall\apps\verifications\views.py changed, reloading.
INFO 2024-02-29 10:02:38,482 autoreload 668 Watching for file changes with StatReloader
INFO 2024-02-29 10:03:23,447 autoreload 266 D:\senior_homework\graduation project\my_mall\apps\verifications\views.py changed, reloading.
INFO 2024-02-29 10:03:24,696 autoreload 668 Watching for file changes with StatReloader
INFO 2024-02-29 10:03:37,425 autoreload 266 D:\senior_homework\graduation project\my_mall\apps\verifications\views.py changed, reloading.
INFO 2024-02-29 10:03:38,536 autoreload 668 Watching for file changes with StatReloader
INFO 2024-02-29 10:05:40,921 autoreload 266 D:\senior_homework\graduation project\my_mall\apps\verifications\views.py changed, reloading.
INFO 2024-02-29 10:05:42,520 autoreload 668 Watching for file changes with StatReloader
INFO 2024-02-29 10:07:03,410 autoreload 266 D:\senior_homework\graduation project\my_mall\apps\verifications\views.py changed, reloading.
INFO 2024-02-29 10:07:04,242 autoreload 668 Watching for file changes with StatReloader
INFO 2024-02-29 10:07:46,353 autoreload 266 D:\senior_homework\graduation project\my_mall\apps\verifications\views.py changed, reloading.
INFO 2024-02-29 10:07:47,109 autoreload 668 Watching for file changes with StatReloader
INFO 2024-02-29 10:08:23,922 autoreload 266 D:\senior_homework\graduation project\my_mall\apps\verifications\views.py changed, reloading.
INFO 2024-02-29 10:08:24,721 autoreload 668 Watching for file changes with StatReloader
INFO 2024-02-29 10:08:51,008 autoreload 266 D:\senior_homework\graduation project\my_mall\apps\verifications\views.py changed, reloading.
INFO 2024-02-29 10:08:52,142 autoreload 668 Watching for file changes with StatReloader
WARNING 2024-02-29 10:10:04,711 log 241 Not Found: /sms_codes/15736705140
WARNING 2024-02-29 10:10:04,712 basehttp 212 "GET /sms_codes/15736705140 HTTP/1.1" 404 2404
WARNING 2024-02-29 10:10:05,214 log 241 Not Found: /favicon.ico
WARNING 2024-02-29 10:10:05,215 basehttp 212 "GET /favicon.ico HTTP/1.1" 404 2374
INFO 2024-02-29 10:10:56,237 autoreload 266 D:\senior_homework\graduation project\my_mall\apps\verifications\urls.py changed, reloading.
INFO 2024-02-29 10:10:56,958 autoreload 668 Watching for file changes with StatReloader
INFO 2024-02-29 10:10:57,973 basehttp 212 "GET /sms_codes/15736705140 HTTP/1.1" 200 5279
INFO 2024-02-29 10:10:58,404 basehttp 212 "GET /static/rest_framework/css/bootstrap.min.css HTTP/1.1" 200 121457
INFO 2024-02-29 10:10:58,413 basehttp 212 "GET /static/rest_framework/css/default.css HTTP/1.1" 200 1152
INFO 2024-02-29 10:10:58,422 basehttp 212 "GET /static/rest_framework/css/prettify.css HTTP/1.1" 200 817
INFO 2024-02-29 10:10:58,425 basehttp 212 "GET /static/rest_framework/css/bootstrap-tweaks.css HTTP/1.1" 200 3385
INFO 2024-02-29 10:10:58,443 basehttp 212 "GET /static/rest_framework/js/csrf.js HTTP/1.1" 200 1719
INFO 2024-02-29 10:10:58,452 basehttp 212 "GET /static/rest_framework/js/default.js HTTP/1.1" 200 1268
INFO 2024-02-29 10:10:58,462 basehttp 212 "GET /static/rest_framework/js/ajax-form.js HTTP/1.1" 200 3597
INFO 2024-02-29 10:10:58,467 basehttp 212 "GET /static/rest_framework/img/grid.png HTTP/1.1" 200 1458
INFO 2024-02-29 10:10:58,470 basehttp 212 "GET /static/rest_framework/js/prettify-min.js HTTP/1.1" 200 13632
INFO 2024-02-29 10:10:58,475 basehttp 212 "GET /static/rest_framework/js/bootstrap.min.js HTTP/1.1" 200 39680
INFO 2024-02-29 10:10:58,498 basehttp 212 "GET /static/rest_framework/js/jquery-3.5.1.min.js HTTP/1.1" 200 89476
INFO 2024-02-29 10:11:44,246 autoreload 266 D:\senior_homework\graduation project\my_mall\apps\verifications\views.py changed, reloading.
INFO 2024-02-29 10:11:45,169 autoreload 668 Watching for file changes with StatReloader
INFO 2024-02-29 10:11:49,634 autoreload 668 Watching for file changes with StatReloader
INFO 2024-02-29 10:11:53,939 views 27 836319
INFO 2024-02-29 10:11:54,351 basehttp 212 "GET /sms_codes/15736705140 HTTP/1.1" 200 5279
INFO 2024-02-29 10:17:24,585 autoreload 266 D:\senior_homework\graduation project\my_mall\apps\verifications\views.py changed, reloading.
INFO 2024-02-29 10:17:25,717 autoreload 668 Watching for file changes with StatReloader
INFO 2024-02-29 10:18:20,389 autoreload 266 D:\senior_homework\graduation project\my_mall\apps\verifications\views.py changed, reloading.
INFO 2024-02-29 10:18:22,392 autoreload 668 Watching for file changes with StatReloader
INFO 2024-02-29 10:19:05,342 autoreload 266 D:\senior_homework\graduation project\my_mall\apps\verifications\views.py changed, reloading.
INFO 2024-02-29 10:19:06,268 autoreload 668 Watching for file changes with StatReloader
INFO 2024-02-29 10:21:14,983 autoreload 266 D:\senior_homework\graduation project\my_mall\apps\verifications\views.py changed, reloading.
INFO 2024-02-29 10:21:16,989 autoreload 668 Watching for file changes with StatReloader
INFO 2024-02-29 10:24:13,762 autoreload 266 D:\senior_homework\graduation project\my_mall\apps\verifications\views.py changed, reloading.
INFO 2024-02-29 10:24:15,379 autoreload 668 Watching for file changes with StatReloader
INFO 2024-02-29 10:24:49,376 autoreload 668 Watching for file changes with StatReloader
WARNING 2024-02-29 10:24:54,111 log 241 Not Found: /mobiles/18866666666/count/
WARNING 2024-02-29 10:24:54,112 basehttp 212 "GET /mobiles/18866666666/count/ HTTP/1.1" 404 2440
WARNING 2024-02-29 10:24:54,183 log 241 Not Found: /mobiles/18866666666/count/
WARNING 2024-02-29 10:24:54,184 log 241 Not Found: /sms_codes/18866666666/
WARNING 2024-02-29 10:24:54,184 basehttp 212 "GET /mobiles/18866666666/count/ HTTP/1.1" 404 2440
WARNING 2024-02-29 10:24:54,185 basehttp 212 "GET /sms_codes/18866666666/ HTTP/1.1" 404 2428
WARNING 2024-02-29 10:24:58,874 log 241 Not Found: /mobiles/18866666666/count/
WARNING 2024-02-29 10:24:58,875 basehttp 212 "GET /mobiles/18866666666/count/ HTTP/1.1" 404 2440
WARNING 2024-02-29 10:24:58,981 log 241 Not Found: /mobiles/18866666666/count/
WARNING 2024-02-29 10:24:58,982 log 241 Not Found: /sms_codes/18866666666/
WARNING 2024-02-29 10:24:58,983 basehttp 212 "GET /mobiles/18866666666/count/ HTTP/1.1" 404 2440
WARNING 2024-02-29 10:24:58,984 basehttp 212 "GET /sms_codes/18866666666/ HTTP/1.1" 404 2428
INFO 2024-02-29 10:32:36,044 autoreload 266 D:\senior_homework\graduation project\my_mall\apps\verifications\views.py changed, reloading.
INFO 2024-02-29 10:32:37,947 autoreload 668 Watching for file changes with StatReloader
INFO 2024-02-29 10:33:19,023 autoreload 266 D:\senior_homework\graduation project\my_mall\apps\verifications\views.py changed, reloading.
INFO 2024-02-29 10:33:20,106 autoreload 668 Watching for file changes with StatReloader
INFO 2024-02-29 10:33:45,888 autoreload 266 D:\senior_homework\graduation project\my_mall\apps\verifications\views.py changed, reloading.
INFO 2024-02-29 10:33:46,867 autoreload 668 Watching for file changes with StatReloader
INFO 2024-02-29 10:33:56,880 autoreload 266 D:\senior_homework\graduation project\my_mall\apps\verifications\views.py changed, reloading.
INFO 2024-02-29 10:33:58,117 autoreload 668 Watching for file changes with StatReloader
INFO 2024-02-29 10:34:17,486 autoreload 266 D:\senior_homework\graduation project\my_mall\apps\verifications\views.py changed, reloading.
INFO 2024-02-29 10:34:18,389 autoreload 668 Watching for file changes with StatReloader
INFO 2024-02-29 10:35:02,182 autoreload 668 Watching for file changes with StatReloader
INFO 2024-02-29 10:35:17,780 autoreload 668 Watching for file changes with StatReloader
INFO 2024-02-29 10:35:20,046 views 25 396083
INFO 2024-02-29 10:35:20,511 basehttp 212 "GET /sms_codes/15736705140 HTTP/1.1" 200 5279
WARNING 2024-02-29 10:35:23,137 log 241 Bad Request: /sms_codes/15736705140
WARNING 2024-02-29 10:35:23,138 basehttp 212 "GET /sms_codes/15736705140 HTTP/1.1" 400 5310
INFO 2024-02-29 10:41:25,656 autoreload 266 D:\senior_homework\graduation project\my_mall\apps\verifications\views.py changed, reloading.
INFO 2024-02-29 10:41:26,444 autoreload 668 Watching for file changes with StatReloader
INFO 2024-02-29 10:42:13,016 autoreload 266 D:\senior_homework\graduation project\my_mall\apps\verifications\views.py changed, reloading.
INFO 2024-02-29 10:42:14,329 autoreload 668 Watching for file changes with StatReloader
INFO 2024-02-29 10:43:40,429 autoreload 266 D:\senior_homework\graduation project\my_mall\apps\verifications\views.py changed, reloading.
INFO 2024-02-29 10:43:41,785 autoreload 668 Watching for file changes with StatReloader
INFO 2024-02-29 11:14:37,632 autoreload 668 Watching for file changes with StatReloader
INFO 2024-02-29 11:15:04,480 autoreload 668 Watching for file changes with StatReloader
INFO 2024-02-29 11:15:52,555 autoreload 668 Watching for file changes with StatReloader
INFO 2024-02-29 11:22:59,151 autoreload 266 D:\senior_homework\graduation project\my_mall\apps\verifications\views.py changed, reloading.
INFO 2024-02-29 11:23:00,370 autoreload 668 Watching for file changes with StatReloader
INFO 2024-02-29 11:26:40,595 autoreload 266 D:\senior_homework\graduation project\my_mall\apps\verifications\views.py changed, reloading.
INFO 2024-02-29 11:26:41,707 autoreload 668 Watching for file changes with StatReloader
INFO 2024-02-29 11:28:58,761 autoreload 266 D:\senior_homework\graduation project\my_mall\apps\verifications\views.py changed, reloading.
INFO 2024-02-29 11:28:59,682 autoreload 668 Watching for file changes with StatReloader
INFO 2024-02-29 11:29:23,678 autoreload 668 Watching for file changes with StatReloader
INFO 2024-02-29 11:33:35,895 autoreload 668 Watching for file changes with StatReloader
INFO 2024-02-29 11:35:32,498 autoreload 668 Watching for file changes with StatReloader
INFO 2024-02-29 11:36:17,795 autoreload 266 D:\senior_homework\graduation project\my_mall\celery_tasks\sms\tasks.py changed, reloading.
INFO 2024-02-29 11:36:18,462 autoreload 668 Watching for file changes with StatReloader
INFO 2024-02-29 11:37:20,763 autoreload 668 Watching for file changes with StatReloader
INFO 2024-02-29 11:37:59,488 autoreload 266 D:\senior_homework\graduation project\my_mall\celery_tasks\sms\tasks.py changed, reloading.
INFO 2024-02-29 11:38:00,157 autoreload 668 Watching for file changes with StatReloader
INFO 2024-02-29 11:38:05,617 autoreload 668 Watching for file changes with StatReloader
INFO 2024-02-29 11:38:23,068 autoreload 668 Watching for file changes with StatReloader
INFO 2024-02-29 11:39:38,810 autoreload 266 D:\senior_homework\graduation project\my_mall\my_mall\settings.py changed, reloading.
INFO 2024-02-29 11:39:39,404 autoreload 668 Watching for file changes with StatReloader
INFO 2024-02-29 11:44:17,009 autoreload 668 Watching for file changes with StatReloader
INFO 2024-02-29 11:44:41,111 autoreload 668 Watching for file changes with StatReloader
INFO 2024-02-29 11:44:44,212 autoreload 266 D:\senior_homework\graduation project\my_mall\my_mall\settings.py changed, reloading.
INFO 2024-02-29 11:44:44,987 autoreload 668 Watching for file changes with StatReloader
INFO 2024-02-29 11:45:23,445 views 25 537083
INFO 2024-02-29 11:45:23,507 basehttp 212 "GET /sms_codes/15736705140 HTTP/1.1" 200 5279
INFO 2024-02-29 11:49:23,367 autoreload 266 D:\senior_homework\graduation project\my_mall\celery_tasks\main.py changed, reloading.
INFO 2024-02-29 11:49:26,411 autoreload 668 Watching for file changes with StatReloader
INFO 2024-02-29 11:53:45,340 views 25 196619
INFO 2024-02-29 11:53:45,426 basehttp 212 "GET /sms_codes/15736705140 HTTP/1.1" 200 5279
INFO 2024-02-29 11:54:19,166 autoreload 266 D:\senior_homework\graduation project\my_mall\celery_tasks\main.py changed, reloading.
INFO 2024-02-29 11:54:20,191 autoreload 668 Watching for file changes with StatReloader
INFO 2024-02-29 11:57:36,730 autoreload 266 D:\senior_homework\graduation project\my_mall\apps\users\views.py changed, reloading.
INFO 2024-02-29 11:57:37,764 autoreload 668 Watching for file changes with StatReloader
INFO 2024-02-29 11:58:03,424 autoreload 266 D:\senior_homework\graduation project\my_mall\apps\users\views.py changed, reloading.
INFO 2024-02-29 11:58:04,802 autoreload 668 Watching for file changes with StatReloader
INFO 2024-02-29 13:09:41,762 autoreload 266 D:\senior_homework\graduation project\my_mall\my_mall\urls.py changed, reloading.
INFO 2024-02-29 13:09:44,224 autoreload 668 Watching for file changes with StatReloader
INFO 2024-02-29 13:09:51,946 basehttp 212 "GET /usernames/test12/count/ HTTP/1.1" 200 31
INFO 2024-02-29 13:10:14,218 basehttp 212 "GET /mobiles/18866666666/count/ HTTP/1.1" 200 34
INFO 2024-02-29 13:10:15,183 basehttp 212 "GET /mobiles/18866666666/count/ HTTP/1.1" 200 34
WARNING 2024-02-29 13:10:15,336 log 241 Not Found: /sms_codes/18866666666/
WARNING 2024-02-29 13:10:15,337 basehttp 212 "GET /sms_codes/18866666666/ HTTP/1.1" 404 2847
WARNING 2024-02-29 13:11:39,260 log 241 Not Found: /sms_codes/18866666666/
WARNING 2024-02-29 13:11:39,261 basehttp 212 "GET /sms_codes/18866666666/ HTTP/1.1" 404 2847
INFO 2024-02-29 13:11:39,267 basehttp 212 "GET /mobiles/18866666666/count/ HTTP/1.1" 200 34
INFO 2024-02-29 13:12:11,292 basehttp 212 "GET /mobiles/18866666666/count/ HTTP/1.1" 200 34
INFO 2024-02-29 13:12:11,292 basehttp 212 "GET /usernames/test12/count/ HTTP/1.1" 200 31
INFO 2024-02-29 13:12:11,803 autoreload 266 D:\senior_homework\graduation project\my_mall\apps\verifications\urls.py changed, reloading.
INFO 2024-02-29 13:12:12,533 autoreload 668 Watching for file changes with StatReloader
INFO 2024-02-29 13:12:21,565 autoreload 668 Watching for file changes with StatReloader
INFO 2024-02-29 13:12:27,787 basehttp 212 "GET /mobiles/18866666666/count/ HTTP/1.1" 200 34
INFO 2024-02-29 13:12:27,787 basehttp 212 "GET /usernames/test12/count/ HTTP/1.1" 200 31
INFO 2024-02-29 13:12:44,864 basehttp 212 "GET /mobiles/18866666666/count/ HTTP/1.1" 200 34
INFO 2024-02-29 13:12:44,867 views 25 674445
INFO 2024-02-29 13:12:44,917 basehttp 212 "GET /sms_codes/18866666666/ HTTP/1.1" 200 16
INFO 2024-02-29 13:13:09,297 basehttp 212 "OPTIONS /users/ HTTP/1.1" 200 0
INFO 2024-02-29 13:13:09,302 basehttp 212 "GET /usernames/test12/count/ HTTP/1.1" 200 31
INFO 2024-02-29 13:13:09,306 basehttp 212 "GET /mobiles/18866666666/count/ HTTP/1.1" 200 34
INFO 2024-02-29 13:13:09,907 basehttp 212 "POST /users/ HTTP/1.1" 201 51
INFO 2024-02-29 13:14:07,304 basehttp 212 "GET /usernames/test12/count/ HTTP/1.1" 200 31
INFO 2024-02-29 13:14:11,951 basehttp 212 "GET /mobiles/18866666666/count/ HTTP/1.1" 200 34
INFO 2024-02-29 13:34:18,468 autoreload 266 D:\senior_homework\graduation project\my_mall\apps\users\serializer.py changed, reloading.
INFO 2024-02-29 13:34:19,726 autoreload 668 Watching for file changes with StatReloader
INFO 2024-02-29 13:41:08,516 autoreload 266 D:\senior_homework\graduation project\my_mall\apps\users\serializer.py changed, reloading.
INFO 2024-02-29 13:41:09,780 autoreload 668 Watching for file changes with StatReloader
INFO 2024-02-29 13:42:56,735 autoreload 266 D:\senior_homework\graduation project\my_mall\my_mall\settings.py changed, reloading.
INFO 2024-02-29 13:42:57,634 autoreload 668 Watching for file changes with StatReloader
INFO 2024-02-29 13:44:08,909 autoreload 266 D:\senior_homework\graduation project\my_mall\apps\users\serializer.py changed, reloading.
INFO 2024-02-29 13:44:10,805 autoreload 668 Watching for file changes with StatReloader
INFO 2024-02-29 13:44:15,171 autoreload 266 D:\senior_homework\graduation project\my_mall\apps\users\serializer.py changed, reloading.
INFO 2024-02-29 13:44:18,238 autoreload 668 Watching for file changes with StatReloader
INFO 2024-02-29 13:45:30,281 autoreload 266 D:\senior_homework\graduation project\my_mall\apps\users\serializer.py changed, reloading.
INFO 2024-02-29 13:45:31,364 autoreload 668 Watching for file changes with StatReloader
INFO 2024-02-29 13:51:43,153 autoreload 668 Watching for file changes with StatReloader
INFO 2024-02-29 13:52:35,885 autoreload 266 D:\senior_homework\graduation project\my_mall\apps\users\serializer.py changed, reloading.
INFO 2024-02-29 13:52:36,942 autoreload 668 Watching for file changes with StatReloader
INFO 2024-02-29 14:08:43,659 basehttp 212 "GET /usernames/test1/count/ HTTP/1.1" 200 30
INFO 2024-02-29 14:08:59,706 basehttp 212 "GET /mobiles/18866666667/count/ HTTP/1.1" 200 34
INFO 2024-02-29 14:09:02,303 views 25 933670
INFO 2024-02-29 14:09:02,310 basehttp 212 "GET /mobiles/18866666667/count/ HTTP/1.1" 200 34
INFO 2024-02-29 14:09:02,646 basehttp 212 "GET /sms_codes/18866666667/ HTTP/1.1" 200 16
INFO 2024-02-29 14:09:30,290 basehttp 212 "GET /mobiles/18866666667/count/ HTTP/1.1" 200 34
INFO 2024-02-29 14:09:30,290 basehttp 212 "GET /usernames/test1/count/ HTTP/1.1" 200 30
INFO 2024-02-29 14:09:30,904 basehttp 212 "POST /users/ HTTP/1.1" 201 225
INFO 2024-02-29 14:18:17,331 autoreload 266 D:\senior_homework\graduation project\my_mall\apps\users\serializer.py changed, reloading.
INFO 2024-02-29 14:18:20,672 autoreload 668 Watching for file changes with StatReloader
INFO 2024-02-29 14:18:39,370 autoreload 266 D:\senior_homework\graduation project\my_mall\apps\users\serializer.py changed, reloading.
INFO 2024-02-29 14:18:40,272 autoreload 668 Watching for file changes with StatReloader
INFO 2024-02-29 14:19:04,754 autoreload 266 D:\senior_homework\graduation project\my_mall\apps\users\serializer.py changed, reloading.
INFO 2024-02-29 14:19:06,165 autoreload 668 Watching for file changes with StatReloader
INFO 2024-02-29 14:21:48,753 autoreload 266 D:\senior_homework\graduation project\my_mall\apps\users\urls.py changed, reloading.
INFO 2024-02-29 14:21:50,908 autoreload 668 Watching for file changes with StatReloader
INFO 2024-02-29 14:22:43,827 autoreload 266 D:\senior_homework\graduation project\my_mall\apps\users\urls.py changed, reloading.
INFO 2024-02-29 14:22:45,224 autoreload 668 Watching for file changes with StatReloader
INFO 2024-02-29 14:23:09,483 basehttp 212 "OPTIONS /user/ HTTP/1.1" 200 0
WARNING 2024-02-29 14:23:09,527 log 241 Not Found: /user/
WARNING 2024-02-29 14:23:09,528 basehttp 212 "GET /user/ HTTP/1.1" 404 2959
INFO 2024-02-29 14:25:49,001 basehttp 212 "OPTIONS /authorizations/ HTTP/1.1" 200 0
INFO 2024-02-29 14:25:49,530 basehttp 212 "POST /authorizations/ HTTP/1.1" 200 173
INFO 2024-02-29 14:48:06,752 autoreload 266 D:\senior_homework\graduation project\my_mall\my_mall\settings.py changed, reloading.
INFO 2024-02-29 14:57:56,518 autoreload 668 Watching for file changes with StatReloader
INFO 2024-02-29 14:58:10,911 autoreload 668 Watching for file changes with StatReloader
INFO 2024-02-29 14:58:23,820 autoreload 266 D:\senior_homework\graduation project\my_mall\my_mall\settings.py changed, reloading.
INFO 2024-02-29 14:58:24,826 autoreload 668 Watching for file changes with StatReloader
INFO 2024-02-29 14:59:19,904 autoreload 266 D:\senior_homework\graduation project\my_mall\my_mall\settings.py changed, reloading.
INFO 2024-02-29 14:59:20,977 autoreload 668 Watching for file changes with StatReloader
INFO 2024-02-29 15:00:00,134 basehttp 212 "POST /authorizations/ HTTP/1.1" 200 204
INFO 2024-02-29 15:23:54,258 autoreload 266 D:\senior_homework\graduation project\my_mall\apps\users\utils.py changed, reloading.
INFO 2024-02-29 15:23:55,247 autoreload 668 Watching for file changes with StatReloader
INFO 2024-02-29 15:27:56,299 autoreload 266 D:\senior_homework\graduation project\my_mall\apps\users\utils.py changed, reloading.
INFO 2024-02-29 15:27:57,070 autoreload 668 Watching for file changes with StatReloader
INFO 2024-02-29 15:29:46,930 autoreload 266 D:\senior_homework\graduation project\my_mall\apps\users\utils.py changed, reloading.
INFO 2024-02-29 15:29:47,929 autoreload 668 Watching for file changes with StatReloader
INFO 2024-02-29 15:30:36,565 autoreload 266 D:\senior_homework\graduation project\my_mall\apps\users\utils.py changed, reloading.
INFO 2024-02-29 15:30:37,331 autoreload 668 Watching for file changes with StatReloader
INFO 2024-02-29 15:32:20,552 autoreload 266 D:\senior_homework\graduation project\my_mall\apps\users\utils.py changed, reloading.
INFO 2024-02-29 15:32:21,458 autoreload 668 Watching for file changes with StatReloader
INFO 2024-02-29 15:37:13,893 autoreload 266 D:\senior_homework\graduation project\my_mall\apps\users\utils.py changed, reloading.
INFO 2024-02-29 15:37:15,357 autoreload 668 Watching for file changes with StatReloader
INFO 2024-02-29 15:38:07,223 autoreload 266 D:\senior_homework\graduation project\my_mall\apps\users\utils.py changed, reloading.
INFO 2024-02-29 15:38:08,546 autoreload 668 Watching for file changes with StatReloader
INFO 2024-02-29 15:39:40,566 autoreload 266 D:\senior_homework\graduation project\my_mall\apps\users\utils.py changed, reloading.
INFO 2024-02-29 15:39:42,165 autoreload 668 Watching for file changes with StatReloader
INFO 2024-02-29 15:40:03,657 autoreload 266 D:\senior_homework\graduation project\my_mall\apps\users\utils.py changed, reloading.
INFO 2024-02-29 15:40:05,080 autoreload 668 Watching for file changes with StatReloader
INFO 2024-02-29 15:41:02,343 autoreload 266 D:\senior_homework\graduation project\my_mall\apps\users\utils.py changed, reloading.
INFO 2024-02-29 15:41:03,057 autoreload 668 Watching for file changes with StatReloader
INFO 2024-02-29 15:41:55,450 autoreload 266 D:\senior_homework\graduation project\my_mall\my_mall\settings.py changed, reloading.
INFO 2024-02-29 15:41:56,396 autoreload 668 Watching for file changes with StatReloader
INFO 2024-02-29 16:02:04,029 autoreload 266 D:\senior_homework\graduation project\my_mall\apps\users\models.py changed, reloading.
INFO 2024-02-29 16:02:05,145 autoreload 668 Watching for file changes with StatReloader
INFO 2024-02-29 16:02:32,907 autoreload 266 D:\senior_homework\graduation project\my_mall\apps\users\models.py changed, reloading.
INFO 2024-02-29 16:02:33,966 autoreload 668 Watching for file changes with StatReloader
INFO 2024-02-29 16:03:26,749 autoreload 266 D:\senior_homework\graduation project\my_mall\apps\users\models.py changed, reloading.
INFO 2024-02-29 16:03:27,703 autoreload 668 Watching for file changes with StatReloader
INFO 2024-02-29 16:03:44,925 autoreload 266 D:\senior_homework\graduation project\my_mall\apps\users\models.py changed, reloading.
INFO 2024-02-29 16:03:46,096 autoreload 668 Watching for file changes with StatReloader
INFO 2024-02-29 16:04:08,659 autoreload 266 D:\senior_homework\graduation project\my_mall\apps\users\models.py changed, reloading.
INFO 2024-02-29 16:04:09,612 autoreload 668 Watching for file changes with StatReloader
INFO 2024-02-29 16:04:24,373 autoreload 266 D:\senior_homework\graduation project\my_mall\apps\users\models.py changed, reloading.
INFO 2024-02-29 16:04:25,604 autoreload 668 Watching for file changes with StatReloader
INFO 2024-02-29 16:06:39,365 autoreload 266 D:\senior_homework\graduation project\my_mall\apps\users\views.py changed, reloading.
INFO 2024-02-29 16:06:41,012 autoreload 668 Watching for file changes with StatReloader
INFO 2024-02-29 16:07:22,624 autoreload 266 D:\senior_homework\graduation project\my_mall\apps\users\views.py changed, reloading.
INFO 2024-02-29 16:07:24,213 autoreload 668 Watching for file changes with StatReloader
INFO 2024-02-29 16:07:59,537 autoreload 266 D:\senior_homework\graduation project\my_mall\apps\users\views.py changed, reloading.
INFO 2024-02-29 16:08:00,495 autoreload 668 Watching for file changes with StatReloader
INFO 2024-02-29 16:12:11,978 autoreload 266 D:\senior_homework\graduation project\my_mall\apps\users\views.py changed, reloading.
INFO 2024-02-29 16:12:13,410 autoreload 668 Watching for file changes with StatReloader
INFO 2024-02-29 16:12:36,805 autoreload 266 D:\senior_homework\graduation project\my_mall\apps\users\views.py changed, reloading.
INFO 2024-02-29 16:12:37,857 autoreload 668 Watching for file changes with StatReloader
INFO 2024-02-29 16:13:34,393 autoreload 266 D:\senior_homework\graduation project\my_mall\apps\users\views.py changed, reloading.
INFO 2024-02-29 16:13:35,522 autoreload 668 Watching for file changes with StatReloader
INFO 2024-02-29 16:14:27,527 autoreload 266 D:\senior_homework\graduation project\my_mall\apps\users\views.py changed, reloading.
INFO 2024-02-29 16:14:28,612 autoreload 668 Watching for file changes with StatReloader
INFO 2024-02-29 16:22:05,130 autoreload 266 D:\senior_homework\graduation project\my_mall\apps\users\serializer.py changed, reloading.
INFO 2024-02-29 16:22:06,204 autoreload 668 Watching for file changes with StatReloader
INFO 2024-02-29 16:22:47,097 autoreload 266 D:\senior_homework\graduation project\my_mall\apps\users\views.py changed, reloading.
INFO 2024-02-29 16:22:47,944 autoreload 668 Watching for file changes with StatReloader
INFO 2024-02-29 16:23:31,651 autoreload 266 D:\senior_homework\graduation project\my_mall\apps\users\views.py changed, reloading.
INFO 2024-02-29 16:23:33,528 autoreload 668 Watching for file changes with StatReloader
INFO 2024-02-29 16:24:02,714 autoreload 266 D:\senior_homework\graduation project\my_mall\apps\users\urls.py changed, reloading.
INFO 2024-02-29 16:24:03,789 autoreload 668 Watching for file changes with StatReloader
INFO 2024-02-29 16:24:44,190 autoreload 266 D:\senior_homework\graduation project\my_mall\apps\users\urls.py changed, reloading.
INFO 2024-02-29 16:24:45,243 autoreload 668 Watching for file changes with StatReloader
INFO 2024-02-29 16:28:53,642 autoreload 266 D:\senior_homework\graduation project\my_mall\my_mall\settings.py changed, reloading.
INFO 2024-02-29 16:28:54,537 autoreload 668 Watching for file changes with StatReloader
INFO 2024-02-29 16:31:01,136 basehttp 212 "OPTIONS /user/ HTTP/1.1" 200 0
ERROR 2024-02-29 16:31:01,469 log 241 Internal Server Error: /user/
Traceback (most recent call last):
  File "D:\python_worksation\venv\Lib\site-packages\rest_framework\views.py", line 506, in dispatch
    response = handler(request, *args, **kwargs)
               ^^^^^^^^^^^^^^^^^^^^^^^^^^^^^^^^^
  File "D:\python_worksation\venv\Lib\site-packages\rest_framework\generics.py", line 208, in get
    return self.retrieve(request, *args, **kwargs)
           ^^^^^^^^^^^^^^^^^^^^^^^^^^^^^^^^^^^^^^^
  File "D:\python_worksation\venv\Lib\site-packages\rest_framework\mixins.py", line 56, in retrieve
    return Response(serializer.data)
                    ^^^^^^^^^^^^^^^
  File "D:\python_worksation\venv\Lib\site-packages\rest_framework\serializers.py", line 555, in data
    ret = super().data
          ^^^^^^^^^^^^
  File "D:\python_worksation\venv\Lib\site-packages\rest_framework\serializers.py", line 253, in data
    self._data = self.to_representation(self.instance)
                 ^^^^^^^^^^^^^^^^^^^^^^^^^^^^^^^^^^^^^
  File "D:\python_worksation\venv\Lib\site-packages\rest_framework\serializers.py", line 507, in to_representation
    for field in fields:
  File "D:\python_worksation\venv\Lib\site-packages\rest_framework\serializers.py", line 368, in _readable_fields
    for field in self.fields.values():
                 ^^^^^^^^^^^
  File "D:\python_worksation\venv\Lib\site-packages\django\utils\functional.py", line 57, in __get__
    res = instance.__dict__[self.name] = self.func(instance)
                                         ^^^^^^^^^^^^^^^^^^^
  File "D:\python_worksation\venv\Lib\site-packages\rest_framework\serializers.py", line 356, in fields
    for key, value in self.get_fields().items():
                      ^^^^^^^^^^^^^^^^^
  File "D:\python_worksation\venv\Lib\site-packages\rest_framework\serializers.py", line 1076, in get_fields
    field_class, field_kwargs = self.build_field(
                                ^^^^^^^^^^^^^^^^^
  File "D:\python_worksation\venv\Lib\site-packages\rest_framework\serializers.py", line 1222, in build_field
    return self.build_unknown_field(field_name, model_class)
           ^^^^^^^^^^^^^^^^^^^^^^^^^^^^^^^^^^^^^^^^^^^^^^^^^
  File "D:\python_worksation\venv\Lib\site-packages\rest_framework\serializers.py", line 1340, in build_unknown_field
    raise ImproperlyConfigured(
django.core.exceptions.ImproperlyConfigured: Field name `email_active` is not valid for model `User`.

During handling of the above exception, another exception occurred:

Traceback (most recent call last):
  File "D:\python_worksation\venv\Lib\site-packages\rest_framework\settings.py", line 177, in import_from_string
    return import_string(val)
           ^^^^^^^^^^^^^^^^^^
  File "D:\python_worksation\venv\Lib\site-packages\django\utils\module_loading.py", line 30, in import_string
    return cached_import(module_path, class_name)
           ^^^^^^^^^^^^^^^^^^^^^^^^^^^^^^^^^^^^^^
  File "D:\python_worksation\venv\Lib\site-packages\django\utils\module_loading.py", line 15, in cached_import
    module = import_module(module_path)
             ^^^^^^^^^^^^^^^^^^^^^^^^^^
  File "C:\Users\31952\AppData\Local\Programs\Python\Python311\Lib\importlib\__init__.py", line 126, in import_module
    return _bootstrap._gcd_import(name[level:], package, level)
           ^^^^^^^^^^^^^^^^^^^^^^^^^^^^^^^^^^^^^^^^^^^^^^^^^^^^
  File "<frozen importlib._bootstrap>", line 1204, in _gcd_import
  File "<frozen importlib._bootstrap>", line 1176, in _find_and_load
  File "<frozen importlib._bootstrap>", line 1126, in _find_and_load_unlocked
  File "<frozen importlib._bootstrap>", line 241, in _call_with_frames_removed
  File "<frozen importlib._bootstrap>", line 1204, in _gcd_import
  File "<frozen importlib._bootstrap>", line 1176, in _find_and_load
  File "<frozen importlib._bootstrap>", line 1140, in _find_and_load_unlocked
ModuleNotFoundError: No module named 'my_mall.utils'

During handling of the above exception, another exception occurred:

Traceback (most recent call last):
  File "D:\python_worksation\venv\Lib\site-packages\django\core\handlers\exception.py", line 55, in inner
    response = get_response(request)
               ^^^^^^^^^^^^^^^^^^^^^
  File "D:\python_worksation\venv\Lib\site-packages\django\core\handlers\base.py", line 197, in _get_response
    response = wrapped_callback(request, *callback_args, **callback_kwargs)
               ^^^^^^^^^^^^^^^^^^^^^^^^^^^^^^^^^^^^^^^^^^^^^^^^^^^^^^^^^^^^
  File "D:\python_worksation\venv\Lib\site-packages\django\views\decorators\csrf.py", line 56, in wrapper_view
    return view_func(*args, **kwargs)
           ^^^^^^^^^^^^^^^^^^^^^^^^^^
  File "D:\python_worksation\venv\Lib\site-packages\django\views\generic\base.py", line 104, in view
    return self.dispatch(request, *args, **kwargs)
           ^^^^^^^^^^^^^^^^^^^^^^^^^^^^^^^^^^^^^^^
  File "D:\python_worksation\venv\Lib\site-packages\rest_framework\views.py", line 509, in dispatch
    response = self.handle_exception(exc)
               ^^^^^^^^^^^^^^^^^^^^^^^^^^
  File "D:\python_worksation\venv\Lib\site-packages\rest_framework\views.py", line 463, in handle_exception
    exception_handler = self.get_exception_handler()
                        ^^^^^^^^^^^^^^^^^^^^^^^^^^^^
  File "D:\python_worksation\venv\Lib\site-packages\rest_framework\views.py", line 298, in get_exception_handler
    return self.settings.EXCEPTION_HANDLER
           ^^^^^^^^^^^^^^^^^^^^^^^^^^^^^^^
  File "D:\python_worksation\venv\Lib\site-packages\rest_framework\settings.py", line 225, in __getattr__
    val = perform_import(val, attr)
          ^^^^^^^^^^^^^^^^^^^^^^^^^
  File "D:\python_worksation\venv\Lib\site-packages\rest_framework\settings.py", line 166, in perform_import
    return import_from_string(val, setting_name)
           ^^^^^^^^^^^^^^^^^^^^^^^^^^^^^^^^^^^^^
  File "D:\python_worksation\venv\Lib\site-packages\rest_framework\settings.py", line 180, in import_from_string
    raise ImportError(msg)
ImportError: Could not import 'my_mall.utils.exceptions.exception handler' for API setting 'EXCEPTION_HANDLER'. ModuleNotFoundError: No module named 'my_mall.utils'.
ERROR 2024-02-29 16:31:01,479 basehttp 212 "GET /user/ HTTP/1.1" 500 188665
ERROR 2024-02-29 16:31:04,550 log 241 Internal Server Error: /user/
Traceback (most recent call last):
  File "D:\python_worksation\venv\Lib\site-packages\rest_framework\views.py", line 506, in dispatch
    response = handler(request, *args, **kwargs)
               ^^^^^^^^^^^^^^^^^^^^^^^^^^^^^^^^^
  File "D:\python_worksation\venv\Lib\site-packages\rest_framework\generics.py", line 208, in get
    return self.retrieve(request, *args, **kwargs)
           ^^^^^^^^^^^^^^^^^^^^^^^^^^^^^^^^^^^^^^^
  File "D:\python_worksation\venv\Lib\site-packages\rest_framework\mixins.py", line 56, in retrieve
    return Response(serializer.data)
                    ^^^^^^^^^^^^^^^
  File "D:\python_worksation\venv\Lib\site-packages\rest_framework\serializers.py", line 555, in data
    ret = super().data
          ^^^^^^^^^^^^
  File "D:\python_worksation\venv\Lib\site-packages\rest_framework\serializers.py", line 253, in data
    self._data = self.to_representation(self.instance)
                 ^^^^^^^^^^^^^^^^^^^^^^^^^^^^^^^^^^^^^
  File "D:\python_worksation\venv\Lib\site-packages\rest_framework\serializers.py", line 507, in to_representation
    for field in fields:
  File "D:\python_worksation\venv\Lib\site-packages\rest_framework\serializers.py", line 368, in _readable_fields
    for field in self.fields.values():
                 ^^^^^^^^^^^
  File "D:\python_worksation\venv\Lib\site-packages\django\utils\functional.py", line 57, in __get__
    res = instance.__dict__[self.name] = self.func(instance)
                                         ^^^^^^^^^^^^^^^^^^^
  File "D:\python_worksation\venv\Lib\site-packages\rest_framework\serializers.py", line 356, in fields
    for key, value in self.get_fields().items():
                      ^^^^^^^^^^^^^^^^^
  File "D:\python_worksation\venv\Lib\site-packages\rest_framework\serializers.py", line 1076, in get_fields
    field_class, field_kwargs = self.build_field(
                                ^^^^^^^^^^^^^^^^^
  File "D:\python_worksation\venv\Lib\site-packages\rest_framework\serializers.py", line 1222, in build_field
    return self.build_unknown_field(field_name, model_class)
           ^^^^^^^^^^^^^^^^^^^^^^^^^^^^^^^^^^^^^^^^^^^^^^^^^
  File "D:\python_worksation\venv\Lib\site-packages\rest_framework\serializers.py", line 1340, in build_unknown_field
    raise ImproperlyConfigured(
django.core.exceptions.ImproperlyConfigured: Field name `email_active` is not valid for model `User`.

During handling of the above exception, another exception occurred:

Traceback (most recent call last):
  File "D:\python_worksation\venv\Lib\site-packages\rest_framework\settings.py", line 177, in import_from_string
    return import_string(val)
           ^^^^^^^^^^^^^^^^^^
  File "D:\python_worksation\venv\Lib\site-packages\django\utils\module_loading.py", line 30, in import_string
    return cached_import(module_path, class_name)
           ^^^^^^^^^^^^^^^^^^^^^^^^^^^^^^^^^^^^^^
  File "D:\python_worksation\venv\Lib\site-packages\django\utils\module_loading.py", line 15, in cached_import
    module = import_module(module_path)
             ^^^^^^^^^^^^^^^^^^^^^^^^^^
  File "C:\Users\31952\AppData\Local\Programs\Python\Python311\Lib\importlib\__init__.py", line 126, in import_module
    return _bootstrap._gcd_import(name[level:], package, level)
           ^^^^^^^^^^^^^^^^^^^^^^^^^^^^^^^^^^^^^^^^^^^^^^^^^^^^
  File "<frozen importlib._bootstrap>", line 1204, in _gcd_import
  File "<frozen importlib._bootstrap>", line 1176, in _find_and_load
  File "<frozen importlib._bootstrap>", line 1126, in _find_and_load_unlocked
  File "<frozen importlib._bootstrap>", line 241, in _call_with_frames_removed
  File "<frozen importlib._bootstrap>", line 1204, in _gcd_import
  File "<frozen importlib._bootstrap>", line 1176, in _find_and_load
  File "<frozen importlib._bootstrap>", line 1140, in _find_and_load_unlocked
ModuleNotFoundError: No module named 'my_mall.utils'

During handling of the above exception, another exception occurred:

Traceback (most recent call last):
  File "D:\python_worksation\venv\Lib\site-packages\django\core\handlers\exception.py", line 55, in inner
    response = get_response(request)
               ^^^^^^^^^^^^^^^^^^^^^
  File "D:\python_worksation\venv\Lib\site-packages\django\core\handlers\base.py", line 197, in _get_response
    response = wrapped_callback(request, *callback_args, **callback_kwargs)
               ^^^^^^^^^^^^^^^^^^^^^^^^^^^^^^^^^^^^^^^^^^^^^^^^^^^^^^^^^^^^
  File "D:\python_worksation\venv\Lib\site-packages\django\views\decorators\csrf.py", line 56, in wrapper_view
    return view_func(*args, **kwargs)
           ^^^^^^^^^^^^^^^^^^^^^^^^^^
  File "D:\python_worksation\venv\Lib\site-packages\django\views\generic\base.py", line 104, in view
    return self.dispatch(request, *args, **kwargs)
           ^^^^^^^^^^^^^^^^^^^^^^^^^^^^^^^^^^^^^^^
  File "D:\python_worksation\venv\Lib\site-packages\rest_framework\views.py", line 509, in dispatch
    response = self.handle_exception(exc)
               ^^^^^^^^^^^^^^^^^^^^^^^^^^
  File "D:\python_worksation\venv\Lib\site-packages\rest_framework\views.py", line 463, in handle_exception
    exception_handler = self.get_exception_handler()
                        ^^^^^^^^^^^^^^^^^^^^^^^^^^^^
  File "D:\python_worksation\venv\Lib\site-packages\rest_framework\views.py", line 298, in get_exception_handler
    return self.settings.EXCEPTION_HANDLER
           ^^^^^^^^^^^^^^^^^^^^^^^^^^^^^^^
  File "D:\python_worksation\venv\Lib\site-packages\rest_framework\settings.py", line 225, in __getattr__
    val = perform_import(val, attr)
          ^^^^^^^^^^^^^^^^^^^^^^^^^
  File "D:\python_worksation\venv\Lib\site-packages\rest_framework\settings.py", line 166, in perform_import
    return import_from_string(val, setting_name)
           ^^^^^^^^^^^^^^^^^^^^^^^^^^^^^^^^^^^^^
  File "D:\python_worksation\venv\Lib\site-packages\rest_framework\settings.py", line 180, in import_from_string
    raise ImportError(msg)
ImportError: Could not import 'my_mall.utils.exceptions.exception handler' for API setting 'EXCEPTION_HANDLER'. ModuleNotFoundError: No module named 'my_mall.utils'.
ERROR 2024-02-29 16:31:04,558 basehttp 212 "GET /user/ HTTP/1.1" 500 188665
INFO 2024-02-29 16:32:53,349 autoreload 266 D:\senior_homework\graduation project\my_mall\my_mall\settings.py changed, reloading.
INFO 2024-02-29 16:32:54,092 autoreload 668 Watching for file changes with StatReloader
INFO 2024-02-29 16:33:24,790 autoreload 266 D:\senior_homework\graduation project\my_mall\my_mall\settings.py changed, reloading.
INFO 2024-02-29 16:33:25,659 autoreload 668 Watching for file changes with StatReloader
INFO 2024-02-29 16:33:32,165 autoreload 266 D:\senior_homework\graduation project\my_mall\my_mall\settings.py changed, reloading.
INFO 2024-02-29 16:33:33,134 autoreload 668 Watching for file changes with StatReloader
INFO 2024-02-29 16:33:39,664 autoreload 266 D:\senior_homework\graduation project\my_mall\my_mall\settings.py changed, reloading.
INFO 2024-02-29 16:33:40,406 autoreload 668 Watching for file changes with StatReloader
INFO 2024-02-29 16:34:07,861 autoreload 668 Watching for file changes with StatReloader
ERROR 2024-02-29 16:34:11,831 log 241 Internal Server Error: /user/
Traceback (most recent call last):
  File "D:\python_worksation\venv\Lib\site-packages\rest_framework\views.py", line 506, in dispatch
    response = handler(request, *args, **kwargs)
               ^^^^^^^^^^^^^^^^^^^^^^^^^^^^^^^^^
  File "D:\python_worksation\venv\Lib\site-packages\rest_framework\generics.py", line 208, in get
    return self.retrieve(request, *args, **kwargs)
           ^^^^^^^^^^^^^^^^^^^^^^^^^^^^^^^^^^^^^^^
  File "D:\python_worksation\venv\Lib\site-packages\rest_framework\mixins.py", line 56, in retrieve
    return Response(serializer.data)
                    ^^^^^^^^^^^^^^^
  File "D:\python_worksation\venv\Lib\site-packages\rest_framework\serializers.py", line 555, in data
    ret = super().data
          ^^^^^^^^^^^^
  File "D:\python_worksation\venv\Lib\site-packages\rest_framework\serializers.py", line 253, in data
    self._data = self.to_representation(self.instance)
                 ^^^^^^^^^^^^^^^^^^^^^^^^^^^^^^^^^^^^^
  File "D:\python_worksation\venv\Lib\site-packages\rest_framework\serializers.py", line 507, in to_representation
    for field in fields:
  File "D:\python_worksation\venv\Lib\site-packages\rest_framework\serializers.py", line 368, in _readable_fields
    for field in self.fields.values():
                 ^^^^^^^^^^^
  File "D:\python_worksation\venv\Lib\site-packages\django\utils\functional.py", line 57, in __get__
    res = instance.__dict__[self.name] = self.func(instance)
                                         ^^^^^^^^^^^^^^^^^^^
  File "D:\python_worksation\venv\Lib\site-packages\rest_framework\serializers.py", line 356, in fields
    for key, value in self.get_fields().items():
                      ^^^^^^^^^^^^^^^^^
  File "D:\python_worksation\venv\Lib\site-packages\rest_framework\serializers.py", line 1076, in get_fields
    field_class, field_kwargs = self.build_field(
                                ^^^^^^^^^^^^^^^^^
  File "D:\python_worksation\venv\Lib\site-packages\rest_framework\serializers.py", line 1222, in build_field
    return self.build_unknown_field(field_name, model_class)
           ^^^^^^^^^^^^^^^^^^^^^^^^^^^^^^^^^^^^^^^^^^^^^^^^^
  File "D:\python_worksation\venv\Lib\site-packages\rest_framework\serializers.py", line 1340, in build_unknown_field
    raise ImproperlyConfigured(
django.core.exceptions.ImproperlyConfigured: Field name `email_active` is not valid for model `User`.

During handling of the above exception, another exception occurred:

Traceback (most recent call last):
  File "D:\python_worksation\venv\Lib\site-packages\rest_framework\settings.py", line 177, in import_from_string
    return import_string(val)
           ^^^^^^^^^^^^^^^^^^
  File "D:\python_worksation\venv\Lib\site-packages\django\utils\module_loading.py", line 30, in import_string
    return cached_import(module_path, class_name)
           ^^^^^^^^^^^^^^^^^^^^^^^^^^^^^^^^^^^^^^
  File "D:\python_worksation\venv\Lib\site-packages\django\utils\module_loading.py", line 15, in cached_import
    module = import_module(module_path)
             ^^^^^^^^^^^^^^^^^^^^^^^^^^
  File "C:\Users\31952\AppData\Local\Programs\Python\Python311\Lib\importlib\__init__.py", line 126, in import_module
    return _bootstrap._gcd_import(name[level:], package, level)
           ^^^^^^^^^^^^^^^^^^^^^^^^^^^^^^^^^^^^^^^^^^^^^^^^^^^^
  File "<frozen importlib._bootstrap>", line 1204, in _gcd_import
  File "<frozen importlib._bootstrap>", line 1176, in _find_and_load
  File "<frozen importlib._bootstrap>", line 1126, in _find_and_load_unlocked
  File "<frozen importlib._bootstrap>", line 241, in _call_with_frames_removed
  File "<frozen importlib._bootstrap>", line 1204, in _gcd_import
  File "<frozen importlib._bootstrap>", line 1176, in _find_and_load
  File "<frozen importlib._bootstrap>", line 1140, in _find_and_load_unlocked
ModuleNotFoundError: No module named 'my_mall.utils'

During handling of the above exception, another exception occurred:

Traceback (most recent call last):
  File "D:\python_worksation\venv\Lib\site-packages\django\core\handlers\exception.py", line 55, in inner
    response = get_response(request)
               ^^^^^^^^^^^^^^^^^^^^^
  File "D:\python_worksation\venv\Lib\site-packages\django\core\handlers\base.py", line 197, in _get_response
    response = wrapped_callback(request, *callback_args, **callback_kwargs)
               ^^^^^^^^^^^^^^^^^^^^^^^^^^^^^^^^^^^^^^^^^^^^^^^^^^^^^^^^^^^^
  File "D:\python_worksation\venv\Lib\site-packages\django\views\decorators\csrf.py", line 56, in wrapper_view
    return view_func(*args, **kwargs)
           ^^^^^^^^^^^^^^^^^^^^^^^^^^
  File "D:\python_worksation\venv\Lib\site-packages\django\views\generic\base.py", line 104, in view
    return self.dispatch(request, *args, **kwargs)
           ^^^^^^^^^^^^^^^^^^^^^^^^^^^^^^^^^^^^^^^
  File "D:\python_worksation\venv\Lib\site-packages\rest_framework\views.py", line 509, in dispatch
    response = self.handle_exception(exc)
               ^^^^^^^^^^^^^^^^^^^^^^^^^^
  File "D:\python_worksation\venv\Lib\site-packages\rest_framework\views.py", line 463, in handle_exception
    exception_handler = self.get_exception_handler()
                        ^^^^^^^^^^^^^^^^^^^^^^^^^^^^
  File "D:\python_worksation\venv\Lib\site-packages\rest_framework\views.py", line 298, in get_exception_handler
    return self.settings.EXCEPTION_HANDLER
           ^^^^^^^^^^^^^^^^^^^^^^^^^^^^^^^
  File "D:\python_worksation\venv\Lib\site-packages\rest_framework\settings.py", line 225, in __getattr__
    val = perform_import(val, attr)
          ^^^^^^^^^^^^^^^^^^^^^^^^^
  File "D:\python_worksation\venv\Lib\site-packages\rest_framework\settings.py", line 166, in perform_import
    return import_from_string(val, setting_name)
           ^^^^^^^^^^^^^^^^^^^^^^^^^^^^^^^^^^^^^
  File "D:\python_worksation\venv\Lib\site-packages\rest_framework\settings.py", line 180, in import_from_string
    raise ImportError(msg)
ImportError: Could not import 'my_mall.utils.exceptions.exception_handler' for API setting 'EXCEPTION_HANDLER'. ModuleNotFoundError: No module named 'my_mall.utils'.
ERROR 2024-02-29 16:34:11,845 basehttp 212 "GET /user/ HTTP/1.1" 500 188665
INFO 2024-02-29 16:35:22,987 autoreload 668 Watching for file changes with StatReloader
ERROR 2024-02-29 16:35:25,444 log 241 Internal Server Error: /user/
Traceback (most recent call last):
  File "D:\python_worksation\venv\Lib\site-packages\django\core\handlers\exception.py", line 55, in inner
    response = get_response(request)
               ^^^^^^^^^^^^^^^^^^^^^
  File "D:\python_worksation\venv\Lib\site-packages\django\core\handlers\base.py", line 197, in _get_response
    response = wrapped_callback(request, *callback_args, **callback_kwargs)
               ^^^^^^^^^^^^^^^^^^^^^^^^^^^^^^^^^^^^^^^^^^^^^^^^^^^^^^^^^^^^
  File "D:\python_worksation\venv\Lib\site-packages\django\views\decorators\csrf.py", line 56, in wrapper_view
    return view_func(*args, **kwargs)
           ^^^^^^^^^^^^^^^^^^^^^^^^^^
  File "D:\python_worksation\venv\Lib\site-packages\django\views\generic\base.py", line 104, in view
    return self.dispatch(request, *args, **kwargs)
           ^^^^^^^^^^^^^^^^^^^^^^^^^^^^^^^^^^^^^^^
  File "D:\python_worksation\venv\Lib\site-packages\rest_framework\views.py", line 509, in dispatch
    response = self.handle_exception(exc)
               ^^^^^^^^^^^^^^^^^^^^^^^^^^
  File "D:\python_worksation\venv\Lib\site-packages\rest_framework\views.py", line 469, in handle_exception
    self.raise_uncaught_exception(exc)
  File "D:\python_worksation\venv\Lib\site-packages\rest_framework\views.py", line 480, in raise_uncaught_exception
    raise exc
  File "D:\python_worksation\venv\Lib\site-packages\rest_framework\views.py", line 506, in dispatch
    response = handler(request, *args, **kwargs)
               ^^^^^^^^^^^^^^^^^^^^^^^^^^^^^^^^^
  File "D:\python_worksation\venv\Lib\site-packages\rest_framework\generics.py", line 208, in get
    return self.retrieve(request, *args, **kwargs)
           ^^^^^^^^^^^^^^^^^^^^^^^^^^^^^^^^^^^^^^^
  File "D:\python_worksation\venv\Lib\site-packages\rest_framework\mixins.py", line 56, in retrieve
    return Response(serializer.data)
                    ^^^^^^^^^^^^^^^
  File "D:\python_worksation\venv\Lib\site-packages\rest_framework\serializers.py", line 555, in data
    ret = super().data
          ^^^^^^^^^^^^
  File "D:\python_worksation\venv\Lib\site-packages\rest_framework\serializers.py", line 253, in data
    self._data = self.to_representation(self.instance)
                 ^^^^^^^^^^^^^^^^^^^^^^^^^^^^^^^^^^^^^
  File "D:\python_worksation\venv\Lib\site-packages\rest_framework\serializers.py", line 507, in to_representation
    for field in fields:
  File "D:\python_worksation\venv\Lib\site-packages\rest_framework\serializers.py", line 368, in _readable_fields
    for field in self.fields.values():
                 ^^^^^^^^^^^
  File "D:\python_worksation\venv\Lib\site-packages\django\utils\functional.py", line 57, in __get__
    res = instance.__dict__[self.name] = self.func(instance)
                                         ^^^^^^^^^^^^^^^^^^^
  File "D:\python_worksation\venv\Lib\site-packages\rest_framework\serializers.py", line 356, in fields
    for key, value in self.get_fields().items():
                      ^^^^^^^^^^^^^^^^^
  File "D:\python_worksation\venv\Lib\site-packages\rest_framework\serializers.py", line 1076, in get_fields
    field_class, field_kwargs = self.build_field(
                                ^^^^^^^^^^^^^^^^^
  File "D:\python_worksation\venv\Lib\site-packages\rest_framework\serializers.py", line 1222, in build_field
    return self.build_unknown_field(field_name, model_class)
           ^^^^^^^^^^^^^^^^^^^^^^^^^^^^^^^^^^^^^^^^^^^^^^^^^
  File "D:\python_worksation\venv\Lib\site-packages\rest_framework\serializers.py", line 1340, in build_unknown_field
    raise ImproperlyConfigured(
django.core.exceptions.ImproperlyConfigured: Field name `email_active` is not valid for model `User`.
ERROR 2024-02-29 16:35:25,448 basehttp 212 "GET /user/ HTTP/1.1" 500 146774
INFO 2024-02-29 16:36:39,034 autoreload 266 D:\senior_homework\graduation project\my_mall\apps\users\serializer.py changed, reloading.
INFO 2024-02-29 16:36:39,871 autoreload 668 Watching for file changes with StatReloader
INFO 2024-02-29 16:37:10,008 autoreload 668 Watching for file changes with StatReloader
INFO 2024-02-29 16:37:18,438 basehttp 212 "GET /user/ HTTP/1.1" 200 82
INFO 2024-02-29 16:37:18,541 basehttp 212 "OPTIONS /browse_histories/ HTTP/1.1" 200 0
WARNING 2024-02-29 16:37:18,566 log 241 Not Found: /browse_histories/
WARNING 2024-02-29 16:37:18,567 basehttp 212 "GET /browse_histories/ HTTP/1.1" 404 3147
INFO 2024-02-29 16:38:11,366 autoreload 668 Watching for file changes with StatReloader
INFO 2024-02-29 16:38:15,000 basehttp 212 "GET /user/ HTTP/1.1" 200 82
WARNING 2024-02-29 16:38:15,137 log 241 Not Found: /browse_histories/
WARNING 2024-02-29 16:38:15,139 basehttp 212 "GET /browse_histories/ HTTP/1.1" 404 3147
INFO 2024-02-29 16:49:07,963 basehttp 212 "OPTIONS /addresses/ HTTP/1.1" 200 0
WARNING 2024-02-29 16:49:07,983 log 241 Not Found: /areas/
WARNING 2024-02-29 16:49:07,984 basehttp 212 "GET /areas/ HTTP/1.1" 404 3114
WARNING 2024-02-29 16:49:07,986 log 241 Not Found: /addresses/
WARNING 2024-02-29 16:49:07,988 basehttp 212 "GET /addresses/ HTTP/1.1" 404 3126
INFO 2024-02-29 17:05:44,256 autoreload 266 D:\senior_homework\graduation project\my_mall\my_mall\settings.py changed, reloading.
INFO 2024-02-29 17:05:45,975 autoreload 668 Watching for file changes with StatReloader
INFO 2024-02-29 17:06:04,347 autoreload 668 Watching for file changes with StatReloader
INFO 2024-02-29 17:06:21,114 autoreload 668 Watching for file changes with StatReloader
INFO 2024-02-29 17:23:16,508 autoreload 266 D:\senior_homework\graduation project\my_mall\my_mall\urls.py changed, reloading.
INFO 2024-02-29 17:23:17,912 autoreload 668 Watching for file changes with StatReloader
INFO 2024-02-29 17:26:29,119 autoreload 266 D:\senior_homework\graduation project\my_mall\apps\areas\views.py changed, reloading.
INFO 2024-02-29 17:26:30,521 autoreload 668 Watching for file changes with StatReloader
INFO 2024-02-29 17:26:51,300 basehttp 212 "GET /areas HTTP/1.1" 301 0
INFO 2024-02-29 17:26:51,455 basehttp 212 "GET /areas/ HTTP/1.1" 200 8385
INFO 2024-02-29 17:26:52,008 basehttp 212 "GET /static/rest_framework/css/default.css HTTP/1.1" 200 1152
INFO 2024-02-29 17:26:52,013 basehttp 212 "GET /static/rest_framework/css/prettify.css HTTP/1.1" 200 817
INFO 2024-02-29 17:26:52,039 basehttp 212 "GET /static/rest_framework/css/bootstrap.min.css HTTP/1.1" 200 121457
INFO 2024-02-29 17:26:52,048 basehttp 212 "GET /static/rest_framework/css/bootstrap-tweaks.css HTTP/1.1" 200 3385
INFO 2024-02-29 17:26:52,068 basehttp 212 "GET /static/rest_framework/js/csrf.js HTTP/1.1" 200 1719
INFO 2024-02-29 17:26:52,082 basehttp 212 "GET /static/rest_framework/js/ajax-form.js HTTP/1.1" 200 3597
INFO 2024-02-29 17:26:52,089 basehttp 212 "GET /static/rest_framework/img/grid.png HTTP/1.1" 200 1458
INFO 2024-02-29 17:26:52,090 basehttp 212 "GET /static/rest_framework/js/default.js HTTP/1.1" 200 1268
INFO 2024-02-29 17:26:52,097 basehttp 212 "GET /static/rest_framework/js/bootstrap.min.js HTTP/1.1" 200 39680
INFO 2024-02-29 17:26:52,105 basehttp 212 "GET /static/rest_framework/js/prettify-min.js HTTP/1.1" 200 13632
INFO 2024-02-29 17:26:52,129 basehttp 212 "GET /static/rest_framework/js/jquery-3.5.1.min.js HTTP/1.1" 200 89476
INFO 2024-02-29 17:30:08,641 autoreload 266 D:\senior_homework\graduation project\my_mall\apps\areas\views.py changed, reloading.
INFO 2024-02-29 17:30:10,264 autoreload 668 Watching for file changes with StatReloader
INFO 2024-02-29 17:31:14,426 autoreload 266 D:\senior_homework\graduation project\my_mall\apps\areas\views.py changed, reloading.
INFO 2024-02-29 17:31:16,037 autoreload 668 Watching for file changes with StatReloader
INFO 2024-02-29 17:31:38,421 autoreload 266 D:\senior_homework\graduation project\my_mall\apps\areas\views.py changed, reloading.
INFO 2024-02-29 17:31:39,523 autoreload 668 Watching for file changes with StatReloader
INFO 2024-02-29 17:32:21,528 autoreload 266 D:\senior_homework\graduation project\my_mall\apps\areas\views.py changed, reloading.
INFO 2024-02-29 17:32:22,974 autoreload 668 Watching for file changes with StatReloader
INFO 2024-02-29 17:32:57,845 autoreload 266 D:\senior_homework\graduation project\my_mall\apps\areas\views.py changed, reloading.
INFO 2024-02-29 17:32:59,360 autoreload 668 Watching for file changes with StatReloader
INFO 2024-02-29 17:34:00,629 autoreload 266 D:\senior_homework\graduation project\my_mall\apps\areas\views.py changed, reloading.
INFO 2024-02-29 17:34:01,676 autoreload 668 Watching for file changes with StatReloader
INFO 2024-02-29 17:34:50,094 autoreload 266 D:\senior_homework\graduation project\my_mall\apps\areas\views.py changed, reloading.
INFO 2024-02-29 17:34:51,144 autoreload 668 Watching for file changes with StatReloader
INFO 2024-02-29 17:35:04,334 autoreload 266 D:\senior_homework\graduation project\my_mall\apps\areas\views.py changed, reloading.
INFO 2024-02-29 17:35:06,621 autoreload 668 Watching for file changes with StatReloader
INFO 2024-02-29 17:40:18,938 autoreload 266 D:\senior_homework\graduation project\my_mall\apps\areas\serializers.py changed, reloading.
INFO 2024-02-29 17:40:20,138 autoreload 668 Watching for file changes with StatReloader
INFO 2024-02-29 17:40:42,880 autoreload 266 D:\senior_homework\graduation project\my_mall\apps\areas\serializers.py changed, reloading.
INFO 2024-02-29 17:40:43,754 autoreload 668 Watching for file changes with StatReloader
INFO 2024-02-29 17:44:55,043 autoreload 266 D:\senior_homework\graduation project\my_mall\apps\areas\urls.py changed, reloading.
INFO 2024-02-29 17:44:56,281 autoreload 668 Watching for file changes with StatReloader
WARNING 2024-02-29 17:45:03,794 log 241 Not Found: /areas/130000
WARNING 2024-02-29 17:45:03,795 basehttp 212 "GET /areas/130000 HTTP/1.1" 404 3456
WARNING 2024-02-29 17:45:21,431 log 241 Not Found: /areas/130000
WARNING 2024-02-29 17:45:21,432 basehttp 212 "GET /areas/130000 HTTP/1.1" 404 3456
INFO 2024-02-29 17:45:21,838 autoreload 266 D:\senior_homework\graduation project\my_mall\apps\areas\urls.py changed, reloading.
INFO 2024-02-29 17:45:22,623 autoreload 668 Watching for file changes with StatReloader
INFO 2024-02-29 17:45:26,152 basehttp 212 "GET /areas/130000 HTTP/1.1" 301 0
INFO 2024-02-29 17:45:26,223 basehttp 212 "GET /areas/130000/ HTTP/1.1" 200 6748
WARNING 2024-02-29 17:47:15,814 log 241 Not Found: /addresses/
WARNING 2024-02-29 17:47:15,814 basehttp 212 "GET /addresses/ HTTP/1.1" 404 3443
INFO 2024-02-29 17:47:15,824 basehttp 212 "GET /areas/ HTTP/1.1" 200 1204
INFO 2024-02-29 17:48:30,351 basehttp 212 "GET /areas/130000/ HTTP/1.1" 200 464
INFO 2024-02-29 17:48:31,771 basehttp 212 "GET /areas/130100/ HTTP/1.1" 200 737
INFO 2024-02-29 18:21:11,300 autoreload 266 D:\senior_homework\graduation project\my_mall\apps\areas\views.py changed, reloading.
INFO 2024-02-29 18:21:12,634 autoreload 668 Watching for file changes with StatReloader
INFO 2024-02-29 18:23:23,872 autoreload 266 D:\senior_homework\graduation project\my_mall\apps\areas\views.py changed, reloading.
INFO 2024-02-29 18:23:24,649 autoreload 668 Watching for file changes with StatReloader
INFO 2024-02-29 18:23:37,301 autoreload 266 D:\senior_homework\graduation project\my_mall\apps\areas\views.py changed, reloading.
INFO 2024-02-29 18:23:37,990 autoreload 668 Watching for file changes with StatReloader
INFO 2024-02-29 18:23:45,822 autoreload 668 Watching for file changes with StatReloader
WARNING 2024-02-29 18:25:42,189 log 241 Not Found: /addresses/
WARNING 2024-02-29 18:25:42,190 basehttp 212 "GET /addresses/ HTTP/1.1" 404 3443
INFO 2024-02-29 18:25:42,225 basehttp 212 "GET /areas/ HTTP/1.1" 200 1204
