INFO 2024-02-29 09:34:33,429 autoreload 668 Watching for file changes with StatReloader
INFO 2024-02-29 09:45:30,606 autoreload 266 D:\senior_homework\graduation project\my_mall\my_mall\settings.py changed, reloading.
INFO 2024-02-29 09:45:31,784 autoreload 668 Watching for file changes with StatReloader
INFO 2024-02-29 09:47:17,371 autoreload 266 D:\senior_homework\graduation project\my_mall\my_mall\settings.py changed, reloading.
INFO 2024-02-29 09:47:18,294 autoreload 668 Watching for file changes with StatReloader
INFO 2024-02-29 09:57:03,654 autoreload 266 D:\senior_homework\graduation project\my_mall\my_mall\urls.py changed, reloading.
INFO 2024-02-29 09:57:06,118 autoreload 668 Watching for file changes with StatReloader
INFO 2024-02-29 09:58:05,377 autoreload 266 D:\senior_homework\graduation project\my_mall\my_mall\urls.py changed, reloading.
INFO 2024-02-29 09:58:06,272 autoreload 668 Watching for file changes with StatReloader
INFO 2024-02-29 10:00:00,720 autoreload 266 D:\senior_homework\graduation project\my_mall\apps\verifications\views.py changed, reloading.
INFO 2024-02-29 10:00:01,469 autoreload 668 Watching for file changes with StatReloader
INFO 2024-02-29 10:00:33,128 autoreload 266 D:\senior_homework\graduation project\my_mall\my_mall\settings.py changed, reloading.
INFO 2024-02-29 10:00:34,172 autoreload 668 Watching for file changes with StatReloader
INFO 2024-02-29 10:01:02,727 autoreload 266 D:\senior_homework\graduation project\my_mall\my_mall\settings.py changed, reloading.
INFO 2024-02-29 10:01:03,661 autoreload 668 Watching for file changes with StatReloader
INFO 2024-02-29 10:02:37,096 autoreload 266 D:\senior_homework\graduation project\my_mall\apps\verifications\views.py changed, reloading.
INFO 2024-02-29 10:02:38,482 autoreload 668 Watching for file changes with StatReloader
INFO 2024-02-29 10:03:23,447 autoreload 266 D:\senior_homework\graduation project\my_mall\apps\verifications\views.py changed, reloading.
INFO 2024-02-29 10:03:24,696 autoreload 668 Watching for file changes with StatReloader
INFO 2024-02-29 10:03:37,425 autoreload 266 D:\senior_homework\graduation project\my_mall\apps\verifications\views.py changed, reloading.
INFO 2024-02-29 10:03:38,536 autoreload 668 Watching for file changes with StatReloader
INFO 2024-02-29 10:05:40,921 autoreload 266 D:\senior_homework\graduation project\my_mall\apps\verifications\views.py changed, reloading.
INFO 2024-02-29 10:05:42,520 autoreload 668 Watching for file changes with StatReloader
INFO 2024-02-29 10:07:03,410 autoreload 266 D:\senior_homework\graduation project\my_mall\apps\verifications\views.py changed, reloading.
INFO 2024-02-29 10:07:04,242 autoreload 668 Watching for file changes with StatReloader
INFO 2024-02-29 10:07:46,353 autoreload 266 D:\senior_homework\graduation project\my_mall\apps\verifications\views.py changed, reloading.
INFO 2024-02-29 10:07:47,109 autoreload 668 Watching for file changes with StatReloader
INFO 2024-02-29 10:08:23,922 autoreload 266 D:\senior_homework\graduation project\my_mall\apps\verifications\views.py changed, reloading.
INFO 2024-02-29 10:08:24,721 autoreload 668 Watching for file changes with StatReloader
INFO 2024-02-29 10:08:51,008 autoreload 266 D:\senior_homework\graduation project\my_mall\apps\verifications\views.py changed, reloading.
INFO 2024-02-29 10:08:52,142 autoreload 668 Watching for file changes with StatReloader
WARNING 2024-02-29 10:10:04,711 log 241 Not Found: /sms_codes/15736705140
WARNING 2024-02-29 10:10:04,712 basehttp 212 "GET /sms_codes/15736705140 HTTP/1.1" 404 2404
WARNING 2024-02-29 10:10:05,214 log 241 Not Found: /favicon.ico
WARNING 2024-02-29 10:10:05,215 basehttp 212 "GET /favicon.ico HTTP/1.1" 404 2374
INFO 2024-02-29 10:10:56,237 autoreload 266 D:\senior_homework\graduation project\my_mall\apps\verifications\urls.py changed, reloading.
INFO 2024-02-29 10:10:56,958 autoreload 668 Watching for file changes with StatReloader
INFO 2024-02-29 10:10:57,973 basehttp 212 "GET /sms_codes/15736705140 HTTP/1.1" 200 5279
INFO 2024-02-29 10:10:58,404 basehttp 212 "GET /static/rest_framework/css/bootstrap.min.css HTTP/1.1" 200 121457
INFO 2024-02-29 10:10:58,413 basehttp 212 "GET /static/rest_framework/css/default.css HTTP/1.1" 200 1152
INFO 2024-02-29 10:10:58,422 basehttp 212 "GET /static/rest_framework/css/prettify.css HTTP/1.1" 200 817
INFO 2024-02-29 10:10:58,425 basehttp 212 "GET /static/rest_framework/css/bootstrap-tweaks.css HTTP/1.1" 200 3385
INFO 2024-02-29 10:10:58,443 basehttp 212 "GET /static/rest_framework/js/csrf.js HTTP/1.1" 200 1719
INFO 2024-02-29 10:10:58,452 basehttp 212 "GET /static/rest_framework/js/default.js HTTP/1.1" 200 1268
INFO 2024-02-29 10:10:58,462 basehttp 212 "GET /static/rest_framework/js/ajax-form.js HTTP/1.1" 200 3597
INFO 2024-02-29 10:10:58,467 basehttp 212 "GET /static/rest_framework/img/grid.png HTTP/1.1" 200 1458
INFO 2024-02-29 10:10:58,470 basehttp 212 "GET /static/rest_framework/js/prettify-min.js HTTP/1.1" 200 13632
INFO 2024-02-29 10:10:58,475 basehttp 212 "GET /static/rest_framework/js/bootstrap.min.js HTTP/1.1" 200 39680
INFO 2024-02-29 10:10:58,498 basehttp 212 "GET /static/rest_framework/js/jquery-3.5.1.min.js HTTP/1.1" 200 89476
INFO 2024-02-29 10:11:44,246 autoreload 266 D:\senior_homework\graduation project\my_mall\apps\verifications\views.py changed, reloading.
INFO 2024-02-29 10:11:45,169 autoreload 668 Watching for file changes with StatReloader
INFO 2024-02-29 10:11:49,634 autoreload 668 Watching for file changes with StatReloader
INFO 2024-02-29 10:11:53,939 views 27 836319
INFO 2024-02-29 10:11:54,351 basehttp 212 "GET /sms_codes/15736705140 HTTP/1.1" 200 5279
INFO 2024-02-29 10:17:24,585 autoreload 266 D:\senior_homework\graduation project\my_mall\apps\verifications\views.py changed, reloading.
INFO 2024-02-29 10:17:25,717 autoreload 668 Watching for file changes with StatReloader
INFO 2024-02-29 10:18:20,389 autoreload 266 D:\senior_homework\graduation project\my_mall\apps\verifications\views.py changed, reloading.
INFO 2024-02-29 10:18:22,392 autoreload 668 Watching for file changes with StatReloader
INFO 2024-02-29 10:19:05,342 autoreload 266 D:\senior_homework\graduation project\my_mall\apps\verifications\views.py changed, reloading.
INFO 2024-02-29 10:19:06,268 autoreload 668 Watching for file changes with StatReloader
INFO 2024-02-29 10:21:14,983 autoreload 266 D:\senior_homework\graduation project\my_mall\apps\verifications\views.py changed, reloading.
INFO 2024-02-29 10:21:16,989 autoreload 668 Watching for file changes with StatReloader
INFO 2024-02-29 10:24:13,762 autoreload 266 D:\senior_homework\graduation project\my_mall\apps\verifications\views.py changed, reloading.
INFO 2024-02-29 10:24:15,379 autoreload 668 Watching for file changes with StatReloader
INFO 2024-02-29 10:24:49,376 autoreload 668 Watching for file changes with StatReloader
WARNING 2024-02-29 10:24:54,111 log 241 Not Found: /mobiles/18866666666/count/
WARNING 2024-02-29 10:24:54,112 basehttp 212 "GET /mobiles/18866666666/count/ HTTP/1.1" 404 2440
WARNING 2024-02-29 10:24:54,183 log 241 Not Found: /mobiles/18866666666/count/
WARNING 2024-02-29 10:24:54,184 log 241 Not Found: /sms_codes/18866666666/
WARNING 2024-02-29 10:24:54,184 basehttp 212 "GET /mobiles/18866666666/count/ HTTP/1.1" 404 2440
WARNING 2024-02-29 10:24:54,185 basehttp 212 "GET /sms_codes/18866666666/ HTTP/1.1" 404 2428
WARNING 2024-02-29 10:24:58,874 log 241 Not Found: /mobiles/18866666666/count/
WARNING 2024-02-29 10:24:58,875 basehttp 212 "GET /mobiles/18866666666/count/ HTTP/1.1" 404 2440
WARNING 2024-02-29 10:24:58,981 log 241 Not Found: /mobiles/18866666666/count/
WARNING 2024-02-29 10:24:58,982 log 241 Not Found: /sms_codes/18866666666/
WARNING 2024-02-29 10:24:58,983 basehttp 212 "GET /mobiles/18866666666/count/ HTTP/1.1" 404 2440
WARNING 2024-02-29 10:24:58,984 basehttp 212 "GET /sms_codes/18866666666/ HTTP/1.1" 404 2428
INFO 2024-02-29 10:32:36,044 autoreload 266 D:\senior_homework\graduation project\my_mall\apps\verifications\views.py changed, reloading.
INFO 2024-02-29 10:32:37,947 autoreload 668 Watching for file changes with StatReloader
INFO 2024-02-29 10:33:19,023 autoreload 266 D:\senior_homework\graduation project\my_mall\apps\verifications\views.py changed, reloading.
INFO 2024-02-29 10:33:20,106 autoreload 668 Watching for file changes with StatReloader
INFO 2024-02-29 10:33:45,888 autoreload 266 D:\senior_homework\graduation project\my_mall\apps\verifications\views.py changed, reloading.
INFO 2024-02-29 10:33:46,867 autoreload 668 Watching for file changes with StatReloader
INFO 2024-02-29 10:33:56,880 autoreload 266 D:\senior_homework\graduation project\my_mall\apps\verifications\views.py changed, reloading.
INFO 2024-02-29 10:33:58,117 autoreload 668 Watching for file changes with StatReloader
INFO 2024-02-29 10:34:17,486 autoreload 266 D:\senior_homework\graduation project\my_mall\apps\verifications\views.py changed, reloading.
INFO 2024-02-29 10:34:18,389 autoreload 668 Watching for file changes with StatReloader
INFO 2024-02-29 10:35:02,182 autoreload 668 Watching for file changes with StatReloader
INFO 2024-02-29 10:35:17,780 autoreload 668 Watching for file changes with StatReloader
INFO 2024-02-29 10:35:20,046 views 25 396083
INFO 2024-02-29 10:35:20,511 basehttp 212 "GET /sms_codes/15736705140 HTTP/1.1" 200 5279
WARNING 2024-02-29 10:35:23,137 log 241 Bad Request: /sms_codes/15736705140
WARNING 2024-02-29 10:35:23,138 basehttp 212 "GET /sms_codes/15736705140 HTTP/1.1" 400 5310
INFO 2024-02-29 10:41:25,656 autoreload 266 D:\senior_homework\graduation project\my_mall\apps\verifications\views.py changed, reloading.
INFO 2024-02-29 10:41:26,444 autoreload 668 Watching for file changes with StatReloader
INFO 2024-02-29 10:42:13,016 autoreload 266 D:\senior_homework\graduation project\my_mall\apps\verifications\views.py changed, reloading.
INFO 2024-02-29 10:42:14,329 autoreload 668 Watching for file changes with StatReloader
INFO 2024-02-29 10:43:40,429 autoreload 266 D:\senior_homework\graduation project\my_mall\apps\verifications\views.py changed, reloading.
INFO 2024-02-29 10:43:41,785 autoreload 668 Watching for file changes with StatReloader
INFO 2024-02-29 11:14:37,632 autoreload 668 Watching for file changes with StatReloader
INFO 2024-02-29 11:15:04,480 autoreload 668 Watching for file changes with StatReloader
INFO 2024-02-29 11:15:52,555 autoreload 668 Watching for file changes with StatReloader
INFO 2024-02-29 11:22:59,151 autoreload 266 D:\senior_homework\graduation project\my_mall\apps\verifications\views.py changed, reloading.
INFO 2024-02-29 11:23:00,370 autoreload 668 Watching for file changes with StatReloader
INFO 2024-02-29 11:26:40,595 autoreload 266 D:\senior_homework\graduation project\my_mall\apps\verifications\views.py changed, reloading.
INFO 2024-02-29 11:26:41,707 autoreload 668 Watching for file changes with StatReloader
INFO 2024-02-29 11:28:58,761 autoreload 266 D:\senior_homework\graduation project\my_mall\apps\verifications\views.py changed, reloading.
INFO 2024-02-29 11:28:59,682 autoreload 668 Watching for file changes with StatReloader
INFO 2024-02-29 11:29:23,678 autoreload 668 Watching for file changes with StatReloader
INFO 2024-02-29 11:33:35,895 autoreload 668 Watching for file changes with StatReloader
INFO 2024-02-29 11:35:32,498 autoreload 668 Watching for file changes with StatReloader
INFO 2024-02-29 11:36:17,795 autoreload 266 D:\senior_homework\graduation project\my_mall\celery_tasks\sms\tasks.py changed, reloading.
INFO 2024-02-29 11:36:18,462 autoreload 668 Watching for file changes with StatReloader
INFO 2024-02-29 11:37:20,763 autoreload 668 Watching for file changes with StatReloader
INFO 2024-02-29 11:37:59,488 autoreload 266 D:\senior_homework\graduation project\my_mall\celery_tasks\sms\tasks.py changed, reloading.
INFO 2024-02-29 11:38:00,157 autoreload 668 Watching for file changes with StatReloader
INFO 2024-02-29 11:38:05,617 autoreload 668 Watching for file changes with StatReloader
INFO 2024-02-29 11:38:23,068 autoreload 668 Watching for file changes with StatReloader
INFO 2024-02-29 11:39:38,810 autoreload 266 D:\senior_homework\graduation project\my_mall\my_mall\settings.py changed, reloading.
INFO 2024-02-29 11:39:39,404 autoreload 668 Watching for file changes with StatReloader
INFO 2024-02-29 11:44:17,009 autoreload 668 Watching for file changes with StatReloader
INFO 2024-02-29 11:44:41,111 autoreload 668 Watching for file changes with StatReloader
INFO 2024-02-29 11:44:44,212 autoreload 266 D:\senior_homework\graduation project\my_mall\my_mall\settings.py changed, reloading.
INFO 2024-02-29 11:44:44,987 autoreload 668 Watching for file changes with StatReloader
INFO 2024-02-29 11:45:23,445 views 25 537083
INFO 2024-02-29 11:45:23,507 basehttp 212 "GET /sms_codes/15736705140 HTTP/1.1" 200 5279
INFO 2024-02-29 11:49:23,367 autoreload 266 D:\senior_homework\graduation project\my_mall\celery_tasks\main.py changed, reloading.
INFO 2024-02-29 11:49:26,411 autoreload 668 Watching for file changes with StatReloader
INFO 2024-02-29 11:53:45,340 views 25 196619
INFO 2024-02-29 11:53:45,426 basehttp 212 "GET /sms_codes/15736705140 HTTP/1.1" 200 5279
INFO 2024-02-29 11:54:19,166 autoreload 266 D:\senior_homework\graduation project\my_mall\celery_tasks\main.py changed, reloading.
INFO 2024-02-29 11:54:20,191 autoreload 668 Watching for file changes with StatReloader
INFO 2024-02-29 11:57:36,730 autoreload 266 D:\senior_homework\graduation project\my_mall\apps\users\views.py changed, reloading.
INFO 2024-02-29 11:57:37,764 autoreload 668 Watching for file changes with StatReloader
INFO 2024-02-29 11:58:03,424 autoreload 266 D:\senior_homework\graduation project\my_mall\apps\users\views.py changed, reloading.
INFO 2024-02-29 11:58:04,802 autoreload 668 Watching for file changes with StatReloader
INFO 2024-02-29 13:09:41,762 autoreload 266 D:\senior_homework\graduation project\my_mall\my_mall\urls.py changed, reloading.
INFO 2024-02-29 13:09:44,224 autoreload 668 Watching for file changes with StatReloader
INFO 2024-02-29 13:09:51,946 basehttp 212 "GET /usernames/test12/count/ HTTP/1.1" 200 31
INFO 2024-02-29 13:10:14,218 basehttp 212 "GET /mobiles/18866666666/count/ HTTP/1.1" 200 34
INFO 2024-02-29 13:10:15,183 basehttp 212 "GET /mobiles/18866666666/count/ HTTP/1.1" 200 34
WARNING 2024-02-29 13:10:15,336 log 241 Not Found: /sms_codes/18866666666/
WARNING 2024-02-29 13:10:15,337 basehttp 212 "GET /sms_codes/18866666666/ HTTP/1.1" 404 2847
WARNING 2024-02-29 13:11:39,260 log 241 Not Found: /sms_codes/18866666666/
WARNING 2024-02-29 13:11:39,261 basehttp 212 "GET /sms_codes/18866666666/ HTTP/1.1" 404 2847
INFO 2024-02-29 13:11:39,267 basehttp 212 "GET /mobiles/18866666666/count/ HTTP/1.1" 200 34
INFO 2024-02-29 13:12:11,292 basehttp 212 "GET /mobiles/18866666666/count/ HTTP/1.1" 200 34
INFO 2024-02-29 13:12:11,292 basehttp 212 "GET /usernames/test12/count/ HTTP/1.1" 200 31
INFO 2024-02-29 13:12:11,803 autoreload 266 D:\senior_homework\graduation project\my_mall\apps\verifications\urls.py changed, reloading.
INFO 2024-02-29 13:12:12,533 autoreload 668 Watching for file changes with StatReloader
INFO 2024-02-29 13:12:21,565 autoreload 668 Watching for file changes with StatReloader
INFO 2024-02-29 13:12:27,787 basehttp 212 "GET /mobiles/18866666666/count/ HTTP/1.1" 200 34
INFO 2024-02-29 13:12:27,787 basehttp 212 "GET /usernames/test12/count/ HTTP/1.1" 200 31
INFO 2024-02-29 13:12:44,864 basehttp 212 "GET /mobiles/18866666666/count/ HTTP/1.1" 200 34
INFO 2024-02-29 13:12:44,867 views 25 674445
INFO 2024-02-29 13:12:44,917 basehttp 212 "GET /sms_codes/18866666666/ HTTP/1.1" 200 16
INFO 2024-02-29 13:13:09,297 basehttp 212 "OPTIONS /users/ HTTP/1.1" 200 0
INFO 2024-02-29 13:13:09,302 basehttp 212 "GET /usernames/test12/count/ HTTP/1.1" 200 31
INFO 2024-02-29 13:13:09,306 basehttp 212 "GET /mobiles/18866666666/count/ HTTP/1.1" 200 34
INFO 2024-02-29 13:13:09,907 basehttp 212 "POST /users/ HTTP/1.1" 201 51
INFO 2024-02-29 13:14:07,304 basehttp 212 "GET /usernames/test12/count/ HTTP/1.1" 200 31
INFO 2024-02-29 13:14:11,951 basehttp 212 "GET /mobiles/18866666666/count/ HTTP/1.1" 200 34
INFO 2024-02-29 13:34:18,468 autoreload 266 D:\senior_homework\graduation project\my_mall\apps\users\serializer.py changed, reloading.
INFO 2024-02-29 13:34:19,726 autoreload 668 Watching for file changes with StatReloader
INFO 2024-02-29 13:41:08,516 autoreload 266 D:\senior_homework\graduation project\my_mall\apps\users\serializer.py changed, reloading.
INFO 2024-02-29 13:41:09,780 autoreload 668 Watching for file changes with StatReloader
INFO 2024-02-29 13:42:56,735 autoreload 266 D:\senior_homework\graduation project\my_mall\my_mall\settings.py changed, reloading.
INFO 2024-02-29 13:42:57,634 autoreload 668 Watching for file changes with StatReloader
INFO 2024-02-29 13:44:08,909 autoreload 266 D:\senior_homework\graduation project\my_mall\apps\users\serializer.py changed, reloading.
INFO 2024-02-29 13:44:10,805 autoreload 668 Watching for file changes with StatReloader
INFO 2024-02-29 13:44:15,171 autoreload 266 D:\senior_homework\graduation project\my_mall\apps\users\serializer.py changed, reloading.
INFO 2024-02-29 13:44:18,238 autoreload 668 Watching for file changes with StatReloader
INFO 2024-02-29 13:45:30,281 autoreload 266 D:\senior_homework\graduation project\my_mall\apps\users\serializer.py changed, reloading.
INFO 2024-02-29 13:45:31,364 autoreload 668 Watching for file changes with StatReloader
INFO 2024-02-29 13:51:43,153 autoreload 668 Watching for file changes with StatReloader
INFO 2024-02-29 13:52:35,885 autoreload 266 D:\senior_homework\graduation project\my_mall\apps\users\serializer.py changed, reloading.
INFO 2024-02-29 13:52:36,942 autoreload 668 Watching for file changes with StatReloader
INFO 2024-02-29 14:08:43,659 basehttp 212 "GET /usernames/test1/count/ HTTP/1.1" 200 30
INFO 2024-02-29 14:08:59,706 basehttp 212 "GET /mobiles/18866666667/count/ HTTP/1.1" 200 34
INFO 2024-02-29 14:09:02,303 views 25 933670
INFO 2024-02-29 14:09:02,310 basehttp 212 "GET /mobiles/18866666667/count/ HTTP/1.1" 200 34
INFO 2024-02-29 14:09:02,646 basehttp 212 "GET /sms_codes/18866666667/ HTTP/1.1" 200 16
INFO 2024-02-29 14:09:30,290 basehttp 212 "GET /mobiles/18866666667/count/ HTTP/1.1" 200 34
INFO 2024-02-29 14:09:30,290 basehttp 212 "GET /usernames/test1/count/ HTTP/1.1" 200 30
INFO 2024-02-29 14:09:30,904 basehttp 212 "POST /users/ HTTP/1.1" 201 225
INFO 2024-02-29 14:18:17,331 autoreload 266 D:\senior_homework\graduation project\my_mall\apps\users\serializer.py changed, reloading.
INFO 2024-02-29 14:18:20,672 autoreload 668 Watching for file changes with StatReloader
INFO 2024-02-29 14:18:39,370 autoreload 266 D:\senior_homework\graduation project\my_mall\apps\users\serializer.py changed, reloading.
INFO 2024-02-29 14:18:40,272 autoreload 668 Watching for file changes with StatReloader
INFO 2024-02-29 14:19:04,754 autoreload 266 D:\senior_homework\graduation project\my_mall\apps\users\serializer.py changed, reloading.
INFO 2024-02-29 14:19:06,165 autoreload 668 Watching for file changes with StatReloader
INFO 2024-02-29 14:21:48,753 autoreload 266 D:\senior_homework\graduation project\my_mall\apps\users\urls.py changed, reloading.
INFO 2024-02-29 14:21:50,908 autoreload 668 Watching for file changes with StatReloader
INFO 2024-02-29 14:22:43,827 autoreload 266 D:\senior_homework\graduation project\my_mall\apps\users\urls.py changed, reloading.
INFO 2024-02-29 14:22:45,224 autoreload 668 Watching for file changes with StatReloader
INFO 2024-02-29 14:23:09,483 basehttp 212 "OPTIONS /user/ HTTP/1.1" 200 0
WARNING 2024-02-29 14:23:09,527 log 241 Not Found: /user/
WARNING 2024-02-29 14:23:09,528 basehttp 212 "GET /user/ HTTP/1.1" 404 2959
INFO 2024-02-29 14:25:49,001 basehttp 212 "OPTIONS /authorizations/ HTTP/1.1" 200 0
INFO 2024-02-29 14:25:49,530 basehttp 212 "POST /authorizations/ HTTP/1.1" 200 173
INFO 2024-02-29 14:48:06,752 autoreload 266 D:\senior_homework\graduation project\my_mall\my_mall\settings.py changed, reloading.
INFO 2024-02-29 14:57:56,518 autoreload 668 Watching for file changes with StatReloader
INFO 2024-02-29 14:58:10,911 autoreload 668 Watching for file changes with StatReloader
INFO 2024-02-29 14:58:23,820 autoreload 266 D:\senior_homework\graduation project\my_mall\my_mall\settings.py changed, reloading.
INFO 2024-02-29 14:58:24,826 autoreload 668 Watching for file changes with StatReloader
INFO 2024-02-29 14:59:19,904 autoreload 266 D:\senior_homework\graduation project\my_mall\my_mall\settings.py changed, reloading.
INFO 2024-02-29 14:59:20,977 autoreload 668 Watching for file changes with StatReloader
INFO 2024-02-29 15:00:00,134 basehttp 212 "POST /authorizations/ HTTP/1.1" 200 204
INFO 2024-02-29 15:23:54,258 autoreload 266 D:\senior_homework\graduation project\my_mall\apps\users\utils.py changed, reloading.
INFO 2024-02-29 15:23:55,247 autoreload 668 Watching for file changes with StatReloader
INFO 2024-02-29 15:27:56,299 autoreload 266 D:\senior_homework\graduation project\my_mall\apps\users\utils.py changed, reloading.
INFO 2024-02-29 15:27:57,070 autoreload 668 Watching for file changes with StatReloader
INFO 2024-02-29 15:29:46,930 autoreload 266 D:\senior_homework\graduation project\my_mall\apps\users\utils.py changed, reloading.
INFO 2024-02-29 15:29:47,929 autoreload 668 Watching for file changes with StatReloader
INFO 2024-02-29 15:30:36,565 autoreload 266 D:\senior_homework\graduation project\my_mall\apps\users\utils.py changed, reloading.
INFO 2024-02-29 15:30:37,331 autoreload 668 Watching for file changes with StatReloader
INFO 2024-02-29 15:32:20,552 autoreload 266 D:\senior_homework\graduation project\my_mall\apps\users\utils.py changed, reloading.
INFO 2024-02-29 15:32:21,458 autoreload 668 Watching for file changes with StatReloader
INFO 2024-02-29 15:37:13,893 autoreload 266 D:\senior_homework\graduation project\my_mall\apps\users\utils.py changed, reloading.
INFO 2024-02-29 15:37:15,357 autoreload 668 Watching for file changes with StatReloader
INFO 2024-02-29 15:38:07,223 autoreload 266 D:\senior_homework\graduation project\my_mall\apps\users\utils.py changed, reloading.
INFO 2024-02-29 15:38:08,546 autoreload 668 Watching for file changes with StatReloader
INFO 2024-02-29 15:39:40,566 autoreload 266 D:\senior_homework\graduation project\my_mall\apps\users\utils.py changed, reloading.
INFO 2024-02-29 15:39:42,165 autoreload 668 Watching for file changes with StatReloader
INFO 2024-02-29 15:40:03,657 autoreload 266 D:\senior_homework\graduation project\my_mall\apps\users\utils.py changed, reloading.
INFO 2024-02-29 15:40:05,080 autoreload 668 Watching for file changes with StatReloader
INFO 2024-02-29 15:41:02,343 autoreload 266 D:\senior_homework\graduation project\my_mall\apps\users\utils.py changed, reloading.
INFO 2024-02-29 15:41:03,057 autoreload 668 Watching for file changes with StatReloader
INFO 2024-02-29 15:41:55,450 autoreload 266 D:\senior_homework\graduation project\my_mall\my_mall\settings.py changed, reloading.
INFO 2024-02-29 15:41:56,396 autoreload 668 Watching for file changes with StatReloader
INFO 2024-02-29 16:02:04,029 autoreload 266 D:\senior_homework\graduation project\my_mall\apps\users\models.py changed, reloading.
INFO 2024-02-29 16:02:05,145 autoreload 668 Watching for file changes with StatReloader
INFO 2024-02-29 16:02:32,907 autoreload 266 D:\senior_homework\graduation project\my_mall\apps\users\models.py changed, reloading.
INFO 2024-02-29 16:02:33,966 autoreload 668 Watching for file changes with StatReloader
INFO 2024-02-29 16:03:26,749 autoreload 266 D:\senior_homework\graduation project\my_mall\apps\users\models.py changed, reloading.
INFO 2024-02-29 16:03:27,703 autoreload 668 Watching for file changes with StatReloader
INFO 2024-02-29 16:03:44,925 autoreload 266 D:\senior_homework\graduation project\my_mall\apps\users\models.py changed, reloading.
INFO 2024-02-29 16:03:46,096 autoreload 668 Watching for file changes with StatReloader
INFO 2024-02-29 16:04:08,659 autoreload 266 D:\senior_homework\graduation project\my_mall\apps\users\models.py changed, reloading.
INFO 2024-02-29 16:04:09,612 autoreload 668 Watching for file changes with StatReloader
INFO 2024-02-29 16:04:24,373 autoreload 266 D:\senior_homework\graduation project\my_mall\apps\users\models.py changed, reloading.
INFO 2024-02-29 16:04:25,604 autoreload 668 Watching for file changes with StatReloader
INFO 2024-02-29 16:06:39,365 autoreload 266 D:\senior_homework\graduation project\my_mall\apps\users\views.py changed, reloading.
INFO 2024-02-29 16:06:41,012 autoreload 668 Watching for file changes with StatReloader
INFO 2024-02-29 16:07:22,624 autoreload 266 D:\senior_homework\graduation project\my_mall\apps\users\views.py changed, reloading.
INFO 2024-02-29 16:07:24,213 autoreload 668 Watching for file changes with StatReloader
INFO 2024-02-29 16:07:59,537 autoreload 266 D:\senior_homework\graduation project\my_mall\apps\users\views.py changed, reloading.
INFO 2024-02-29 16:08:00,495 autoreload 668 Watching for file changes with StatReloader
INFO 2024-02-29 16:12:11,978 autoreload 266 D:\senior_homework\graduation project\my_mall\apps\users\views.py changed, reloading.
INFO 2024-02-29 16:12:13,410 autoreload 668 Watching for file changes with StatReloader
INFO 2024-02-29 16:12:36,805 autoreload 266 D:\senior_homework\graduation project\my_mall\apps\users\views.py changed, reloading.
INFO 2024-02-29 16:12:37,857 autoreload 668 Watching for file changes with StatReloader
INFO 2024-02-29 16:13:34,393 autoreload 266 D:\senior_homework\graduation project\my_mall\apps\users\views.py changed, reloading.
INFO 2024-02-29 16:13:35,522 autoreload 668 Watching for file changes with StatReloader
INFO 2024-02-29 16:14:27,527 autoreload 266 D:\senior_homework\graduation project\my_mall\apps\users\views.py changed, reloading.
INFO 2024-02-29 16:14:28,612 autoreload 668 Watching for file changes with StatReloader
INFO 2024-02-29 16:22:05,130 autoreload 266 D:\senior_homework\graduation project\my_mall\apps\users\serializer.py changed, reloading.
INFO 2024-02-29 16:22:06,204 autoreload 668 Watching for file changes with StatReloader
INFO 2024-02-29 16:22:47,097 autoreload 266 D:\senior_homework\graduation project\my_mall\apps\users\views.py changed, reloading.
INFO 2024-02-29 16:22:47,944 autoreload 668 Watching for file changes with StatReloader
INFO 2024-02-29 16:23:31,651 autoreload 266 D:\senior_homework\graduation project\my_mall\apps\users\views.py changed, reloading.
INFO 2024-02-29 16:23:33,528 autoreload 668 Watching for file changes with StatReloader
INFO 2024-02-29 16:24:02,714 autoreload 266 D:\senior_homework\graduation project\my_mall\apps\users\urls.py changed, reloading.
INFO 2024-02-29 16:24:03,789 autoreload 668 Watching for file changes with StatReloader
INFO 2024-02-29 16:24:44,190 autoreload 266 D:\senior_homework\graduation project\my_mall\apps\users\urls.py changed, reloading.
INFO 2024-02-29 16:24:45,243 autoreload 668 Watching for file changes with StatReloader
INFO 2024-02-29 16:28:53,642 autoreload 266 D:\senior_homework\graduation project\my_mall\my_mall\settings.py changed, reloading.
INFO 2024-02-29 16:28:54,537 autoreload 668 Watching for file changes with StatReloader
INFO 2024-02-29 16:31:01,136 basehttp 212 "OPTIONS /user/ HTTP/1.1" 200 0
ERROR 2024-02-29 16:31:01,469 log 241 Internal Server Error: /user/
Traceback (most recent call last):
  File "D:\python_worksation\venv\Lib\site-packages\rest_framework\views.py", line 506, in dispatch
    response = handler(request, *args, **kwargs)
               ^^^^^^^^^^^^^^^^^^^^^^^^^^^^^^^^^
  File "D:\python_worksation\venv\Lib\site-packages\rest_framework\generics.py", line 208, in get
    return self.retrieve(request, *args, **kwargs)
           ^^^^^^^^^^^^^^^^^^^^^^^^^^^^^^^^^^^^^^^
  File "D:\python_worksation\venv\Lib\site-packages\rest_framework\mixins.py", line 56, in retrieve
    return Response(serializer.data)
                    ^^^^^^^^^^^^^^^
  File "D:\python_worksation\venv\Lib\site-packages\rest_framework\serializers.py", line 555, in data
    ret = super().data
          ^^^^^^^^^^^^
  File "D:\python_worksation\venv\Lib\site-packages\rest_framework\serializers.py", line 253, in data
    self._data = self.to_representation(self.instance)
                 ^^^^^^^^^^^^^^^^^^^^^^^^^^^^^^^^^^^^^
  File "D:\python_worksation\venv\Lib\site-packages\rest_framework\serializers.py", line 507, in to_representation
    for field in fields:
  File "D:\python_worksation\venv\Lib\site-packages\rest_framework\serializers.py", line 368, in _readable_fields
    for field in self.fields.values():
                 ^^^^^^^^^^^
  File "D:\python_worksation\venv\Lib\site-packages\django\utils\functional.py", line 57, in __get__
    res = instance.__dict__[self.name] = self.func(instance)
                                         ^^^^^^^^^^^^^^^^^^^
  File "D:\python_worksation\venv\Lib\site-packages\rest_framework\serializers.py", line 356, in fields
    for key, value in self.get_fields().items():
                      ^^^^^^^^^^^^^^^^^
  File "D:\python_worksation\venv\Lib\site-packages\rest_framework\serializers.py", line 1076, in get_fields
    field_class, field_kwargs = self.build_field(
                                ^^^^^^^^^^^^^^^^^
  File "D:\python_worksation\venv\Lib\site-packages\rest_framework\serializers.py", line 1222, in build_field
    return self.build_unknown_field(field_name, model_class)
           ^^^^^^^^^^^^^^^^^^^^^^^^^^^^^^^^^^^^^^^^^^^^^^^^^
  File "D:\python_worksation\venv\Lib\site-packages\rest_framework\serializers.py", line 1340, in build_unknown_field
    raise ImproperlyConfigured(
django.core.exceptions.ImproperlyConfigured: Field name `email_active` is not valid for model `User`.

During handling of the above exception, another exception occurred:

Traceback (most recent call last):
  File "D:\python_worksation\venv\Lib\site-packages\rest_framework\settings.py", line 177, in import_from_string
    return import_string(val)
           ^^^^^^^^^^^^^^^^^^
  File "D:\python_worksation\venv\Lib\site-packages\django\utils\module_loading.py", line 30, in import_string
    return cached_import(module_path, class_name)
           ^^^^^^^^^^^^^^^^^^^^^^^^^^^^^^^^^^^^^^
  File "D:\python_worksation\venv\Lib\site-packages\django\utils\module_loading.py", line 15, in cached_import
    module = import_module(module_path)
             ^^^^^^^^^^^^^^^^^^^^^^^^^^
  File "C:\Users\31952\AppData\Local\Programs\Python\Python311\Lib\importlib\__init__.py", line 126, in import_module
    return _bootstrap._gcd_import(name[level:], package, level)
           ^^^^^^^^^^^^^^^^^^^^^^^^^^^^^^^^^^^^^^^^^^^^^^^^^^^^
  File "<frozen importlib._bootstrap>", line 1204, in _gcd_import
  File "<frozen importlib._bootstrap>", line 1176, in _find_and_load
  File "<frozen importlib._bootstrap>", line 1126, in _find_and_load_unlocked
  File "<frozen importlib._bootstrap>", line 241, in _call_with_frames_removed
  File "<frozen importlib._bootstrap>", line 1204, in _gcd_import
  File "<frozen importlib._bootstrap>", line 1176, in _find_and_load
  File "<frozen importlib._bootstrap>", line 1140, in _find_and_load_unlocked
ModuleNotFoundError: No module named 'my_mall.utils'

During handling of the above exception, another exception occurred:

Traceback (most recent call last):
  File "D:\python_worksation\venv\Lib\site-packages\django\core\handlers\exception.py", line 55, in inner
    response = get_response(request)
               ^^^^^^^^^^^^^^^^^^^^^
  File "D:\python_worksation\venv\Lib\site-packages\django\core\handlers\base.py", line 197, in _get_response
    response = wrapped_callback(request, *callback_args, **callback_kwargs)
               ^^^^^^^^^^^^^^^^^^^^^^^^^^^^^^^^^^^^^^^^^^^^^^^^^^^^^^^^^^^^
  File "D:\python_worksation\venv\Lib\site-packages\django\views\decorators\csrf.py", line 56, in wrapper_view
    return view_func(*args, **kwargs)
           ^^^^^^^^^^^^^^^^^^^^^^^^^^
  File "D:\python_worksation\venv\Lib\site-packages\django\views\generic\base.py", line 104, in view
    return self.dispatch(request, *args, **kwargs)
           ^^^^^^^^^^^^^^^^^^^^^^^^^^^^^^^^^^^^^^^
  File "D:\python_worksation\venv\Lib\site-packages\rest_framework\views.py", line 509, in dispatch
    response = self.handle_exception(exc)
               ^^^^^^^^^^^^^^^^^^^^^^^^^^
  File "D:\python_worksation\venv\Lib\site-packages\rest_framework\views.py", line 463, in handle_exception
    exception_handler = self.get_exception_handler()
                        ^^^^^^^^^^^^^^^^^^^^^^^^^^^^
  File "D:\python_worksation\venv\Lib\site-packages\rest_framework\views.py", line 298, in get_exception_handler
    return self.settings.EXCEPTION_HANDLER
           ^^^^^^^^^^^^^^^^^^^^^^^^^^^^^^^
  File "D:\python_worksation\venv\Lib\site-packages\rest_framework\settings.py", line 225, in __getattr__
    val = perform_import(val, attr)
          ^^^^^^^^^^^^^^^^^^^^^^^^^
  File "D:\python_worksation\venv\Lib\site-packages\rest_framework\settings.py", line 166, in perform_import
    return import_from_string(val, setting_name)
           ^^^^^^^^^^^^^^^^^^^^^^^^^^^^^^^^^^^^^
  File "D:\python_worksation\venv\Lib\site-packages\rest_framework\settings.py", line 180, in import_from_string
    raise ImportError(msg)
ImportError: Could not import 'my_mall.utils.exceptions.exception handler' for API setting 'EXCEPTION_HANDLER'. ModuleNotFoundError: No module named 'my_mall.utils'.
ERROR 2024-02-29 16:31:01,479 basehttp 212 "GET /user/ HTTP/1.1" 500 188665
ERROR 2024-02-29 16:31:04,550 log 241 Internal Server Error: /user/
Traceback (most recent call last):
  File "D:\python_worksation\venv\Lib\site-packages\rest_framework\views.py", line 506, in dispatch
    response = handler(request, *args, **kwargs)
               ^^^^^^^^^^^^^^^^^^^^^^^^^^^^^^^^^
  File "D:\python_worksation\venv\Lib\site-packages\rest_framework\generics.py", line 208, in get
    return self.retrieve(request, *args, **kwargs)
           ^^^^^^^^^^^^^^^^^^^^^^^^^^^^^^^^^^^^^^^
  File "D:\python_worksation\venv\Lib\site-packages\rest_framework\mixins.py", line 56, in retrieve
    return Response(serializer.data)
                    ^^^^^^^^^^^^^^^
  File "D:\python_worksation\venv\Lib\site-packages\rest_framework\serializers.py", line 555, in data
    ret = super().data
          ^^^^^^^^^^^^
  File "D:\python_worksation\venv\Lib\site-packages\rest_framework\serializers.py", line 253, in data
    self._data = self.to_representation(self.instance)
                 ^^^^^^^^^^^^^^^^^^^^^^^^^^^^^^^^^^^^^
  File "D:\python_worksation\venv\Lib\site-packages\rest_framework\serializers.py", line 507, in to_representation
    for field in fields:
  File "D:\python_worksation\venv\Lib\site-packages\rest_framework\serializers.py", line 368, in _readable_fields
    for field in self.fields.values():
                 ^^^^^^^^^^^
  File "D:\python_worksation\venv\Lib\site-packages\django\utils\functional.py", line 57, in __get__
    res = instance.__dict__[self.name] = self.func(instance)
                                         ^^^^^^^^^^^^^^^^^^^
  File "D:\python_worksation\venv\Lib\site-packages\rest_framework\serializers.py", line 356, in fields
    for key, value in self.get_fields().items():
                      ^^^^^^^^^^^^^^^^^
  File "D:\python_worksation\venv\Lib\site-packages\rest_framework\serializers.py", line 1076, in get_fields
    field_class, field_kwargs = self.build_field(
                                ^^^^^^^^^^^^^^^^^
  File "D:\python_worksation\venv\Lib\site-packages\rest_framework\serializers.py", line 1222, in build_field
    return self.build_unknown_field(field_name, model_class)
           ^^^^^^^^^^^^^^^^^^^^^^^^^^^^^^^^^^^^^^^^^^^^^^^^^
  File "D:\python_worksation\venv\Lib\site-packages\rest_framework\serializers.py", line 1340, in build_unknown_field
    raise ImproperlyConfigured(
django.core.exceptions.ImproperlyConfigured: Field name `email_active` is not valid for model `User`.

During handling of the above exception, another exception occurred:

Traceback (most recent call last):
  File "D:\python_worksation\venv\Lib\site-packages\rest_framework\settings.py", line 177, in import_from_string
    return import_string(val)
           ^^^^^^^^^^^^^^^^^^
  File "D:\python_worksation\venv\Lib\site-packages\django\utils\module_loading.py", line 30, in import_string
    return cached_import(module_path, class_name)
           ^^^^^^^^^^^^^^^^^^^^^^^^^^^^^^^^^^^^^^
  File "D:\python_worksation\venv\Lib\site-packages\django\utils\module_loading.py", line 15, in cached_import
    module = import_module(module_path)
             ^^^^^^^^^^^^^^^^^^^^^^^^^^
  File "C:\Users\31952\AppData\Local\Programs\Python\Python311\Lib\importlib\__init__.py", line 126, in import_module
    return _bootstrap._gcd_import(name[level:], package, level)
           ^^^^^^^^^^^^^^^^^^^^^^^^^^^^^^^^^^^^^^^^^^^^^^^^^^^^
  File "<frozen importlib._bootstrap>", line 1204, in _gcd_import
  File "<frozen importlib._bootstrap>", line 1176, in _find_and_load
  File "<frozen importlib._bootstrap>", line 1126, in _find_and_load_unlocked
  File "<frozen importlib._bootstrap>", line 241, in _call_with_frames_removed
  File "<frozen importlib._bootstrap>", line 1204, in _gcd_import
  File "<frozen importlib._bootstrap>", line 1176, in _find_and_load
  File "<frozen importlib._bootstrap>", line 1140, in _find_and_load_unlocked
ModuleNotFoundError: No module named 'my_mall.utils'

During handling of the above exception, another exception occurred:

Traceback (most recent call last):
  File "D:\python_worksation\venv\Lib\site-packages\django\core\handlers\exception.py", line 55, in inner
    response = get_response(request)
               ^^^^^^^^^^^^^^^^^^^^^
  File "D:\python_worksation\venv\Lib\site-packages\django\core\handlers\base.py", line 197, in _get_response
    response = wrapped_callback(request, *callback_args, **callback_kwargs)
               ^^^^^^^^^^^^^^^^^^^^^^^^^^^^^^^^^^^^^^^^^^^^^^^^^^^^^^^^^^^^
  File "D:\python_worksation\venv\Lib\site-packages\django\views\decorators\csrf.py", line 56, in wrapper_view
    return view_func(*args, **kwargs)
           ^^^^^^^^^^^^^^^^^^^^^^^^^^
  File "D:\python_worksation\venv\Lib\site-packages\django\views\generic\base.py", line 104, in view
    return self.dispatch(request, *args, **kwargs)
           ^^^^^^^^^^^^^^^^^^^^^^^^^^^^^^^^^^^^^^^
  File "D:\python_worksation\venv\Lib\site-packages\rest_framework\views.py", line 509, in dispatch
    response = self.handle_exception(exc)
               ^^^^^^^^^^^^^^^^^^^^^^^^^^
  File "D:\python_worksation\venv\Lib\site-packages\rest_framework\views.py", line 463, in handle_exception
    exception_handler = self.get_exception_handler()
                        ^^^^^^^^^^^^^^^^^^^^^^^^^^^^
  File "D:\python_worksation\venv\Lib\site-packages\rest_framework\views.py", line 298, in get_exception_handler
    return self.settings.EXCEPTION_HANDLER
           ^^^^^^^^^^^^^^^^^^^^^^^^^^^^^^^
  File "D:\python_worksation\venv\Lib\site-packages\rest_framework\settings.py", line 225, in __getattr__
    val = perform_import(val, attr)
          ^^^^^^^^^^^^^^^^^^^^^^^^^
  File "D:\python_worksation\venv\Lib\site-packages\rest_framework\settings.py", line 166, in perform_import
    return import_from_string(val, setting_name)
           ^^^^^^^^^^^^^^^^^^^^^^^^^^^^^^^^^^^^^
  File "D:\python_worksation\venv\Lib\site-packages\rest_framework\settings.py", line 180, in import_from_string
    raise ImportError(msg)
ImportError: Could not import 'my_mall.utils.exceptions.exception handler' for API setting 'EXCEPTION_HANDLER'. ModuleNotFoundError: No module named 'my_mall.utils'.
ERROR 2024-02-29 16:31:04,558 basehttp 212 "GET /user/ HTTP/1.1" 500 188665
INFO 2024-02-29 16:32:53,349 autoreload 266 D:\senior_homework\graduation project\my_mall\my_mall\settings.py changed, reloading.
INFO 2024-02-29 16:32:54,092 autoreload 668 Watching for file changes with StatReloader
INFO 2024-02-29 16:33:24,790 autoreload 266 D:\senior_homework\graduation project\my_mall\my_mall\settings.py changed, reloading.
INFO 2024-02-29 16:33:25,659 autoreload 668 Watching for file changes with StatReloader
INFO 2024-02-29 16:33:32,165 autoreload 266 D:\senior_homework\graduation project\my_mall\my_mall\settings.py changed, reloading.
INFO 2024-02-29 16:33:33,134 autoreload 668 Watching for file changes with StatReloader
INFO 2024-02-29 16:33:39,664 autoreload 266 D:\senior_homework\graduation project\my_mall\my_mall\settings.py changed, reloading.
INFO 2024-02-29 16:33:40,406 autoreload 668 Watching for file changes with StatReloader
INFO 2024-02-29 16:34:07,861 autoreload 668 Watching for file changes with StatReloader
ERROR 2024-02-29 16:34:11,831 log 241 Internal Server Error: /user/
Traceback (most recent call last):
  File "D:\python_worksation\venv\Lib\site-packages\rest_framework\views.py", line 506, in dispatch
    response = handler(request, *args, **kwargs)
               ^^^^^^^^^^^^^^^^^^^^^^^^^^^^^^^^^
  File "D:\python_worksation\venv\Lib\site-packages\rest_framework\generics.py", line 208, in get
    return self.retrieve(request, *args, **kwargs)
           ^^^^^^^^^^^^^^^^^^^^^^^^^^^^^^^^^^^^^^^
  File "D:\python_worksation\venv\Lib\site-packages\rest_framework\mixins.py", line 56, in retrieve
    return Response(serializer.data)
                    ^^^^^^^^^^^^^^^
  File "D:\python_worksation\venv\Lib\site-packages\rest_framework\serializers.py", line 555, in data
    ret = super().data
          ^^^^^^^^^^^^
  File "D:\python_worksation\venv\Lib\site-packages\rest_framework\serializers.py", line 253, in data
    self._data = self.to_representation(self.instance)
                 ^^^^^^^^^^^^^^^^^^^^^^^^^^^^^^^^^^^^^
  File "D:\python_worksation\venv\Lib\site-packages\rest_framework\serializers.py", line 507, in to_representation
    for field in fields:
  File "D:\python_worksation\venv\Lib\site-packages\rest_framework\serializers.py", line 368, in _readable_fields
    for field in self.fields.values():
                 ^^^^^^^^^^^
  File "D:\python_worksation\venv\Lib\site-packages\django\utils\functional.py", line 57, in __get__
    res = instance.__dict__[self.name] = self.func(instance)
                                         ^^^^^^^^^^^^^^^^^^^
  File "D:\python_worksation\venv\Lib\site-packages\rest_framework\serializers.py", line 356, in fields
    for key, value in self.get_fields().items():
                      ^^^^^^^^^^^^^^^^^
  File "D:\python_worksation\venv\Lib\site-packages\rest_framework\serializers.py", line 1076, in get_fields
    field_class, field_kwargs = self.build_field(
                                ^^^^^^^^^^^^^^^^^
  File "D:\python_worksation\venv\Lib\site-packages\rest_framework\serializers.py", line 1222, in build_field
    return self.build_unknown_field(field_name, model_class)
           ^^^^^^^^^^^^^^^^^^^^^^^^^^^^^^^^^^^^^^^^^^^^^^^^^
  File "D:\python_worksation\venv\Lib\site-packages\rest_framework\serializers.py", line 1340, in build_unknown_field
    raise ImproperlyConfigured(
django.core.exceptions.ImproperlyConfigured: Field name `email_active` is not valid for model `User`.

During handling of the above exception, another exception occurred:

Traceback (most recent call last):
  File "D:\python_worksation\venv\Lib\site-packages\rest_framework\settings.py", line 177, in import_from_string
    return import_string(val)
           ^^^^^^^^^^^^^^^^^^
  File "D:\python_worksation\venv\Lib\site-packages\django\utils\module_loading.py", line 30, in import_string
    return cached_import(module_path, class_name)
           ^^^^^^^^^^^^^^^^^^^^^^^^^^^^^^^^^^^^^^
  File "D:\python_worksation\venv\Lib\site-packages\django\utils\module_loading.py", line 15, in cached_import
    module = import_module(module_path)
             ^^^^^^^^^^^^^^^^^^^^^^^^^^
  File "C:\Users\31952\AppData\Local\Programs\Python\Python311\Lib\importlib\__init__.py", line 126, in import_module
    return _bootstrap._gcd_import(name[level:], package, level)
           ^^^^^^^^^^^^^^^^^^^^^^^^^^^^^^^^^^^^^^^^^^^^^^^^^^^^
  File "<frozen importlib._bootstrap>", line 1204, in _gcd_import
  File "<frozen importlib._bootstrap>", line 1176, in _find_and_load
  File "<frozen importlib._bootstrap>", line 1126, in _find_and_load_unlocked
  File "<frozen importlib._bootstrap>", line 241, in _call_with_frames_removed
  File "<frozen importlib._bootstrap>", line 1204, in _gcd_import
  File "<frozen importlib._bootstrap>", line 1176, in _find_and_load
  File "<frozen importlib._bootstrap>", line 1140, in _find_and_load_unlocked
ModuleNotFoundError: No module named 'my_mall.utils'

During handling of the above exception, another exception occurred:

Traceback (most recent call last):
  File "D:\python_worksation\venv\Lib\site-packages\django\core\handlers\exception.py", line 55, in inner
    response = get_response(request)
               ^^^^^^^^^^^^^^^^^^^^^
  File "D:\python_worksation\venv\Lib\site-packages\django\core\handlers\base.py", line 197, in _get_response
    response = wrapped_callback(request, *callback_args, **callback_kwargs)
               ^^^^^^^^^^^^^^^^^^^^^^^^^^^^^^^^^^^^^^^^^^^^^^^^^^^^^^^^^^^^
  File "D:\python_worksation\venv\Lib\site-packages\django\views\decorators\csrf.py", line 56, in wrapper_view
    return view_func(*args, **kwargs)
           ^^^^^^^^^^^^^^^^^^^^^^^^^^
  File "D:\python_worksation\venv\Lib\site-packages\django\views\generic\base.py", line 104, in view
    return self.dispatch(request, *args, **kwargs)
           ^^^^^^^^^^^^^^^^^^^^^^^^^^^^^^^^^^^^^^^
  File "D:\python_worksation\venv\Lib\site-packages\rest_framework\views.py", line 509, in dispatch
    response = self.handle_exception(exc)
               ^^^^^^^^^^^^^^^^^^^^^^^^^^
  File "D:\python_worksation\venv\Lib\site-packages\rest_framework\views.py", line 463, in handle_exception
    exception_handler = self.get_exception_handler()
                        ^^^^^^^^^^^^^^^^^^^^^^^^^^^^
  File "D:\python_worksation\venv\Lib\site-packages\rest_framework\views.py", line 298, in get_exception_handler
    return self.settings.EXCEPTION_HANDLER
           ^^^^^^^^^^^^^^^^^^^^^^^^^^^^^^^
  File "D:\python_worksation\venv\Lib\site-packages\rest_framework\settings.py", line 225, in __getattr__
    val = perform_import(val, attr)
          ^^^^^^^^^^^^^^^^^^^^^^^^^
  File "D:\python_worksation\venv\Lib\site-packages\rest_framework\settings.py", line 166, in perform_import
    return import_from_string(val, setting_name)
           ^^^^^^^^^^^^^^^^^^^^^^^^^^^^^^^^^^^^^
  File "D:\python_worksation\venv\Lib\site-packages\rest_framework\settings.py", line 180, in import_from_string
    raise ImportError(msg)
ImportError: Could not import 'my_mall.utils.exceptions.exception_handler' for API setting 'EXCEPTION_HANDLER'. ModuleNotFoundError: No module named 'my_mall.utils'.
ERROR 2024-02-29 16:34:11,845 basehttp 212 "GET /user/ HTTP/1.1" 500 188665
INFO 2024-02-29 16:35:22,987 autoreload 668 Watching for file changes with StatReloader
ERROR 2024-02-29 16:35:25,444 log 241 Internal Server Error: /user/
Traceback (most recent call last):
  File "D:\python_worksation\venv\Lib\site-packages\django\core\handlers\exception.py", line 55, in inner
    response = get_response(request)
               ^^^^^^^^^^^^^^^^^^^^^
  File "D:\python_worksation\venv\Lib\site-packages\django\core\handlers\base.py", line 197, in _get_response
    response = wrapped_callback(request, *callback_args, **callback_kwargs)
               ^^^^^^^^^^^^^^^^^^^^^^^^^^^^^^^^^^^^^^^^^^^^^^^^^^^^^^^^^^^^
  File "D:\python_worksation\venv\Lib\site-packages\django\views\decorators\csrf.py", line 56, in wrapper_view
    return view_func(*args, **kwargs)
           ^^^^^^^^^^^^^^^^^^^^^^^^^^
  File "D:\python_worksation\venv\Lib\site-packages\django\views\generic\base.py", line 104, in view
    return self.dispatch(request, *args, **kwargs)
           ^^^^^^^^^^^^^^^^^^^^^^^^^^^^^^^^^^^^^^^
  File "D:\python_worksation\venv\Lib\site-packages\rest_framework\views.py", line 509, in dispatch
    response = self.handle_exception(exc)
               ^^^^^^^^^^^^^^^^^^^^^^^^^^
  File "D:\python_worksation\venv\Lib\site-packages\rest_framework\views.py", line 469, in handle_exception
    self.raise_uncaught_exception(exc)
  File "D:\python_worksation\venv\Lib\site-packages\rest_framework\views.py", line 480, in raise_uncaught_exception
    raise exc
  File "D:\python_worksation\venv\Lib\site-packages\rest_framework\views.py", line 506, in dispatch
    response = handler(request, *args, **kwargs)
               ^^^^^^^^^^^^^^^^^^^^^^^^^^^^^^^^^
  File "D:\python_worksation\venv\Lib\site-packages\rest_framework\generics.py", line 208, in get
    return self.retrieve(request, *args, **kwargs)
           ^^^^^^^^^^^^^^^^^^^^^^^^^^^^^^^^^^^^^^^
  File "D:\python_worksation\venv\Lib\site-packages\rest_framework\mixins.py", line 56, in retrieve
    return Response(serializer.data)
                    ^^^^^^^^^^^^^^^
  File "D:\python_worksation\venv\Lib\site-packages\rest_framework\serializers.py", line 555, in data
    ret = super().data
          ^^^^^^^^^^^^
  File "D:\python_worksation\venv\Lib\site-packages\rest_framework\serializers.py", line 253, in data
    self._data = self.to_representation(self.instance)
                 ^^^^^^^^^^^^^^^^^^^^^^^^^^^^^^^^^^^^^
  File "D:\python_worksation\venv\Lib\site-packages\rest_framework\serializers.py", line 507, in to_representation
    for field in fields:
  File "D:\python_worksation\venv\Lib\site-packages\rest_framework\serializers.py", line 368, in _readable_fields
    for field in self.fields.values():
                 ^^^^^^^^^^^
  File "D:\python_worksation\venv\Lib\site-packages\django\utils\functional.py", line 57, in __get__
    res = instance.__dict__[self.name] = self.func(instance)
                                         ^^^^^^^^^^^^^^^^^^^
  File "D:\python_worksation\venv\Lib\site-packages\rest_framework\serializers.py", line 356, in fields
    for key, value in self.get_fields().items():
                      ^^^^^^^^^^^^^^^^^
  File "D:\python_worksation\venv\Lib\site-packages\rest_framework\serializers.py", line 1076, in get_fields
    field_class, field_kwargs = self.build_field(
                                ^^^^^^^^^^^^^^^^^
  File "D:\python_worksation\venv\Lib\site-packages\rest_framework\serializers.py", line 1222, in build_field
    return self.build_unknown_field(field_name, model_class)
           ^^^^^^^^^^^^^^^^^^^^^^^^^^^^^^^^^^^^^^^^^^^^^^^^^
  File "D:\python_worksation\venv\Lib\site-packages\rest_framework\serializers.py", line 1340, in build_unknown_field
    raise ImproperlyConfigured(
django.core.exceptions.ImproperlyConfigured: Field name `email_active` is not valid for model `User`.
ERROR 2024-02-29 16:35:25,448 basehttp 212 "GET /user/ HTTP/1.1" 500 146774
INFO 2024-02-29 16:36:39,034 autoreload 266 D:\senior_homework\graduation project\my_mall\apps\users\serializer.py changed, reloading.
INFO 2024-02-29 16:36:39,871 autoreload 668 Watching for file changes with StatReloader
INFO 2024-02-29 16:37:10,008 autoreload 668 Watching for file changes with StatReloader
INFO 2024-02-29 16:37:18,438 basehttp 212 "GET /user/ HTTP/1.1" 200 82
INFO 2024-02-29 16:37:18,541 basehttp 212 "OPTIONS /browse_histories/ HTTP/1.1" 200 0
WARNING 2024-02-29 16:37:18,566 log 241 Not Found: /browse_histories/
WARNING 2024-02-29 16:37:18,567 basehttp 212 "GET /browse_histories/ HTTP/1.1" 404 3147
INFO 2024-02-29 16:38:11,366 autoreload 668 Watching for file changes with StatReloader
INFO 2024-02-29 16:38:15,000 basehttp 212 "GET /user/ HTTP/1.1" 200 82
WARNING 2024-02-29 16:38:15,137 log 241 Not Found: /browse_histories/
WARNING 2024-02-29 16:38:15,139 basehttp 212 "GET /browse_histories/ HTTP/1.1" 404 3147
INFO 2024-02-29 16:49:07,963 basehttp 212 "OPTIONS /addresses/ HTTP/1.1" 200 0
WARNING 2024-02-29 16:49:07,983 log 241 Not Found: /areas/
WARNING 2024-02-29 16:49:07,984 basehttp 212 "GET /areas/ HTTP/1.1" 404 3114
WARNING 2024-02-29 16:49:07,986 log 241 Not Found: /addresses/
WARNING 2024-02-29 16:49:07,988 basehttp 212 "GET /addresses/ HTTP/1.1" 404 3126
INFO 2024-02-29 17:05:44,256 autoreload 266 D:\senior_homework\graduation project\my_mall\my_mall\settings.py changed, reloading.
INFO 2024-02-29 17:05:45,975 autoreload 668 Watching for file changes with StatReloader
INFO 2024-02-29 17:06:04,347 autoreload 668 Watching for file changes with StatReloader
INFO 2024-02-29 17:06:21,114 autoreload 668 Watching for file changes with StatReloader
INFO 2024-02-29 17:23:16,508 autoreload 266 D:\senior_homework\graduation project\my_mall\my_mall\urls.py changed, reloading.
INFO 2024-02-29 17:23:17,912 autoreload 668 Watching for file changes with StatReloader
INFO 2024-02-29 17:26:29,119 autoreload 266 D:\senior_homework\graduation project\my_mall\apps\areas\views.py changed, reloading.
INFO 2024-02-29 17:26:30,521 autoreload 668 Watching for file changes with StatReloader
INFO 2024-02-29 17:26:51,300 basehttp 212 "GET /areas HTTP/1.1" 301 0
INFO 2024-02-29 17:26:51,455 basehttp 212 "GET /areas/ HTTP/1.1" 200 8385
INFO 2024-02-29 17:26:52,008 basehttp 212 "GET /static/rest_framework/css/default.css HTTP/1.1" 200 1152
INFO 2024-02-29 17:26:52,013 basehttp 212 "GET /static/rest_framework/css/prettify.css HTTP/1.1" 200 817
INFO 2024-02-29 17:26:52,039 basehttp 212 "GET /static/rest_framework/css/bootstrap.min.css HTTP/1.1" 200 121457
INFO 2024-02-29 17:26:52,048 basehttp 212 "GET /static/rest_framework/css/bootstrap-tweaks.css HTTP/1.1" 200 3385
INFO 2024-02-29 17:26:52,068 basehttp 212 "GET /static/rest_framework/js/csrf.js HTTP/1.1" 200 1719
INFO 2024-02-29 17:26:52,082 basehttp 212 "GET /static/rest_framework/js/ajax-form.js HTTP/1.1" 200 3597
INFO 2024-02-29 17:26:52,089 basehttp 212 "GET /static/rest_framework/img/grid.png HTTP/1.1" 200 1458
INFO 2024-02-29 17:26:52,090 basehttp 212 "GET /static/rest_framework/js/default.js HTTP/1.1" 200 1268
INFO 2024-02-29 17:26:52,097 basehttp 212 "GET /static/rest_framework/js/bootstrap.min.js HTTP/1.1" 200 39680
INFO 2024-02-29 17:26:52,105 basehttp 212 "GET /static/rest_framework/js/prettify-min.js HTTP/1.1" 200 13632
INFO 2024-02-29 17:26:52,129 basehttp 212 "GET /static/rest_framework/js/jquery-3.5.1.min.js HTTP/1.1" 200 89476
INFO 2024-02-29 17:30:08,641 autoreload 266 D:\senior_homework\graduation project\my_mall\apps\areas\views.py changed, reloading.
INFO 2024-02-29 17:30:10,264 autoreload 668 Watching for file changes with StatReloader
INFO 2024-02-29 17:31:14,426 autoreload 266 D:\senior_homework\graduation project\my_mall\apps\areas\views.py changed, reloading.
INFO 2024-02-29 17:31:16,037 autoreload 668 Watching for file changes with StatReloader
INFO 2024-02-29 17:31:38,421 autoreload 266 D:\senior_homework\graduation project\my_mall\apps\areas\views.py changed, reloading.
INFO 2024-02-29 17:31:39,523 autoreload 668 Watching for file changes with StatReloader
INFO 2024-02-29 17:32:21,528 autoreload 266 D:\senior_homework\graduation project\my_mall\apps\areas\views.py changed, reloading.
INFO 2024-02-29 17:32:22,974 autoreload 668 Watching for file changes with StatReloader
INFO 2024-02-29 17:32:57,845 autoreload 266 D:\senior_homework\graduation project\my_mall\apps\areas\views.py changed, reloading.
INFO 2024-02-29 17:32:59,360 autoreload 668 Watching for file changes with StatReloader
INFO 2024-02-29 17:34:00,629 autoreload 266 D:\senior_homework\graduation project\my_mall\apps\areas\views.py changed, reloading.
INFO 2024-02-29 17:34:01,676 autoreload 668 Watching for file changes with StatReloader
INFO 2024-02-29 17:34:50,094 autoreload 266 D:\senior_homework\graduation project\my_mall\apps\areas\views.py changed, reloading.
INFO 2024-02-29 17:34:51,144 autoreload 668 Watching for file changes with StatReloader
INFO 2024-02-29 17:35:04,334 autoreload 266 D:\senior_homework\graduation project\my_mall\apps\areas\views.py changed, reloading.
INFO 2024-02-29 17:35:06,621 autoreload 668 Watching for file changes with StatReloader
INFO 2024-02-29 17:40:18,938 autoreload 266 D:\senior_homework\graduation project\my_mall\apps\areas\serializers.py changed, reloading.
INFO 2024-02-29 17:40:20,138 autoreload 668 Watching for file changes with StatReloader
INFO 2024-02-29 17:40:42,880 autoreload 266 D:\senior_homework\graduation project\my_mall\apps\areas\serializers.py changed, reloading.
INFO 2024-02-29 17:40:43,754 autoreload 668 Watching for file changes with StatReloader
INFO 2024-02-29 17:44:55,043 autoreload 266 D:\senior_homework\graduation project\my_mall\apps\areas\urls.py changed, reloading.
INFO 2024-02-29 17:44:56,281 autoreload 668 Watching for file changes with StatReloader
WARNING 2024-02-29 17:45:03,794 log 241 Not Found: /areas/130000
WARNING 2024-02-29 17:45:03,795 basehttp 212 "GET /areas/130000 HTTP/1.1" 404 3456
WARNING 2024-02-29 17:45:21,431 log 241 Not Found: /areas/130000
WARNING 2024-02-29 17:45:21,432 basehttp 212 "GET /areas/130000 HTTP/1.1" 404 3456
INFO 2024-02-29 17:45:21,838 autoreload 266 D:\senior_homework\graduation project\my_mall\apps\areas\urls.py changed, reloading.
INFO 2024-02-29 17:45:22,623 autoreload 668 Watching for file changes with StatReloader
INFO 2024-02-29 17:45:26,152 basehttp 212 "GET /areas/130000 HTTP/1.1" 301 0
INFO 2024-02-29 17:45:26,223 basehttp 212 "GET /areas/130000/ HTTP/1.1" 200 6748
WARNING 2024-02-29 17:47:15,814 log 241 Not Found: /addresses/
WARNING 2024-02-29 17:47:15,814 basehttp 212 "GET /addresses/ HTTP/1.1" 404 3443
INFO 2024-02-29 17:47:15,824 basehttp 212 "GET /areas/ HTTP/1.1" 200 1204
INFO 2024-02-29 17:48:30,351 basehttp 212 "GET /areas/130000/ HTTP/1.1" 200 464
INFO 2024-02-29 17:48:31,771 basehttp 212 "GET /areas/130100/ HTTP/1.1" 200 737
INFO 2024-02-29 18:21:11,300 autoreload 266 D:\senior_homework\graduation project\my_mall\apps\areas\views.py changed, reloading.
INFO 2024-02-29 18:21:12,634 autoreload 668 Watching for file changes with StatReloader
INFO 2024-02-29 18:23:23,872 autoreload 266 D:\senior_homework\graduation project\my_mall\apps\areas\views.py changed, reloading.
INFO 2024-02-29 18:23:24,649 autoreload 668 Watching for file changes with StatReloader
INFO 2024-02-29 18:23:37,301 autoreload 266 D:\senior_homework\graduation project\my_mall\apps\areas\views.py changed, reloading.
INFO 2024-02-29 18:23:37,990 autoreload 668 Watching for file changes with StatReloader
INFO 2024-02-29 18:23:45,822 autoreload 668 Watching for file changes with StatReloader
WARNING 2024-02-29 18:25:42,189 log 241 Not Found: /addresses/
WARNING 2024-02-29 18:25:42,190 basehttp 212 "GET /addresses/ HTTP/1.1" 404 3443
INFO 2024-02-29 18:25:42,225 basehttp 212 "GET /areas/ HTTP/1.1" 200 1204
INFO 2024-02-29 18:25:46,534 basehttp 212 "GET /areas/140000/ HTTP/1.1" 200 404
INFO 2024-02-29 18:34:22,223 autoreload 266 D:\senior_homework\graduation project\my_mall\apps\users\models.py changed, reloading.
INFO 2024-02-29 18:34:23,624 autoreload 668 Watching for file changes with StatReloader
INFO 2024-02-29 18:35:18,948 autoreload 266 D:\senior_homework\graduation project\my_mall\apps\users\models.py changed, reloading.
INFO 2024-02-29 18:35:20,003 autoreload 668 Watching for file changes with StatReloader
INFO 2024-02-29 19:21:28,618 basehttp 212 "OPTIONS /addresses/ HTTP/1.1" 200 0
INFO 2024-02-29 19:21:28,779 basehttp 212 "GET /areas/ HTTP/1.1" 200 1204
WARNING 2024-02-29 19:21:28,784 log 241 Not Found: /addresses/
WARNING 2024-02-29 19:21:28,785 basehttp 212 "GET /addresses/ HTTP/1.1" 404 3443
WARNING 2024-02-29 19:28:17,913 log 241 Not Found: /addresses/
WARNING 2024-02-29 19:28:17,916 basehttp 212 "GET /addresses/ HTTP/1.1" 404 3443
INFO 2024-02-29 19:28:17,964 basehttp 212 "GET /areas/ HTTP/1.1" 200 1204
INFO 2024-02-29 19:28:45,706 basehttp 212 "GET /areas/ HTTP/1.1" 200 1204
WARNING 2024-02-29 19:28:45,717 log 241 Not Found: /addresses/
WARNING 2024-02-29 19:28:45,718 basehttp 212 "GET /addresses/ HTTP/1.1" 404 3443
INFO 2024-02-29 19:29:03,003 basehttp 212 "GET /areas/ HTTP/1.1" 200 1204
INFO 2024-02-29 19:29:03,006 basehttp 212 "OPTIONS /addresses/ HTTP/1.1" 200 0
WARNING 2024-02-29 19:29:03,028 log 241 Not Found: /addresses/
WARNING 2024-02-29 19:29:03,029 basehttp 212 "GET /addresses/ HTTP/1.1" 404 3443
INFO 2024-02-29 19:29:56,323 basehttp 212 "GET /areas/ HTTP/1.1" 200 1204
WARNING 2024-02-29 19:29:56,361 log 241 Not Found: /addresses/
WARNING 2024-02-29 19:29:56,362 basehttp 212 "GET /addresses/ HTTP/1.1" 404 3443
INFO 2024-02-29 19:30:01,070 basehttp 212 "GET /areas/ HTTP/1.1" 200 1204
WARNING 2024-02-29 19:30:01,083 log 241 Not Found: /addresses/
WARNING 2024-02-29 19:30:01,085 basehttp 212 "GET /addresses/ HTTP/1.1" 404 3443
INFO 2024-02-29 19:30:11,364 basehttp 212 "GET /areas/ HTTP/1.1" 200 1204
INFO 2024-02-29 19:30:11,369 basehttp 212 "OPTIONS /addresses/ HTTP/1.1" 200 0
WARNING 2024-02-29 19:30:11,408 log 241 Not Found: /addresses/
WARNING 2024-02-29 19:30:11,410 basehttp 212 "GET /addresses/ HTTP/1.1" 404 3443
INFO 2024-02-29 19:30:14,714 basehttp 212 "GET /areas/ HTTP/1.1" 200 1204
WARNING 2024-02-29 19:30:14,724 log 241 Not Found: /addresses/
WARNING 2024-02-29 19:30:14,726 basehttp 212 "GET /addresses/ HTTP/1.1" 404 3443
INFO 2024-02-29 19:30:39,505 basehttp 212 "GET /areas/ HTTP/1.1" 200 1204
INFO 2024-02-29 19:30:39,509 basehttp 212 "OPTIONS /addresses/ HTTP/1.1" 200 0
WARNING 2024-02-29 19:30:39,554 log 241 Not Found: /addresses/
WARNING 2024-02-29 19:30:39,556 basehttp 212 "GET /addresses/ HTTP/1.1" 404 3443
INFO 2024-02-29 19:31:16,050 basehttp 212 "GET /areas/ HTTP/1.1" 200 1204
WARNING 2024-02-29 19:31:16,060 log 241 Not Found: /addresses/
WARNING 2024-02-29 19:31:16,061 basehttp 212 "GET /addresses/ HTTP/1.1" 404 3443
INFO 2024-02-29 19:31:38,615 basehttp 212 "OPTIONS /user/ HTTP/1.1" 200 0
ERROR 2024-02-29 19:31:38,647 exceptions 24 [<apps.users.views.UserDetailView object at 0x00000250E65E0850>](1054, "Unknown column 'tb_users.default_address_id' in 'field list'")
ERROR 2024-02-29 19:31:38,872 log 241 Internal Server Error: /user/
Traceback (most recent call last):
  File "D:\python_worksation\venv\Lib\site-packages\django\db\backends\utils.py", line 89, in _execute
    return self.cursor.execute(sql, params)
           ^^^^^^^^^^^^^^^^^^^^^^^^^^^^^^^^
  File "D:\python_worksation\venv\Lib\site-packages\django\db\backends\mysql\base.py", line 75, in execute
    return self.cursor.execute(query, args)
           ^^^^^^^^^^^^^^^^^^^^^^^^^^^^^^^^
  File "D:\python_worksation\venv\Lib\site-packages\MySQLdb\cursors.py", line 179, in execute
    res = self._query(mogrified_query)
          ^^^^^^^^^^^^^^^^^^^^^^^^^^^^
  File "D:\python_worksation\venv\Lib\site-packages\MySQLdb\cursors.py", line 330, in _query
    db.query(q)
  File "D:\python_worksation\venv\Lib\site-packages\MySQLdb\connections.py", line 257, in query
    _mysql.connection.query(self, query)
MySQLdb.OperationalError: (1054, "Unknown column 'tb_users.default_address_id' in 'field list'")

The above exception was the direct cause of the following exception:

Traceback (most recent call last):
  File "D:\python_worksation\venv\Lib\site-packages\rest_framework\views.py", line 497, in dispatch
    self.initial(request, *args, **kwargs)
  File "D:\python_worksation\venv\Lib\site-packages\rest_framework\views.py", line 414, in initial
    self.perform_authentication(request)
  File "D:\python_worksation\venv\Lib\site-packages\rest_framework\views.py", line 324, in perform_authentication
    request.user
  File "D:\python_worksation\venv\Lib\site-packages\rest_framework\request.py", line 227, in user
    self._authenticate()
  File "D:\python_worksation\venv\Lib\site-packages\rest_framework\request.py", line 380, in _authenticate
    user_auth_tuple = authenticator.authenticate(self)
                      ^^^^^^^^^^^^^^^^^^^^^^^^^^^^^^^^
  File "D:\python_worksation\venv\Lib\site-packages\rest_framework_jwt\authentication.py", line 43, in authenticate
    user = self.authenticate_credentials(payload)
           ^^^^^^^^^^^^^^^^^^^^^^^^^^^^^^^^^^^^^^
  File "D:\python_worksation\venv\Lib\site-packages\rest_framework_jwt\authentication.py", line 59, in authenticate_credentials
    user = User.objects.get_by_natural_key(username)
           ^^^^^^^^^^^^^^^^^^^^^^^^^^^^^^^^^^^^^^^^^
  File "D:\python_worksation\venv\Lib\site-packages\django\contrib\auth\base_user.py", line 54, in get_by_natural_key
    return self.get(**{self.model.USERNAME_FIELD: username})
           ^^^^^^^^^^^^^^^^^^^^^^^^^^^^^^^^^^^^^^^^^^^^^^^^^
  File "D:\python_worksation\venv\Lib\site-packages\django\db\models\manager.py", line 87, in manager_method
    return getattr(self.get_queryset(), name)(*args, **kwargs)
           ^^^^^^^^^^^^^^^^^^^^^^^^^^^^^^^^^^^^^^^^^^^^^^^^^^^
  File "D:\python_worksation\venv\Lib\site-packages\django\db\models\query.py", line 633, in get
    num = len(clone)
          ^^^^^^^^^^
  File "D:\python_worksation\venv\Lib\site-packages\django\db\models\query.py", line 380, in __len__
    self._fetch_all()
  File "D:\python_worksation\venv\Lib\site-packages\django\db\models\query.py", line 1881, in _fetch_all
    self._result_cache = list(self._iterable_class(self))
                         ^^^^^^^^^^^^^^^^^^^^^^^^^^^^^^^^
  File "D:\python_worksation\venv\Lib\site-packages\django\db\models\query.py", line 91, in __iter__
    results = compiler.execute_sql(
              ^^^^^^^^^^^^^^^^^^^^^
  File "D:\python_worksation\venv\Lib\site-packages\django\db\models\sql\compiler.py", line 1562, in execute_sql
    cursor.execute(sql, params)
  File "D:\python_worksation\venv\Lib\site-packages\django\db\backends\utils.py", line 102, in execute
    return super().execute(sql, params)
           ^^^^^^^^^^^^^^^^^^^^^^^^^^^^
  File "D:\python_worksation\venv\Lib\site-packages\django\db\backends\utils.py", line 67, in execute
    return self._execute_with_wrappers(
           ^^^^^^^^^^^^^^^^^^^^^^^^^^^^
  File "D:\python_worksation\venv\Lib\site-packages\django\db\backends\utils.py", line 80, in _execute_with_wrappers
    return executor(sql, params, many, context)
           ^^^^^^^^^^^^^^^^^^^^^^^^^^^^^^^^^^^^
  File "D:\python_worksation\venv\Lib\site-packages\django\db\backends\utils.py", line 84, in _execute
    with self.db.wrap_database_errors:
  File "D:\python_worksation\venv\Lib\site-packages\django\db\utils.py", line 91, in __exit__
    raise dj_exc_value.with_traceback(traceback) from exc_value
  File "D:\python_worksation\venv\Lib\site-packages\django\db\backends\utils.py", line 89, in _execute
    return self.cursor.execute(sql, params)
           ^^^^^^^^^^^^^^^^^^^^^^^^^^^^^^^^
  File "D:\python_worksation\venv\Lib\site-packages\django\db\backends\mysql\base.py", line 75, in execute
    return self.cursor.execute(query, args)
           ^^^^^^^^^^^^^^^^^^^^^^^^^^^^^^^^
  File "D:\python_worksation\venv\Lib\site-packages\MySQLdb\cursors.py", line 179, in execute
    res = self._query(mogrified_query)
          ^^^^^^^^^^^^^^^^^^^^^^^^^^^^
  File "D:\python_worksation\venv\Lib\site-packages\MySQLdb\cursors.py", line 330, in _query
    db.query(q)
  File "D:\python_worksation\venv\Lib\site-packages\MySQLdb\connections.py", line 257, in query
    _mysql.connection.query(self, query)
django.db.utils.OperationalError: (1054, "Unknown column 'tb_users.default_address_id' in 'field list'")

During handling of the above exception, another exception occurred:

Traceback (most recent call last):
  File "D:\python_worksation\venv\Lib\site-packages\django\core\handlers\exception.py", line 55, in inner
    response = get_response(request)
               ^^^^^^^^^^^^^^^^^^^^^
  File "D:\python_worksation\venv\Lib\site-packages\django\core\handlers\base.py", line 197, in _get_response
    response = wrapped_callback(request, *callback_args, **callback_kwargs)
               ^^^^^^^^^^^^^^^^^^^^^^^^^^^^^^^^^^^^^^^^^^^^^^^^^^^^^^^^^^^^
  File "D:\python_worksation\venv\Lib\site-packages\django\views\decorators\csrf.py", line 56, in wrapper_view
    return view_func(*args, **kwargs)
           ^^^^^^^^^^^^^^^^^^^^^^^^^^
  File "D:\python_worksation\venv\Lib\site-packages\django\views\generic\base.py", line 104, in view
    return self.dispatch(request, *args, **kwargs)
           ^^^^^^^^^^^^^^^^^^^^^^^^^^^^^^^^^^^^^^^
  File "D:\python_worksation\venv\Lib\site-packages\rest_framework\views.py", line 509, in dispatch
    response = self.handle_exception(exc)
               ^^^^^^^^^^^^^^^^^^^^^^^^^^
  File "D:\python_worksation\venv\Lib\site-packages\rest_framework\views.py", line 466, in handle_exception
    response = exception_handler(exc, context)
               ^^^^^^^^^^^^^^^^^^^^^^^^^^^^^^^
  File "D:\senior_homework\graduation project\my_mall\utils\exceptions.py", line 25, in exception_handler
    response = Response({'message': ''}, status=status.HTTP_507_INSUFFICIENT._STORAGE)
                                                       ^^^^^^^^^^^^^^^^^^^^^^^^^^^^
AttributeError: module 'rest_framework.status' has no attribute 'HTTP_507_INSUFFICIENT'
ERROR 2024-02-29 19:31:38,890 basehttp 212 "GET /user/ HTTP/1.1" 500 218046
INFO 2024-02-29 19:31:49,153 basehttp 212 "GET /areas/ HTTP/1.1" 200 1204
WARNING 2024-02-29 19:31:49,169 log 241 Not Found: /addresses/
WARNING 2024-02-29 19:31:49,170 basehttp 212 "GET /addresses/ HTTP/1.1" 404 3443
INFO 2024-02-29 19:36:41,973 basehttp 212 "OPTIONS /authorizations/ HTTP/1.1" 200 0
ERROR 2024-02-29 19:36:41,991 exceptions 24 [<rest_framework_jwt.views.ObtainJSONWebToken object at 0x00000250E6715890>](1054, "Unknown column 'tb_users.default_address_id' in 'field list'")
ERROR 2024-02-29 19:36:42,061 log 241 Internal Server Error: /authorizations/
Traceback (most recent call last):
  File "D:\python_worksation\venv\Lib\site-packages\django\db\backends\utils.py", line 89, in _execute
    return self.cursor.execute(sql, params)
           ^^^^^^^^^^^^^^^^^^^^^^^^^^^^^^^^
  File "D:\python_worksation\venv\Lib\site-packages\django\db\backends\mysql\base.py", line 75, in execute
    return self.cursor.execute(query, args)
           ^^^^^^^^^^^^^^^^^^^^^^^^^^^^^^^^
  File "D:\python_worksation\venv\Lib\site-packages\MySQLdb\cursors.py", line 179, in execute
    res = self._query(mogrified_query)
          ^^^^^^^^^^^^^^^^^^^^^^^^^^^^
  File "D:\python_worksation\venv\Lib\site-packages\MySQLdb\cursors.py", line 330, in _query
    db.query(q)
  File "D:\python_worksation\venv\Lib\site-packages\MySQLdb\connections.py", line 257, in query
    _mysql.connection.query(self, query)
MySQLdb.OperationalError: (1054, "Unknown column 'tb_users.default_address_id' in 'field list'")

The above exception was the direct cause of the following exception:

Traceback (most recent call last):
  File "D:\python_worksation\venv\Lib\site-packages\rest_framework\views.py", line 506, in dispatch
    response = handler(request, *args, **kwargs)
               ^^^^^^^^^^^^^^^^^^^^^^^^^^^^^^^^^
  File "D:\python_worksation\venv\Lib\site-packages\rest_framework_jwt\views.py", line 57, in post
    if serializer.is_valid():
       ^^^^^^^^^^^^^^^^^^^^^
  File "D:\python_worksation\venv\Lib\site-packages\rest_framework\serializers.py", line 227, in is_valid
    self._validated_data = self.run_validation(self.initial_data)
                           ^^^^^^^^^^^^^^^^^^^^^^^^^^^^^^^^^^^^^^
  File "D:\python_worksation\venv\Lib\site-packages\rest_framework\serializers.py", line 429, in run_validation
    value = self.validate(value)
            ^^^^^^^^^^^^^^^^^^^^
  File "D:\python_worksation\venv\Lib\site-packages\rest_framework_jwt\serializers.py", line 50, in validate
    user = authenticate(**credentials)
           ^^^^^^^^^^^^^^^^^^^^^^^^^^^
  File "D:\python_worksation\venv\Lib\site-packages\django\views\decorators\debug.py", line 42, in sensitive_variables_wrapper
    return func(*func_args, **func_kwargs)
           ^^^^^^^^^^^^^^^^^^^^^^^^^^^^^^^
  File "D:\python_worksation\venv\Lib\site-packages\django\contrib\auth\__init__.py", line 77, in authenticate
    user = backend.authenticate(request, **credentials)
           ^^^^^^^^^^^^^^^^^^^^^^^^^^^^^^^^^^^^^^^^^^^^
  File "D:\senior_homework\graduation project\my_mall\apps\users\utils.py", line 36, in authenticate
    user=get_user_by_account(username)
         ^^^^^^^^^^^^^^^^^^^^^^^^^^^^^
  File "D:\senior_homework\graduation project\my_mall\apps\users\utils.py", line 25, in get_user_by_account
    user=User.objects.get(username=account)
         ^^^^^^^^^^^^^^^^^^^^^^^^^^^^^^^^^^
  File "D:\python_worksation\venv\Lib\site-packages\django\db\models\manager.py", line 87, in manager_method
    return getattr(self.get_queryset(), name)(*args, **kwargs)
           ^^^^^^^^^^^^^^^^^^^^^^^^^^^^^^^^^^^^^^^^^^^^^^^^^^^
  File "D:\python_worksation\venv\Lib\site-packages\django\db\models\query.py", line 633, in get
    num = len(clone)
          ^^^^^^^^^^
  File "D:\python_worksation\venv\Lib\site-packages\django\db\models\query.py", line 380, in __len__
    self._fetch_all()
  File "D:\python_worksation\venv\Lib\site-packages\django\db\models\query.py", line 1881, in _fetch_all
    self._result_cache = list(self._iterable_class(self))
                         ^^^^^^^^^^^^^^^^^^^^^^^^^^^^^^^^
  File "D:\python_worksation\venv\Lib\site-packages\django\db\models\query.py", line 91, in __iter__
    results = compiler.execute_sql(
              ^^^^^^^^^^^^^^^^^^^^^
  File "D:\python_worksation\venv\Lib\site-packages\django\db\models\sql\compiler.py", line 1562, in execute_sql
    cursor.execute(sql, params)
  File "D:\python_worksation\venv\Lib\site-packages\django\db\backends\utils.py", line 102, in execute
    return super().execute(sql, params)
           ^^^^^^^^^^^^^^^^^^^^^^^^^^^^
  File "D:\python_worksation\venv\Lib\site-packages\django\db\backends\utils.py", line 67, in execute
    return self._execute_with_wrappers(
           ^^^^^^^^^^^^^^^^^^^^^^^^^^^^
  File "D:\python_worksation\venv\Lib\site-packages\django\db\backends\utils.py", line 80, in _execute_with_wrappers
    return executor(sql, params, many, context)
           ^^^^^^^^^^^^^^^^^^^^^^^^^^^^^^^^^^^^
  File "D:\python_worksation\venv\Lib\site-packages\django\db\backends\utils.py", line 84, in _execute
    with self.db.wrap_database_errors:
  File "D:\python_worksation\venv\Lib\site-packages\django\db\utils.py", line 91, in __exit__
    raise dj_exc_value.with_traceback(traceback) from exc_value
  File "D:\python_worksation\venv\Lib\site-packages\django\db\backends\utils.py", line 89, in _execute
    return self.cursor.execute(sql, params)
           ^^^^^^^^^^^^^^^^^^^^^^^^^^^^^^^^
  File "D:\python_worksation\venv\Lib\site-packages\django\db\backends\mysql\base.py", line 75, in execute
    return self.cursor.execute(query, args)
           ^^^^^^^^^^^^^^^^^^^^^^^^^^^^^^^^
  File "D:\python_worksation\venv\Lib\site-packages\MySQLdb\cursors.py", line 179, in execute
    res = self._query(mogrified_query)
          ^^^^^^^^^^^^^^^^^^^^^^^^^^^^
  File "D:\python_worksation\venv\Lib\site-packages\MySQLdb\cursors.py", line 330, in _query
    db.query(q)
  File "D:\python_worksation\venv\Lib\site-packages\MySQLdb\connections.py", line 257, in query
    _mysql.connection.query(self, query)
django.db.utils.OperationalError: (1054, "Unknown column 'tb_users.default_address_id' in 'field list'")

During handling of the above exception, another exception occurred:

Traceback (most recent call last):
  File "D:\python_worksation\venv\Lib\site-packages\django\core\handlers\exception.py", line 55, in inner
    response = get_response(request)
               ^^^^^^^^^^^^^^^^^^^^^
  File "D:\python_worksation\venv\Lib\site-packages\django\core\handlers\base.py", line 197, in _get_response
    response = wrapped_callback(request, *callback_args, **callback_kwargs)
               ^^^^^^^^^^^^^^^^^^^^^^^^^^^^^^^^^^^^^^^^^^^^^^^^^^^^^^^^^^^^
  File "D:\python_worksation\venv\Lib\site-packages\django\views\decorators\csrf.py", line 56, in wrapper_view
    return view_func(*args, **kwargs)
           ^^^^^^^^^^^^^^^^^^^^^^^^^^
  File "D:\python_worksation\venv\Lib\site-packages\django\views\generic\base.py", line 104, in view
    return self.dispatch(request, *args, **kwargs)
           ^^^^^^^^^^^^^^^^^^^^^^^^^^^^^^^^^^^^^^^
  File "D:\python_worksation\venv\Lib\site-packages\rest_framework\views.py", line 509, in dispatch
    response = self.handle_exception(exc)
               ^^^^^^^^^^^^^^^^^^^^^^^^^^
  File "D:\python_worksation\venv\Lib\site-packages\rest_framework\views.py", line 466, in handle_exception
    response = exception_handler(exc, context)
               ^^^^^^^^^^^^^^^^^^^^^^^^^^^^^^^
  File "D:\senior_homework\graduation project\my_mall\utils\exceptions.py", line 25, in exception_handler
    response = Response({'message': ''}, status=status.HTTP_507_INSUFFICIENT._STORAGE)
                                                       ^^^^^^^^^^^^^^^^^^^^^^^^^^^^
AttributeError: module 'rest_framework.status' has no attribute 'HTTP_507_INSUFFICIENT'
ERROR 2024-02-29 19:36:42,070 basehttp 212 "POST /authorizations/ HTTP/1.1" 500 223819
INFO 2024-02-29 19:36:53,809 autoreload 668 Watching for file changes with StatReloader
ERROR 2024-02-29 19:36:58,571 exceptions 24 [<rest_framework_jwt.views.ObtainJSONWebToken object at 0x000001A09E46E350>](1054, "Unknown column 'tb_users.default_address_id' in 'field list'")
ERROR 2024-02-29 19:36:58,636 log 241 Internal Server Error: /authorizations/
Traceback (most recent call last):
  File "D:\python_worksation\venv\Lib\site-packages\django\db\backends\utils.py", line 89, in _execute
    return self.cursor.execute(sql, params)
           ^^^^^^^^^^^^^^^^^^^^^^^^^^^^^^^^
  File "D:\python_worksation\venv\Lib\site-packages\django\db\backends\mysql\base.py", line 75, in execute
    return self.cursor.execute(query, args)
           ^^^^^^^^^^^^^^^^^^^^^^^^^^^^^^^^
  File "D:\python_worksation\venv\Lib\site-packages\MySQLdb\cursors.py", line 179, in execute
    res = self._query(mogrified_query)
          ^^^^^^^^^^^^^^^^^^^^^^^^^^^^
  File "D:\python_worksation\venv\Lib\site-packages\MySQLdb\cursors.py", line 330, in _query
    db.query(q)
  File "D:\python_worksation\venv\Lib\site-packages\MySQLdb\connections.py", line 257, in query
    _mysql.connection.query(self, query)
MySQLdb.OperationalError: (1054, "Unknown column 'tb_users.default_address_id' in 'field list'")

The above exception was the direct cause of the following exception:

Traceback (most recent call last):
  File "D:\python_worksation\venv\Lib\site-packages\rest_framework\views.py", line 506, in dispatch
    response = handler(request, *args, **kwargs)
               ^^^^^^^^^^^^^^^^^^^^^^^^^^^^^^^^^
  File "D:\python_worksation\venv\Lib\site-packages\rest_framework_jwt\views.py", line 57, in post
    if serializer.is_valid():
       ^^^^^^^^^^^^^^^^^^^^^
  File "D:\python_worksation\venv\Lib\site-packages\rest_framework\serializers.py", line 227, in is_valid
    self._validated_data = self.run_validation(self.initial_data)
                           ^^^^^^^^^^^^^^^^^^^^^^^^^^^^^^^^^^^^^^
  File "D:\python_worksation\venv\Lib\site-packages\rest_framework\serializers.py", line 429, in run_validation
    value = self.validate(value)
            ^^^^^^^^^^^^^^^^^^^^
  File "D:\python_worksation\venv\Lib\site-packages\rest_framework_jwt\serializers.py", line 50, in validate
    user = authenticate(**credentials)
           ^^^^^^^^^^^^^^^^^^^^^^^^^^^
  File "D:\python_worksation\venv\Lib\site-packages\django\views\decorators\debug.py", line 42, in sensitive_variables_wrapper
    return func(*func_args, **func_kwargs)
           ^^^^^^^^^^^^^^^^^^^^^^^^^^^^^^^
  File "D:\python_worksation\venv\Lib\site-packages\django\contrib\auth\__init__.py", line 77, in authenticate
    user = backend.authenticate(request, **credentials)
           ^^^^^^^^^^^^^^^^^^^^^^^^^^^^^^^^^^^^^^^^^^^^
  File "D:\senior_homework\graduation project\my_mall\apps\users\utils.py", line 36, in authenticate
    user=get_user_by_account(username)
         ^^^^^^^^^^^^^^^^^^^^^^^^^^^^^
  File "D:\senior_homework\graduation project\my_mall\apps\users\utils.py", line 25, in get_user_by_account
    user=User.objects.get(username=account)
         ^^^^^^^^^^^^^^^^^^^^^^^^^^^^^^^^^^
  File "D:\python_worksation\venv\Lib\site-packages\django\db\models\manager.py", line 87, in manager_method
    return getattr(self.get_queryset(), name)(*args, **kwargs)
           ^^^^^^^^^^^^^^^^^^^^^^^^^^^^^^^^^^^^^^^^^^^^^^^^^^^
  File "D:\python_worksation\venv\Lib\site-packages\django\db\models\query.py", line 633, in get
    num = len(clone)
          ^^^^^^^^^^
  File "D:\python_worksation\venv\Lib\site-packages\django\db\models\query.py", line 380, in __len__
    self._fetch_all()
  File "D:\python_worksation\venv\Lib\site-packages\django\db\models\query.py", line 1881, in _fetch_all
    self._result_cache = list(self._iterable_class(self))
                         ^^^^^^^^^^^^^^^^^^^^^^^^^^^^^^^^
  File "D:\python_worksation\venv\Lib\site-packages\django\db\models\query.py", line 91, in __iter__
    results = compiler.execute_sql(
              ^^^^^^^^^^^^^^^^^^^^^
  File "D:\python_worksation\venv\Lib\site-packages\django\db\models\sql\compiler.py", line 1562, in execute_sql
    cursor.execute(sql, params)
  File "D:\python_worksation\venv\Lib\site-packages\django\db\backends\utils.py", line 102, in execute
    return super().execute(sql, params)
           ^^^^^^^^^^^^^^^^^^^^^^^^^^^^
  File "D:\python_worksation\venv\Lib\site-packages\django\db\backends\utils.py", line 67, in execute
    return self._execute_with_wrappers(
           ^^^^^^^^^^^^^^^^^^^^^^^^^^^^
  File "D:\python_worksation\venv\Lib\site-packages\django\db\backends\utils.py", line 80, in _execute_with_wrappers
    return executor(sql, params, many, context)
           ^^^^^^^^^^^^^^^^^^^^^^^^^^^^^^^^^^^^
  File "D:\python_worksation\venv\Lib\site-packages\django\db\backends\utils.py", line 84, in _execute
    with self.db.wrap_database_errors:
  File "D:\python_worksation\venv\Lib\site-packages\django\db\utils.py", line 91, in __exit__
    raise dj_exc_value.with_traceback(traceback) from exc_value
  File "D:\python_worksation\venv\Lib\site-packages\django\db\backends\utils.py", line 89, in _execute
    return self.cursor.execute(sql, params)
           ^^^^^^^^^^^^^^^^^^^^^^^^^^^^^^^^
  File "D:\python_worksation\venv\Lib\site-packages\django\db\backends\mysql\base.py", line 75, in execute
    return self.cursor.execute(query, args)
           ^^^^^^^^^^^^^^^^^^^^^^^^^^^^^^^^
  File "D:\python_worksation\venv\Lib\site-packages\MySQLdb\cursors.py", line 179, in execute
    res = self._query(mogrified_query)
          ^^^^^^^^^^^^^^^^^^^^^^^^^^^^
  File "D:\python_worksation\venv\Lib\site-packages\MySQLdb\cursors.py", line 330, in _query
    db.query(q)
  File "D:\python_worksation\venv\Lib\site-packages\MySQLdb\connections.py", line 257, in query
    _mysql.connection.query(self, query)
django.db.utils.OperationalError: (1054, "Unknown column 'tb_users.default_address_id' in 'field list'")

During handling of the above exception, another exception occurred:

Traceback (most recent call last):
  File "D:\python_worksation\venv\Lib\site-packages\django\core\handlers\exception.py", line 55, in inner
    response = get_response(request)
               ^^^^^^^^^^^^^^^^^^^^^
  File "D:\python_worksation\venv\Lib\site-packages\django\core\handlers\base.py", line 197, in _get_response
    response = wrapped_callback(request, *callback_args, **callback_kwargs)
               ^^^^^^^^^^^^^^^^^^^^^^^^^^^^^^^^^^^^^^^^^^^^^^^^^^^^^^^^^^^^
  File "D:\python_worksation\venv\Lib\site-packages\django\views\decorators\csrf.py", line 56, in wrapper_view
    return view_func(*args, **kwargs)
           ^^^^^^^^^^^^^^^^^^^^^^^^^^
  File "D:\python_worksation\venv\Lib\site-packages\django\views\generic\base.py", line 104, in view
    return self.dispatch(request, *args, **kwargs)
           ^^^^^^^^^^^^^^^^^^^^^^^^^^^^^^^^^^^^^^^
  File "D:\python_worksation\venv\Lib\site-packages\rest_framework\views.py", line 509, in dispatch
    response = self.handle_exception(exc)
               ^^^^^^^^^^^^^^^^^^^^^^^^^^
  File "D:\python_worksation\venv\Lib\site-packages\rest_framework\views.py", line 466, in handle_exception
    response = exception_handler(exc, context)
               ^^^^^^^^^^^^^^^^^^^^^^^^^^^^^^^
  File "D:\senior_homework\graduation project\my_mall\utils\exceptions.py", line 25, in exception_handler
    response = Response({'message': ''}, status=status.HTTP_507_INSUFFICIENT._STORAGE)
                                                       ^^^^^^^^^^^^^^^^^^^^^^^^^^^^
AttributeError: module 'rest_framework.status' has no attribute 'HTTP_507_INSUFFICIENT'
ERROR 2024-02-29 19:36:58,656 basehttp 212 "POST /authorizations/ HTTP/1.1" 500 223819
INFO 2024-02-29 19:38:15,722 basehttp 212 "OPTIONS /authorizations/ HTTP/1.1" 200 0
ERROR 2024-02-29 19:38:15,736 exceptions 24 [<rest_framework_jwt.views.ObtainJSONWebToken object at 0x000001A0A07D71D0>](1054, "Unknown column 'tb_users.default_address_id' in 'field list'")
ERROR 2024-02-29 19:38:15,776 log 241 Internal Server Error: /authorizations/
Traceback (most recent call last):
  File "D:\python_worksation\venv\Lib\site-packages\django\db\backends\utils.py", line 89, in _execute
    return self.cursor.execute(sql, params)
           ^^^^^^^^^^^^^^^^^^^^^^^^^^^^^^^^
  File "D:\python_worksation\venv\Lib\site-packages\django\db\backends\mysql\base.py", line 75, in execute
    return self.cursor.execute(query, args)
           ^^^^^^^^^^^^^^^^^^^^^^^^^^^^^^^^
  File "D:\python_worksation\venv\Lib\site-packages\MySQLdb\cursors.py", line 179, in execute
    res = self._query(mogrified_query)
          ^^^^^^^^^^^^^^^^^^^^^^^^^^^^
  File "D:\python_worksation\venv\Lib\site-packages\MySQLdb\cursors.py", line 330, in _query
    db.query(q)
  File "D:\python_worksation\venv\Lib\site-packages\MySQLdb\connections.py", line 257, in query
    _mysql.connection.query(self, query)
MySQLdb.OperationalError: (1054, "Unknown column 'tb_users.default_address_id' in 'field list'")

The above exception was the direct cause of the following exception:

Traceback (most recent call last):
  File "D:\python_worksation\venv\Lib\site-packages\rest_framework\views.py", line 506, in dispatch
    response = handler(request, *args, **kwargs)
               ^^^^^^^^^^^^^^^^^^^^^^^^^^^^^^^^^
  File "D:\python_worksation\venv\Lib\site-packages\rest_framework_jwt\views.py", line 57, in post
    if serializer.is_valid():
       ^^^^^^^^^^^^^^^^^^^^^
  File "D:\python_worksation\venv\Lib\site-packages\rest_framework\serializers.py", line 227, in is_valid
    self._validated_data = self.run_validation(self.initial_data)
                           ^^^^^^^^^^^^^^^^^^^^^^^^^^^^^^^^^^^^^^
  File "D:\python_worksation\venv\Lib\site-packages\rest_framework\serializers.py", line 429, in run_validation
    value = self.validate(value)
            ^^^^^^^^^^^^^^^^^^^^
  File "D:\python_worksation\venv\Lib\site-packages\rest_framework_jwt\serializers.py", line 50, in validate
    user = authenticate(**credentials)
           ^^^^^^^^^^^^^^^^^^^^^^^^^^^
  File "D:\python_worksation\venv\Lib\site-packages\django\views\decorators\debug.py", line 42, in sensitive_variables_wrapper
    return func(*func_args, **func_kwargs)
           ^^^^^^^^^^^^^^^^^^^^^^^^^^^^^^^
  File "D:\python_worksation\venv\Lib\site-packages\django\contrib\auth\__init__.py", line 77, in authenticate
    user = backend.authenticate(request, **credentials)
           ^^^^^^^^^^^^^^^^^^^^^^^^^^^^^^^^^^^^^^^^^^^^
  File "D:\senior_homework\graduation project\my_mall\apps\users\utils.py", line 36, in authenticate
    user=get_user_by_account(username)
         ^^^^^^^^^^^^^^^^^^^^^^^^^^^^^
  File "D:\senior_homework\graduation project\my_mall\apps\users\utils.py", line 25, in get_user_by_account
    user=User.objects.get(username=account)
         ^^^^^^^^^^^^^^^^^^^^^^^^^^^^^^^^^^
  File "D:\python_worksation\venv\Lib\site-packages\django\db\models\manager.py", line 87, in manager_method
    return getattr(self.get_queryset(), name)(*args, **kwargs)
           ^^^^^^^^^^^^^^^^^^^^^^^^^^^^^^^^^^^^^^^^^^^^^^^^^^^
  File "D:\python_worksation\venv\Lib\site-packages\django\db\models\query.py", line 633, in get
    num = len(clone)
          ^^^^^^^^^^
  File "D:\python_worksation\venv\Lib\site-packages\django\db\models\query.py", line 380, in __len__
    self._fetch_all()
  File "D:\python_worksation\venv\Lib\site-packages\django\db\models\query.py", line 1881, in _fetch_all
    self._result_cache = list(self._iterable_class(self))
                         ^^^^^^^^^^^^^^^^^^^^^^^^^^^^^^^^
  File "D:\python_worksation\venv\Lib\site-packages\django\db\models\query.py", line 91, in __iter__
    results = compiler.execute_sql(
              ^^^^^^^^^^^^^^^^^^^^^
  File "D:\python_worksation\venv\Lib\site-packages\django\db\models\sql\compiler.py", line 1562, in execute_sql
    cursor.execute(sql, params)
  File "D:\python_worksation\venv\Lib\site-packages\django\db\backends\utils.py", line 102, in execute
    return super().execute(sql, params)
           ^^^^^^^^^^^^^^^^^^^^^^^^^^^^
  File "D:\python_worksation\venv\Lib\site-packages\django\db\backends\utils.py", line 67, in execute
    return self._execute_with_wrappers(
           ^^^^^^^^^^^^^^^^^^^^^^^^^^^^
  File "D:\python_worksation\venv\Lib\site-packages\django\db\backends\utils.py", line 80, in _execute_with_wrappers
    return executor(sql, params, many, context)
           ^^^^^^^^^^^^^^^^^^^^^^^^^^^^^^^^^^^^
  File "D:\python_worksation\venv\Lib\site-packages\django\db\backends\utils.py", line 84, in _execute
    with self.db.wrap_database_errors:
  File "D:\python_worksation\venv\Lib\site-packages\django\db\utils.py", line 91, in __exit__
    raise dj_exc_value.with_traceback(traceback) from exc_value
  File "D:\python_worksation\venv\Lib\site-packages\django\db\backends\utils.py", line 89, in _execute
    return self.cursor.execute(sql, params)
           ^^^^^^^^^^^^^^^^^^^^^^^^^^^^^^^^
  File "D:\python_worksation\venv\Lib\site-packages\django\db\backends\mysql\base.py", line 75, in execute
    return self.cursor.execute(query, args)
           ^^^^^^^^^^^^^^^^^^^^^^^^^^^^^^^^
  File "D:\python_worksation\venv\Lib\site-packages\MySQLdb\cursors.py", line 179, in execute
    res = self._query(mogrified_query)
          ^^^^^^^^^^^^^^^^^^^^^^^^^^^^
  File "D:\python_worksation\venv\Lib\site-packages\MySQLdb\cursors.py", line 330, in _query
    db.query(q)
  File "D:\python_worksation\venv\Lib\site-packages\MySQLdb\connections.py", line 257, in query
    _mysql.connection.query(self, query)
django.db.utils.OperationalError: (1054, "Unknown column 'tb_users.default_address_id' in 'field list'")

During handling of the above exception, another exception occurred:

Traceback (most recent call last):
  File "D:\python_worksation\venv\Lib\site-packages\django\core\handlers\exception.py", line 55, in inner
    response = get_response(request)
               ^^^^^^^^^^^^^^^^^^^^^
  File "D:\python_worksation\venv\Lib\site-packages\django\core\handlers\base.py", line 197, in _get_response
    response = wrapped_callback(request, *callback_args, **callback_kwargs)
               ^^^^^^^^^^^^^^^^^^^^^^^^^^^^^^^^^^^^^^^^^^^^^^^^^^^^^^^^^^^^
  File "D:\python_worksation\venv\Lib\site-packages\django\views\decorators\csrf.py", line 56, in wrapper_view
    return view_func(*args, **kwargs)
           ^^^^^^^^^^^^^^^^^^^^^^^^^^
  File "D:\python_worksation\venv\Lib\site-packages\django\views\generic\base.py", line 104, in view
    return self.dispatch(request, *args, **kwargs)
           ^^^^^^^^^^^^^^^^^^^^^^^^^^^^^^^^^^^^^^^
  File "D:\python_worksation\venv\Lib\site-packages\rest_framework\views.py", line 509, in dispatch
    response = self.handle_exception(exc)
               ^^^^^^^^^^^^^^^^^^^^^^^^^^
  File "D:\python_worksation\venv\Lib\site-packages\rest_framework\views.py", line 466, in handle_exception
    response = exception_handler(exc, context)
               ^^^^^^^^^^^^^^^^^^^^^^^^^^^^^^^
  File "D:\senior_homework\graduation project\my_mall\utils\exceptions.py", line 25, in exception_handler
    response = Response({'message': ''}, status=status.HTTP_507_INSUFFICIENT._STORAGE)
                                                       ^^^^^^^^^^^^^^^^^^^^^^^^^^^^
AttributeError: module 'rest_framework.status' has no attribute 'HTTP_507_INSUFFICIENT'
ERROR 2024-02-29 19:38:15,794 basehttp 212 "POST /authorizations/ HTTP/1.1" 500 223819
ERROR 2024-02-29 19:38:39,802 exceptions 24 [<rest_framework_jwt.views.ObtainJSONWebToken object at 0x000001A0A060F590>](1054, "Unknown column 'tb_users.default_address_id' in 'field list'")
ERROR 2024-02-29 19:38:39,844 log 241 Internal Server Error: /authorizations/
Traceback (most recent call last):
  File "D:\python_worksation\venv\Lib\site-packages\django\db\backends\utils.py", line 89, in _execute
    return self.cursor.execute(sql, params)
           ^^^^^^^^^^^^^^^^^^^^^^^^^^^^^^^^
  File "D:\python_worksation\venv\Lib\site-packages\django\db\backends\mysql\base.py", line 75, in execute
    return self.cursor.execute(query, args)
           ^^^^^^^^^^^^^^^^^^^^^^^^^^^^^^^^
  File "D:\python_worksation\venv\Lib\site-packages\MySQLdb\cursors.py", line 179, in execute
    res = self._query(mogrified_query)
          ^^^^^^^^^^^^^^^^^^^^^^^^^^^^
  File "D:\python_worksation\venv\Lib\site-packages\MySQLdb\cursors.py", line 330, in _query
    db.query(q)
  File "D:\python_worksation\venv\Lib\site-packages\MySQLdb\connections.py", line 257, in query
    _mysql.connection.query(self, query)
MySQLdb.OperationalError: (1054, "Unknown column 'tb_users.default_address_id' in 'field list'")

The above exception was the direct cause of the following exception:

Traceback (most recent call last):
  File "D:\python_worksation\venv\Lib\site-packages\rest_framework\views.py", line 506, in dispatch
    response = handler(request, *args, **kwargs)
               ^^^^^^^^^^^^^^^^^^^^^^^^^^^^^^^^^
  File "D:\python_worksation\venv\Lib\site-packages\rest_framework_jwt\views.py", line 57, in post
    if serializer.is_valid():
       ^^^^^^^^^^^^^^^^^^^^^
  File "D:\python_worksation\venv\Lib\site-packages\rest_framework\serializers.py", line 227, in is_valid
    self._validated_data = self.run_validation(self.initial_data)
                           ^^^^^^^^^^^^^^^^^^^^^^^^^^^^^^^^^^^^^^
  File "D:\python_worksation\venv\Lib\site-packages\rest_framework\serializers.py", line 429, in run_validation
    value = self.validate(value)
            ^^^^^^^^^^^^^^^^^^^^
  File "D:\python_worksation\venv\Lib\site-packages\rest_framework_jwt\serializers.py", line 50, in validate
    user = authenticate(**credentials)
           ^^^^^^^^^^^^^^^^^^^^^^^^^^^
  File "D:\python_worksation\venv\Lib\site-packages\django\views\decorators\debug.py", line 42, in sensitive_variables_wrapper
    return func(*func_args, **func_kwargs)
           ^^^^^^^^^^^^^^^^^^^^^^^^^^^^^^^
  File "D:\python_worksation\venv\Lib\site-packages\django\contrib\auth\__init__.py", line 77, in authenticate
    user = backend.authenticate(request, **credentials)
           ^^^^^^^^^^^^^^^^^^^^^^^^^^^^^^^^^^^^^^^^^^^^
  File "D:\senior_homework\graduation project\my_mall\apps\users\utils.py", line 36, in authenticate
    user=get_user_by_account(username)
         ^^^^^^^^^^^^^^^^^^^^^^^^^^^^^
  File "D:\senior_homework\graduation project\my_mall\apps\users\utils.py", line 25, in get_user_by_account
    user=User.objects.get(username=account)
         ^^^^^^^^^^^^^^^^^^^^^^^^^^^^^^^^^^
  File "D:\python_worksation\venv\Lib\site-packages\django\db\models\manager.py", line 87, in manager_method
    return getattr(self.get_queryset(), name)(*args, **kwargs)
           ^^^^^^^^^^^^^^^^^^^^^^^^^^^^^^^^^^^^^^^^^^^^^^^^^^^
  File "D:\python_worksation\venv\Lib\site-packages\django\db\models\query.py", line 633, in get
    num = len(clone)
          ^^^^^^^^^^
  File "D:\python_worksation\venv\Lib\site-packages\django\db\models\query.py", line 380, in __len__
    self._fetch_all()
  File "D:\python_worksation\venv\Lib\site-packages\django\db\models\query.py", line 1881, in _fetch_all
    self._result_cache = list(self._iterable_class(self))
                         ^^^^^^^^^^^^^^^^^^^^^^^^^^^^^^^^
  File "D:\python_worksation\venv\Lib\site-packages\django\db\models\query.py", line 91, in __iter__
    results = compiler.execute_sql(
              ^^^^^^^^^^^^^^^^^^^^^
  File "D:\python_worksation\venv\Lib\site-packages\django\db\models\sql\compiler.py", line 1562, in execute_sql
    cursor.execute(sql, params)
  File "D:\python_worksation\venv\Lib\site-packages\django\db\backends\utils.py", line 102, in execute
    return super().execute(sql, params)
           ^^^^^^^^^^^^^^^^^^^^^^^^^^^^
  File "D:\python_worksation\venv\Lib\site-packages\django\db\backends\utils.py", line 67, in execute
    return self._execute_with_wrappers(
           ^^^^^^^^^^^^^^^^^^^^^^^^^^^^
  File "D:\python_worksation\venv\Lib\site-packages\django\db\backends\utils.py", line 80, in _execute_with_wrappers
    return executor(sql, params, many, context)
           ^^^^^^^^^^^^^^^^^^^^^^^^^^^^^^^^^^^^
  File "D:\python_worksation\venv\Lib\site-packages\django\db\backends\utils.py", line 84, in _execute
    with self.db.wrap_database_errors:
  File "D:\python_worksation\venv\Lib\site-packages\django\db\utils.py", line 91, in __exit__
    raise dj_exc_value.with_traceback(traceback) from exc_value
  File "D:\python_worksation\venv\Lib\site-packages\django\db\backends\utils.py", line 89, in _execute
    return self.cursor.execute(sql, params)
           ^^^^^^^^^^^^^^^^^^^^^^^^^^^^^^^^
  File "D:\python_worksation\venv\Lib\site-packages\django\db\backends\mysql\base.py", line 75, in execute
    return self.cursor.execute(query, args)
           ^^^^^^^^^^^^^^^^^^^^^^^^^^^^^^^^
  File "D:\python_worksation\venv\Lib\site-packages\MySQLdb\cursors.py", line 179, in execute
    res = self._query(mogrified_query)
          ^^^^^^^^^^^^^^^^^^^^^^^^^^^^
  File "D:\python_worksation\venv\Lib\site-packages\MySQLdb\cursors.py", line 330, in _query
    db.query(q)
  File "D:\python_worksation\venv\Lib\site-packages\MySQLdb\connections.py", line 257, in query
    _mysql.connection.query(self, query)
django.db.utils.OperationalError: (1054, "Unknown column 'tb_users.default_address_id' in 'field list'")

During handling of the above exception, another exception occurred:

Traceback (most recent call last):
  File "D:\python_worksation\venv\Lib\site-packages\django\core\handlers\exception.py", line 55, in inner
    response = get_response(request)
               ^^^^^^^^^^^^^^^^^^^^^
  File "D:\python_worksation\venv\Lib\site-packages\django\core\handlers\base.py", line 197, in _get_response
    response = wrapped_callback(request, *callback_args, **callback_kwargs)
               ^^^^^^^^^^^^^^^^^^^^^^^^^^^^^^^^^^^^^^^^^^^^^^^^^^^^^^^^^^^^
  File "D:\python_worksation\venv\Lib\site-packages\django\views\decorators\csrf.py", line 56, in wrapper_view
    return view_func(*args, **kwargs)
           ^^^^^^^^^^^^^^^^^^^^^^^^^^
  File "D:\python_worksation\venv\Lib\site-packages\django\views\generic\base.py", line 104, in view
    return self.dispatch(request, *args, **kwargs)
           ^^^^^^^^^^^^^^^^^^^^^^^^^^^^^^^^^^^^^^^
  File "D:\python_worksation\venv\Lib\site-packages\rest_framework\views.py", line 509, in dispatch
    response = self.handle_exception(exc)
               ^^^^^^^^^^^^^^^^^^^^^^^^^^
  File "D:\python_worksation\venv\Lib\site-packages\rest_framework\views.py", line 466, in handle_exception
    response = exception_handler(exc, context)
               ^^^^^^^^^^^^^^^^^^^^^^^^^^^^^^^
  File "D:\senior_homework\graduation project\my_mall\utils\exceptions.py", line 25, in exception_handler
    response = Response({'message': ''}, status=status.HTTP_507_INSUFFICIENT._STORAGE)
                                                       ^^^^^^^^^^^^^^^^^^^^^^^^^^^^
AttributeError: module 'rest_framework.status' has no attribute 'HTTP_507_INSUFFICIENT'
ERROR 2024-02-29 19:38:39,850 basehttp 212 "POST /authorizations/ HTTP/1.1" 500 223819
INFO 2024-02-29 19:43:00,170 autoreload 266 D:\senior_homework\graduation project\my_mall\apps\users\utils.py changed, reloading.
INFO 2024-02-29 19:43:01,724 autoreload 668 Watching for file changes with StatReloader
INFO 2024-02-29 19:44:18,942 autoreload 266 D:\senior_homework\graduation project\my_mall\apps\users\utils.py changed, reloading.
INFO 2024-02-29 19:44:21,490 autoreload 668 Watching for file changes with StatReloader
INFO 2024-02-29 19:44:40,684 basehttp 212 "OPTIONS /authorizations/ HTTP/1.1" 200 0
INFO 2024-02-29 19:44:41,246 basehttp 212 "POST /authorizations/ HTTP/1.1" 200 204
INFO 2024-02-29 19:46:54,247 basehttp 212 "POST /authorizations/ HTTP/1.1" 200 204
INFO 2024-02-29 19:47:17,309 basehttp 212 "OPTIONS /authorizations/ HTTP/1.1" 200 0
INFO 2024-02-29 19:47:17,817 basehttp 212 "POST /authorizations/ HTTP/1.1" 200 204
INFO 2024-02-29 19:48:15,586 basehttp 212 "POST /authorizations/ HTTP/1.1" 200 204
INFO 2024-02-29 19:48:22,809 basehttp 212 "POST /authorizations/ HTTP/1.1" 200 204
INFO 2024-02-29 19:52:02,460 basehttp 212 "POST /authorizations/ HTTP/1.1" 200 204
INFO 2024-02-29 19:52:13,883 basehttp 212 "POST /authorizations/ HTTP/1.1" 200 204
INFO 2024-02-29 19:54:33,834 basehttp 212 "OPTIONS /user/ HTTP/1.1" 200 0
INFO 2024-02-29 19:54:33,855 basehttp 212 "GET /user/ HTTP/1.1" 200 82
INFO 2024-02-29 19:54:34,044 basehttp 212 "OPTIONS /browse_histories/ HTTP/1.1" 200 0
WARNING 2024-02-29 19:54:34,269 log 241 Not Found: /browse_histories/
WARNING 2024-02-29 19:54:34,270 basehttp 212 "GET /browse_histories/ HTTP/1.1" 404 3464
INFO 2024-02-29 20:14:11,532 basehttp 212 "GET /user/ HTTP/1.1" 200 82
WARNING 2024-02-29 20:14:11,724 log 241 Not Found: /browse_histories/
WARNING 2024-02-29 20:14:11,725 basehttp 212 "GET /browse_histories/ HTTP/1.1" 404 3464
INFO 2024-02-29 20:14:18,464 basehttp 212 "GET /usernames/test1/count/ HTTP/1.1" 200 30
INFO 2024-02-29 21:10:20,991 basehttp 212 "GET /usernames/test1/count/ HTTP/1.1" 200 30
INFO 2024-02-29 21:10:26,279 basehttp 212 "GET /usernames/admin/count/ HTTP/1.1" 200 30
INFO 2024-02-29 21:10:52,195 basehttp 212 "GET /mobiles/18811111111/count/ HTTP/1.1" 200 34
INFO 2024-02-29 21:10:53,780 basehttp 212 "GET /mobiles/18811111111/count/ HTTP/1.1" 200 34
INFO 2024-02-29 21:10:53,819 views 25 261476
INFO 2024-02-29 21:10:53,942 basehttp 212 "GET /sms_codes/18811111111/ HTTP/1.1" 200 16
INFO 2024-02-29 21:11:04,893 basehttp 212 "OPTIONS /users/ HTTP/1.1" 200 0
INFO 2024-02-29 21:11:04,897 basehttp 212 "GET /usernames/admin/count/ HTTP/1.1" 200 30
INFO 2024-02-29 21:11:04,906 basehttp 212 "GET /mobiles/18811111111/count/ HTTP/1.1" 200 34
INFO 2024-02-29 21:11:05,487 basehttp 212 "POST /users/ HTTP/1.1" 201 225
INFO 2024-02-29 21:17:01,254 basehttp 212 "POST /authorizations/ HTTP/1.1" 200 204
INFO 2024-02-29 21:27:18,685 basehttp 212 "POST /authorizations/ HTTP/1.1" 200 204
INFO 2024-03-01 08:51:14,993 autoreload 266 D:\senior_homework\graduation project\my_mall\apps\users\models.py changed, reloading.
INFO 2024-03-01 08:51:17,245 autoreload 668 Watching for file changes with StatReloader
INFO 2024-03-01 08:53:36,208 autoreload 266 D:\senior_homework\graduation project\my_mall\apps\users\views.py changed, reloading.
INFO 2024-03-01 08:53:37,408 autoreload 668 Watching for file changes with StatReloader
INFO 2024-03-01 09:25:13,892 autoreload 266 D:\senior_homework\graduation project\my_mall\apps\users\views.py changed, reloading.
INFO 2024-03-01 09:25:14,980 autoreload 668 Watching for file changes with StatReloader
INFO 2024-03-01 09:27:20,078 autoreload 266 D:\senior_homework\graduation project\my_mall\apps\users\serializer.py changed, reloading.
INFO 2024-03-01 09:27:20,838 autoreload 668 Watching for file changes with StatReloader
INFO 2024-03-01 09:29:54,460 autoreload 266 D:\senior_homework\graduation project\my_mall\apps\users\serializer.py changed, reloading.
INFO 2024-03-01 09:29:55,355 autoreload 668 Watching for file changes with StatReloader
INFO 2024-03-01 09:33:23,094 autoreload 668 Watching for file changes with StatReloader
INFO 2024-03-01 09:33:29,682 basehttp 212 "OPTIONS /authorizations/ HTTP/1.1" 200 0
INFO 2024-03-01 09:33:30,217 basehttp 212 "POST /authorizations/ HTTP/1.1" 200 204
INFO 2024-03-01 09:33:33,392 basehttp 212 "OPTIONS /user/ HTTP/1.1" 200 0
INFO 2024-03-01 09:33:33,419 basehttp 212 "GET /user/ HTTP/1.1" 200 82
INFO 2024-03-01 09:33:33,489 basehttp 212 "OPTIONS /browse_histories/ HTTP/1.1" 200 0
WARNING 2024-03-01 09:33:33,718 log 241 Not Found: /browse_histories/
WARNING 2024-03-01 09:33:33,719 basehttp 212 "GET /browse_histories/ HTTP/1.1" 404 4221
INFO 2024-03-01 09:33:35,571 basehttp 212 "OPTIONS /addresses/ HTTP/1.1" 200 0
WARNING 2024-03-01 09:33:35,606 log 241 Method Not Allowed: /addresses/
WARNING 2024-03-01 09:33:35,607 basehttp 212 "GET /addresses/ HTTP/1.1" 405 40
INFO 2024-03-01 09:33:35,610 basehttp 212 "GET /areas/ HTTP/1.1" 200 1204
INFO 2024-03-01 09:33:43,765 basehttp 212 "GET /areas/130000/ HTTP/1.1" 200 464
INFO 2024-03-01 09:33:44,584 basehttp 212 "GET /areas/130400/ HTTP/1.1" 200 464
WARNING 2024-03-01 09:34:04,103 log 241 Bad Request: /addresses/
WARNING 2024-03-01 09:34:04,103 basehttp 212 "POST /addresses/ HTTP/1.1" 400 36
INFO 2024-03-01 09:35:04,666 autoreload 668 Watching for file changes with StatReloader
WARNING 2024-03-01 09:35:10,415 log 241 Bad Request: /addresses/
WARNING 2024-03-01 09:35:10,416 basehttp 212 "POST /addresses/ HTTP/1.1" 400 36
INFO 2024-03-01 09:35:59,639 autoreload 668 Watching for file changes with StatReloader
INFO 2024-03-01 09:38:27,117 basehttp 212 "GET /areas/130000/ HTTP/1.1" 200 6841
INFO 2024-03-01 09:38:27,645 basehttp 212 "GET /static/rest_framework/css/prettify.css HTTP/1.1" 200 817
INFO 2024-03-01 09:38:27,672 basehttp 212 "GET /static/rest_framework/css/default.css HTTP/1.1" 200 1152
INFO 2024-03-01 09:38:27,681 basehttp 212 "GET /static/rest_framework/js/csrf.js HTTP/1.1" 200 1719
INFO 2024-03-01 09:38:27,735 basehttp 212 "GET /static/rest_framework/css/bootstrap-tweaks.css HTTP/1.1" 200 3385
INFO 2024-03-01 09:38:27,746 basehttp 212 "GET /static/rest_framework/js/prettify-min.js HTTP/1.1" 200 13632
INFO 2024-03-01 09:38:27,748 basehttp 212 "GET /static/rest_framework/js/bootstrap.min.js HTTP/1.1" 200 39680
INFO 2024-03-01 09:38:27,757 basehttp 212 "GET /static/rest_framework/js/ajax-form.js HTTP/1.1" 200 3597
INFO 2024-03-01 09:38:27,758 basehttp 212 "GET /static/rest_framework/css/bootstrap.min.css HTTP/1.1" 200 121457
INFO 2024-03-01 09:38:27,768 basehttp 212 "GET /static/rest_framework/js/default.js HTTP/1.1" 200 1268
INFO 2024-03-01 09:38:27,788 basehttp 212 "GET /static/rest_framework/img/grid.png HTTP/1.1" 200 1458
INFO 2024-03-01 09:38:27,815 basehttp 212 "GET /static/rest_framework/js/jquery-3.5.1.min.js HTTP/1.1" 200 89476
WARNING 2024-03-01 09:49:57,833 log 241 Bad Request: /addresses/
WARNING 2024-03-01 09:49:57,839 basehttp 212 "POST /addresses/ HTTP/1.1" 400 36
WARNING 2024-03-01 09:53:20,591 log 241 Bad Request: /addresses/
WARNING 2024-03-01 09:53:20,594 basehttp 212 "POST /addresses/ HTTP/1.1" 400 36
INFO 2024-03-01 09:53:38,161 autoreload 266 D:\senior_homework\graduation project\my_mall\apps\users\serializer.py changed, reloading.
INFO 2024-03-01 09:53:40,892 autoreload 668 Watching for file changes with StatReloader
INFO 2024-03-01 09:55:17,823 autoreload 266 D:\senior_homework\graduation project\my_mall\apps\users\serializer.py changed, reloading.
INFO 2024-03-01 09:55:20,284 autoreload 668 Watching for file changes with StatReloader
INFO 2024-03-01 09:55:43,804 autoreload 266 D:\senior_homework\graduation project\my_mall\apps\users\serializer.py changed, reloading.
INFO 2024-03-01 09:55:46,303 autoreload 668 Watching for file changes with StatReloader
INFO 2024-03-01 10:01:05,850 autoreload 668 Watching for file changes with StatReloader
INFO 2024-03-01 10:01:10,084 basehttp 212 "POST /addresses/ HTTP/1.1" 201 247
INFO 2024-03-01 10:06:17,239 basehttp 212 "GET /areas/ HTTP/1.1" 200 1204
WARNING 2024-03-01 10:06:17,249 log 241 Method Not Allowed: /addresses/
WARNING 2024-03-01 10:06:17,250 basehttp 212 "GET /addresses/ HTTP/1.1" 405 40
INFO 2024-03-01 10:18:20,238 autoreload 266 D:\senior_homework\graduation project\my_mall\apps\users\views.py changed, reloading.
INFO 2024-03-01 10:18:21,774 autoreload 668 Watching for file changes with StatReloader
INFO 2024-03-01 10:19:22,915 autoreload 266 D:\senior_homework\graduation project\my_mall\apps\users\views.py changed, reloading.
INFO 2024-03-01 10:19:24,353 autoreload 668 Watching for file changes with StatReloader
INFO 2024-03-01 10:20:48,894 autoreload 266 D:\senior_homework\graduation project\my_mall\apps\users\views.py changed, reloading.
INFO 2024-03-01 10:20:50,068 autoreload 668 Watching for file changes with StatReloader
INFO 2024-03-01 10:21:22,897 autoreload 266 D:\senior_homework\graduation project\my_mall\apps\users\serializer.py changed, reloading.
INFO 2024-03-01 10:21:23,988 autoreload 668 Watching for file changes with StatReloader
INFO 2024-03-01 10:21:54,341 autoreload 266 D:\senior_homework\graduation project\my_mall\apps\users\urls.py changed, reloading.
INFO 2024-03-01 10:21:55,445 autoreload 668 Watching for file changes with StatReloader
INFO 2024-03-01 10:23:40,501 autoreload 266 D:\senior_homework\graduation project\my_mall\apps\users\serializer.py changed, reloading.
INFO 2024-03-01 10:23:41,986 autoreload 668 Watching for file changes with StatReloader
INFO 2024-03-01 10:24:18,027 autoreload 266 D:\senior_homework\graduation project\my_mall\apps\users\views.py changed, reloading.
INFO 2024-03-01 10:24:19,209 autoreload 668 Watching for file changes with StatReloader
INFO 2024-03-01 10:24:50,854 basehttp 212 "GET /areas/ HTTP/1.1" 200 1204
INFO 2024-03-01 10:24:50,861 basehttp 212 "GET /addresses/ HTTP/1.1" 200 312
INFO 2024-03-01 10:25:23,906 basehttp 212 "OPTIONS /addresses/1/title/ HTTP/1.1" 200 0
INFO 2024-03-01 10:25:23,960 basehttp 212 "PUT /addresses/1/title/ HTTP/1.1" 200 13
INFO 2024-03-01 10:25:25,287 basehttp 212 "GET /areas/ HTTP/1.1" 200 1204
INFO 2024-03-01 10:25:25,306 basehttp 212 "GET /addresses/ HTTP/1.1" 200 301
INFO 2024-03-01 10:26:18,955 autoreload 266 D:\senior_homework\graduation project\my_mall\apps\users\views.py changed, reloading.
INFO 2024-03-01 10:26:20,006 autoreload 668 Watching for file changes with StatReloader
INFO 2024-03-01 10:26:38,333 autoreload 266 D:\senior_homework\graduation project\my_mall\apps\users\views.py changed, reloading.
INFO 2024-03-01 10:26:39,150 autoreload 668 Watching for file changes with StatReloader
INFO 2024-03-01 10:26:55,213 autoreload 266 D:\senior_homework\graduation project\my_mall\apps\users\views.py changed, reloading.
INFO 2024-03-01 10:26:56,125 autoreload 668 Watching for file changes with StatReloader
INFO 2024-03-01 10:26:58,829 basehttp 212 "GET /areas/130000/ HTTP/1.1" 200 464
INFO 2024-03-01 10:26:58,830 basehttp 212 "GET /areas/130400/ HTTP/1.1" 200 464
INFO 2024-03-01 10:27:08,863 basehttp 212 "OPTIONS /addresses/1/ HTTP/1.1" 200 0
INFO 2024-03-01 10:27:08,886 basehttp 212 "PUT /addresses/1/ HTTP/1.1" 200 231
INFO 2024-03-01 10:27:10,851 basehttp 212 "GET /areas/ HTTP/1.1" 200 1204
INFO 2024-03-01 10:27:10,866 basehttp 212 "GET /addresses/ HTTP/1.1" 200 296
INFO 2024-03-01 10:29:12,678 autoreload 266 D:\senior_homework\graduation project\my_mall\apps\users\views.py changed, reloading.
INFO 2024-03-01 10:29:13,785 autoreload 668 Watching for file changes with StatReloader
INFO 2024-03-01 10:30:25,047 autoreload 266 D:\senior_homework\graduation project\my_mall\apps\users\views.py changed, reloading.
INFO 2024-03-01 10:30:25,972 autoreload 668 Watching for file changes with StatReloader
INFO 2024-03-01 10:33:56,060 basehttp 212 "GET /areas/130000/ HTTP/1.1" 200 464
INFO 2024-03-01 10:33:56,119 basehttp 212 "GET /areas/130400/ HTTP/1.1" 200 659
INFO 2024-03-01 10:34:04,772 basehttp 212 "PUT /addresses/1/ HTTP/1.1" 200 234
INFO 2024-03-01 10:35:47,840 autoreload 266 D:\senior_homework\graduation project\my_mall\apps\users\views.py changed, reloading.
INFO 2024-03-01 10:35:48,805 autoreload 668 Watching for file changes with StatReloader
INFO 2024-03-01 10:38:20,096 basehttp 212 "GET /areas/220000/ HTTP/1.1" 200 659
INFO 2024-03-01 10:38:21,099 basehttp 212 "GET /areas/130404/ HTTP/1.1" 200 659
INFO 2024-03-01 10:38:36,494 basehttp 212 "POST /addresses/ HTTP/1.1" 201 230
INFO 2024-03-01 10:38:38,355 basehttp 212 "OPTIONS /addresses/2/status/ HTTP/1.1" 200 0
INFO 2024-03-01 10:38:38,374 basehttp 212 "PUT /addresses/2/status/ HTTP/1.1" 200 16
INFO 2024-03-01 10:38:40,013 basehttp 212 "GET /areas/ HTTP/1.1" 200 1204
INFO 2024-03-01 10:38:40,020 basehttp 212 "GET /addresses/ HTTP/1.1" 200 527
INFO 2024-03-01 11:33:16,531 basehttp 212 "OPTIONS /authorizations/ HTTP/1.1" 200 0
INFO 2024-03-01 11:33:20,292 basehttp 212 "OPTIONS /authorizations/ HTTP/1.1" 200 0
INFO 2024-03-01 11:34:11,163 basehttp 212 "OPTIONS /authorizations/ HTTP/1.1" 200 0
INFO 2024-03-01 11:34:11,793 basehttp 212 "POST /authorizations/ HTTP/1.1" 200 204
INFO 2024-03-01 11:34:15,248 basehttp 212 "OPTIONS /user/ HTTP/1.1" 200 0
INFO 2024-03-01 11:34:15,289 basehttp 212 "GET /user/ HTTP/1.1" 200 82
INFO 2024-03-01 11:34:15,352 basehttp 212 "OPTIONS /browse_histories/ HTTP/1.1" 200 0
WARNING 2024-03-01 11:34:15,412 log 241 Not Found: /browse_histories/
WARNING 2024-03-01 11:34:15,413 basehttp 212 "GET /browse_histories/ HTTP/1.1" 404 5565
INFO 2024-03-01 11:40:35,639 basehttp 212 "OPTIONS /users/change_password/ HTTP/1.1" 200 0
WARNING 2024-03-01 11:40:35,653 log 241 Not Found: /users/change_password/
WARNING 2024-03-01 11:40:35,654 basehttp 212 "POST /users/change_password/ HTTP/1.1" 404 5581
INFO 2024-03-01 11:45:52,976 autoreload 266 D:\senior_homework\graduation project\my_mall\apps\users\urls.py changed, reloading.
INFO 2024-03-01 11:45:54,448 autoreload 668 Watching for file changes with StatReloader
INFO 2024-03-01 11:47:15,153 autoreload 266 D:\senior_homework\graduation project\my_mall\apps\users\views.py changed, reloading.
INFO 2024-03-01 11:47:16,356 autoreload 668 Watching for file changes with StatReloader
INFO 2024-03-01 11:50:22,797 autoreload 266 D:\senior_homework\graduation project\my_mall\apps\users\views.py changed, reloading.
INFO 2024-03-01 11:50:23,553 autoreload 668 Watching for file changes with StatReloader
INFO 2024-03-01 11:52:07,449 basehttp 212 "OPTIONS /authorizations/ HTTP/1.1" 200 0
INFO 2024-03-01 11:52:08,005 basehttp 212 "POST /authorizations/ HTTP/1.1" 200 204
INFO 2024-03-01 11:52:18,293 basehttp 212 "OPTIONS /user/ HTTP/1.1" 200 0
INFO 2024-03-01 11:52:18,314 basehttp 212 "GET /user/ HTTP/1.1" 200 82
INFO 2024-03-01 11:52:18,373 basehttp 212 "OPTIONS /browse_histories/ HTTP/1.1" 200 0
WARNING 2024-03-01 11:52:18,401 log 241 Not Found: /browse_histories/
WARNING 2024-03-01 11:52:18,402 basehttp 212 "GET /browse_histories/ HTTP/1.1" 404 5565
INFO 2024-03-01 11:53:17,826 basehttp 212 "POST /authorizations/ HTTP/1.1" 200 204
INFO 2024-03-01 11:53:20,986 basehttp 212 "GET /user/ HTTP/1.1" 200 82
WARNING 2024-03-01 11:53:21,068 log 241 Not Found: /browse_histories/
WARNING 2024-03-01 11:53:21,069 basehttp 212 "GET /browse_histories/ HTTP/1.1" 404 5565
